APPLICATION	CarMaker 10.2 - Car_Generic #1010 (win64-10.2)
COMPILED	fh@obelix.ipg 2021-10-26 11:17:58
 
FIRST_INIT	(internal default used)	2022-01-04 22:36:05
TIME	0.000
SIM_END			0s	0m
IDLE	22:36:05
SIM_START	unknown	2022-01-04 22:36:07
TIME	0.000
SIMULATE	unknown

SIM_END		unknown	1.828s	31.0677m
SIM_START	unknown	2022-01-04 22:36:12
TIME	0.000
SIMULATE	unknown

TIME	14.003
SIM_END		unknown	14s	241.898m
TIME	17.288
SIM_START	unknown	2022-01-04 22:37:00
TIME	0.000
SIMULATE	unknown

TIME	22.327
SIM_END		unknown	22.324s	435.256m
TIME	27.383
SIM_START	unknown	2022-01-04 22:38:07
TIME	0.000
SIMULATE	unknown

TIME	21.843
SIM_END		unknown	21.84s	425.299m
TIME	26.801
SIM_START	unknown	2022-01-04 22:39:22
TIME	0.000
SIMULATE	unknown

TIME	21.851
SIM_END		unknown	21.847s	425.461m
SIM_START	unknown	2022-01-04 22:39:35
TIME	0.000
SIMULATE	unknown

TIME	21.564
SIM_END		unknown	21.559s	419.021m
TIME	24.021
SIM_START	unknown	2022-01-04 22:40:05
TIME	0.000
SIMULATE	unknown

TIME	3.095
SIM_END		unknown	3.09s	53.959m
SIM_START	unknown	2022-01-04 22:40:13
TIME	0.000
SIMULATE	unknown

TIME	9.543
SIM_END		unknown	9.539s	164.501m
TIME	15.194
SIM_START	unknown	2022-01-04 22:41:20
TIME	0.000
SIMULATE	unknown

TIME	21.756
SIM_END		unknown	21.752s	423.233m
SIM_START	unknown	2022-01-04 22:41:51
TIME	0.000
SIMULATE	unknown

TIME	16.492
SIM_END		unknown	16.488s	301.73m
SIM_START	unknown	2022-01-04 22:42:10
TIME	0.000
SIMULATE	unknown

TIME	14.448
SIM_END		unknown	14.444s	251.736m
SIM_START	unknown	2022-01-04 22:42:27
TIME	0.000
SIMULATE	unknown

TIME	21.755
SIM_END		unknown	21.752s	423.233m
SIM_START	unknown	2022-01-04 22:42:59
TIME	0.000
SIMULATE	unknown

TIME	21.755
SIM_END		unknown	21.752s	423.233m
SIM_START	unknown	2022-01-04 22:43:19
TIME	0.000
SIMULATE	unknown

TIME	21.755
SIM_END		unknown	21.752s	423.233m
SIM_START	unknown	2022-01-04 22:43:41
TIME	0.000
SIMULATE	unknown

TIME	21.755
SIM_END		unknown	21.752s	423.233m
SIM_START	unknown	2022-01-04 22:44:02
TIME	0.000
SIMULATE	unknown

TIME	21.755
SIM_END		unknown	21.752s	423.233m
SIM_START	unknown	2022-01-04 22:44:35
TIME	0.000
SIMULATE	unknown

TIME	21.755
SIM_END		unknown	21.752s	423.233m
SIM_START	unknown	2022-01-04 22:44:52
TIME	0.000
SIMULATE	unknown

TIME	21.755
SIM_END		unknown	21.752s	423.233m
SIM_START	unknown	2022-01-04 22:45:17
TIME	0.000
SIMULATE	unknown

TIME	21.756
SIM_END		unknown	21.752s	423.233m
SIM_START	unknown	2022-01-04 22:45:39
TIME	0.000
SIMULATE	unknown

TIME	21.755
SIM_END		unknown	21.752s	423.233m
TIME	24.877
SIM_START	unknown	2022-01-04 22:46:22
TIME	0.000
SIMULATE	unknown

TIME	18.555
SIM_END		unknown	18.55s	352.167m
SIM_START	unknown	2022-01-04 22:46:34
TIME	0.000
SIMULATE	unknown

TIME	21.756
SIM_END		unknown	21.752s	423.233m
SIM_START	unknown	2022-01-04 22:46:52
TIME	0.000
SIMULATE	unknown

TIME	21.756
SIM_END		unknown	21.752s	423.233m
SIM_START	unknown	2022-01-04 22:47:17
TIME	0.000
SIMULATE	unknown

TIME	20.189
SIM_END		unknown	20.185s	389.043m
SIM_START	unknown	2022-01-04 22:47:34
TIME	0.000
SIMULATE	unknown

TIME	11.422
SIM_END		unknown	11.419s	193.155m
SIM_START	unknown	2022-01-04 22:48:07
TIME	0.000
SIMULATE	unknown

TIME	21.756
SIM_END		unknown	21.752s	423.233m
SIM_START	unknown	2022-01-04 22:48:36
TIME	0.000
SIMULATE	unknown

TIME	21.332
SIM_END		unknown	21.329s	414.002m
SIM_START	unknown	2022-01-04 22:48:56
TIME	0.000
SIMULATE	unknown

TIME	20.986
SIM_END		unknown	20.982s	406.051m
SIM_START	unknown	2022-01-04 22:49:13
TIME	0.000
SIMULATE	unknown

TIME	21.676
SIM_END		unknown	21.672s	421.282m
TIME	24.650
SIM_START	unknown	2022-01-04 22:50:01
TIME	0.000
SIMULATE	unknown

TIME	21.676
SIM_END		unknown	21.672s	421.282m
TIME	23.818
SIM_START	unknown	2022-01-04 22:50:32
TIME	0.000
SIMULATE	unknown

TIME	21.791
SIM_END		unknown	21.787s	424.044m
TIME	25.112
SIM_START	unknown	2022-01-04 22:51:11
TIME	0.000
SIMULATE	unknown

TIME	21.791
SIM_END		unknown	21.787s	424.044m
SIM_START	unknown	2022-01-04 22:51:26
TIME	0.000
SIMULATE	unknown

TIME	11.903
SIM_END		unknown	11.9s	201.33m
TIME	15.518
SIM_START	unknown	2022-01-04 22:52:06
TIME	0.000
SIMULATE	unknown

TIME	12.559
SIM_END		unknown	12.556s	213.107m
SIM_START	unknown	2022-01-04 22:52:26
TIME	0.000
SIMULATE	unknown

TIME	12.551
SIM_END		unknown	12.547s	212.969m
SIM_START	unknown	2022-01-04 22:52:46
TIME	0.000
SIMULATE	unknown

TIME	12.879
SIM_END		unknown	12.875s	219.152m
TIME	16.917
SIM_START	scenarioAASLO	2022-01-04 22:53:31
TIME	0.000
SIMULATE	scenarioAASLO

TIME	12.880
SIM_END		scenarioAASLO	12.875s	219.152m
TIME	16.882
SIM_START	scenarioAASLO	2022-01-04 22:54:16
TIME	0.000
SIMULATE	scenarioAASLO

TIME	12.878
SIM_END		scenarioAASLO	12.875s	219.152m
TIME	17.775
SHUTDOWN	CarMaker quick shutdown initiated

