

SYSTEM_START	-	LAPTOP-SVB8HAQT	LAPTOP-SVB8HAQT	2022-01-04 22:20:57


SYSTEM_INFO	CarMaker 10.2 - Car_Generic #1010	fh@obelix.ipg 2021-10-26 11:17:58	(10.2 fh@obelix.ipg 2021-10-26 11:17:53)
SIM	1641315057	LAPTOP-SVB8HAQT			0	0	0
SIM	1641315060	LAPTOP-SVB8HAQT	NITIN_SHARMA	unknown	0	16.9	191.266
SIM	1641315090	LAPTOP-SVB8HAQT	NITIN_SHARMA	unknown	0	16.9	191.266
SIM	1641315126	LAPTOP-SVB8HAQT	NITIN_SHARMA	unknown	0	16.9	191.266


SYSTEM_START	-	LAPTOP-SVB8HAQT	LAPTOP-SVB8HAQT	2022-01-05 18:02:31


SYSTEM_INFO	CarMaker 10.2 - Car_Generic #1010	fh@obelix.ipg 2021-10-26 11:17:58	(10.2 fh@obelix.ipg 2021-10-26 11:17:53)
SIM	1641385951	LAPTOP-SVB8HAQT			0	0	0
SIM	1641385953	LAPTOP-SVB8HAQT	NITIN_SHARMA	scenario12	0	16.9	191.266
SIM	1641386078	LAPTOP-SVB8HAQT	NITIN_SHARMA	scenario12	0	16.9	191.266
SIM	1641386236	LAPTOP-SVB8HAQT	NITIN_SHARMA	scenario12	0	16.9	191.266
SIM	1641386272	LAPTOP-SVB8HAQT	NITIN_SHARMA	scenario12	0	16.9	191.266
SIM	1641386299	LAPTOP-SVB8HAQT	NITIN_SHARMA	scenario12	0	16.9	191.266
SIM	1641386373	LAPTOP-SVB8HAQT	NITIN_SHARMA	scenario12	0	16.9	191.266
SIM	1641386453	LAPTOP-SVB8HAQT	NITIN_SHARMA	scenario12	0	16.9	191.266


SYSTEM_START	-	LAPTOP-SVB8HAQT	LAPTOP-SVB8HAQT	2022-01-05 20:39:07


SYSTEM_INFO	CarMaker 10.2 - Car_Generic #1010	fh@obelix.ipg 2021-10-26 11:17:58	(10.2 fh@obelix.ipg 2021-10-26 11:17:53)
SIM	1641395347	LAPTOP-SVB8HAQT			0	0	0
SIM	1641395349	LAPTOP-SVB8HAQT	NITIN_SHARMA	scenario12	0	16.9	191.266
SIM	1641395457	LAPTOP-SVB8HAQT	NITIN_SHARMA	scenario12	0	16.9	191.266


SYSTEM_START	-	LAPTOP-SVB8HAQT	LAPTOP-SVB8HAQT	2022-01-06 20:53:40


SYSTEM_INFO	CarMaker 10.2 - Car_Generic #1010	fh@obelix.ipg 2021-10-26 11:17:58	(10.2 fh@obelix.ipg 2021-10-26 11:17:53)
SIM	1641482620	LAPTOP-SVB8HAQT			0	0	0
SIM	1641482622	LAPTOP-SVB8HAQT	NITIN_SHARMA	scenario12	0	16.9	191.266
SIM	1641482649	LAPTOP-SVB8HAQT	NITIN_SHARMA	scenario12	0	16.9	191.266
SIM	1641482720	LAPTOP-SVB8HAQT	NITIN_SHARMA	scenario12	0	16.9	191.266


SYSTEM_START	-	LAPTOP-SVB8HAQT	LAPTOP-SVB8HAQT	2022-01-11 22:31:07


SYSTEM_INFO	CarMaker 10.2 - Car_Generic #1010	fh@obelix.ipg 2021-10-26 11:17:58	(10.2 fh@obelix.ipg 2021-10-26 11:17:53)
SIM	1641920468	LAPTOP-SVB8HAQT			0	0	0
SIM	1641920470	LAPTOP-SVB8HAQT	NITIN_SHARMA	scenario12	0	16.9	191.266
SIM	1641920920	LAPTOP-SVB8HAQT	NITIN_SHARMA	scenario12	0	16.9	191.266
SIM	1641920932	LAPTOP-SVB8HAQT	NITIN_SHARMA	scenario12	0	16.9	191.266
SIM	1641920974	LAPTOP-SVB8HAQT	NITIN_SHARMA	scenario12	0	16.9	191.266
SIM	1641921009	LAPTOP-SVB8HAQT	NITIN_SHARMA	scenario12	0	9.787	175.612
SIM	1641921022	LAPTOP-SVB8HAQT	NITIN_SHARMA	scenario12	0	16.9	191.266


SYSTEM_START	-	LAPTOP-SVB8HAQT	LAPTOP-SVB8HAQT	2022-01-21 17:29:09


SYSTEM_INFO	CarMaker 10.2 - Car_Generic #1010	fh@obelix.ipg 2021-10-26 11:17:58	(10.2 fh@obelix.ipg 2021-10-26 11:17:53)
SIM	1642766349	LAPTOP-SVB8HAQT			0	0	0
SIM	1642766356	LAPTOP-SVB8HAQT	NITIN_SHARMA	scenario12	0	16.9	191.266
SIM	1642766579	LAPTOP-SVB8HAQT	NITIN_SHARMA	scenario12	0	16.9	191.266
SIM	1642766641	LAPTOP-SVB8HAQT	NITIN_SHARMA	scenario12	0	16.9	191.266
SIM	1642766697	LAPTOP-SVB8HAQT	NITIN_SHARMA	scenario12	0	16.9	191.266
SIM	1642766744	LAPTOP-SVB8HAQT	NITIN_SHARMA	scenario12	0	16.9	191.266


SYSTEM_START	-	LAPTOP-SVB8HAQT	LAPTOP-SVB8HAQT	2022-01-22 12:05:57


SYSTEM_INFO	CarMaker 10.2 - Car_Generic #1010	fh@obelix.ipg 2021-10-26 11:17:58	(10.2 fh@obelix.ipg 2021-10-26 11:17:53)
SIM	1642833358	LAPTOP-SVB8HAQT			0	0	0
SIM	1642833360	LAPTOP-SVB8HAQT	NITIN_SHARMA	scenario12	0	16.9	191.266
SIM	1642833442	LAPTOP-SVB8HAQT	NITIN_SHARMA	scenario12	0	16.9	191.266
SIM	1642833479	LAPTOP-SVB8HAQT	NITIN_SHARMA	scenario12	0	16.9	190.279
SIM	1642833505	LAPTOP-SVB8HAQT	NITIN_SHARMA	scenario12	0	16.9	187.168
SIM	1642833534	LAPTOP-SVB8HAQT	NITIN_SHARMA	scenario12	0	16.5	182.893
SIM	1642833615	LAPTOP-SVB8HAQT	NITIN_SHARMA	scenario12	0	16.75	187.419
SIM	1642833651	LAPTOP-SVB8HAQT	NITIN_SHARMA	scenario12	0	16.75	187.419
SIM	1642833675	LAPTOP-SVB8HAQT	NITIN_SHARMA	scenario12	0	16.5	182.893
SIM	1642833699	LAPTOP-SVB8HAQT	NITIN_SHARMA	scenario12	0	13.912	185.59
SIM	1642833718	LAPTOP-SVB8HAQT	NITIN_SHARMA	scenario12	0	16.65	186.628
SIM	1642833745	LAPTOP-SVB8HAQT	NITIN_SHARMA	scenario12	0	16.7	187.526


SYSTEM_START	-	LAPTOP-SVB8HAQT	LAPTOP-SVB8HAQT	2022-01-22 13:17:08


SYSTEM_INFO	CarMaker 10.2 - Car_Generic #1010	fh@obelix.ipg 2021-10-26 11:17:58	(10.2 fh@obelix.ipg 2021-10-26 11:17:53)
SIM	1642837628	LAPTOP-SVB8HAQT			0	0	0
SIM	1642837630	LAPTOP-SVB8HAQT	NITIN_SHARMA	scenario12	0	16.7	187.526


SYSTEM_START	-	LAPTOP-SVB8HAQT	LAPTOP-SVB8HAQT	2022-01-22 13:20:00


SYSTEM_INFO	CarMaker 10.2 - Car_Generic #1010	fh@obelix.ipg 2021-10-26 11:17:58	(10.2 fh@obelix.ipg 2021-10-26 11:17:53)
SIM	1642837801	LAPTOP-SVB8HAQT			0	0	0
SIM	1642837804	LAPTOP-SVB8HAQT	NITIN_SHARMA	scenario12	0	16.9	191.12
SIM	1642837887	LAPTOP-SVB8HAQT	NITIN_SHARMA	scenario12	0	16.9	191.12
SIM	1642837954	LAPTOP-SVB8HAQT	NITIN_SHARMA	scenario12	0	16.9	191.12
SIM	1642837985	LAPTOP-SVB8HAQT	NITIN_SHARMA	scenario12	0	16.9	188.269
SIM	1642838025	LAPTOP-SVB8HAQT	NITIN_SHARMA	scenario12	0	16.9	188.269
SIM	1642838084	LAPTOP-SVB8HAQT	NITIN_SHARMA	scenario12	0	16.9	188.269
SIM	1642838115	LAPTOP-SVB8HAQT	NITIN_SHARMA	scenario12	0	16.9	188.39
SIM	1642838152	LAPTOP-SVB8HAQT	NITIN_SHARMA	scenario12	0	14.82	188.389
SIM	1642838240	LAPTOP-SVB8HAQT	NITIN_SHARMA	scenario12	0	16.9	188.39
SIM	1642838261	LAPTOP-SVB8HAQT	NITIN_SHARMA	scenario12	0	16.9	188.39
SIM	1642838307	LAPTOP-SVB8HAQT	NITIN_SHARMA	scenario12	0	16.9	188.39
SIM	1642838362	LAPTOP-SVB8HAQT	NITIN_SHARMA	scenario12	0	16.9	188.39
SIM	1642838431	LAPTOP-SVB8HAQT	NITIN_SHARMA	scenario12	0	16.9	188.39
SIM	1642839098	LAPTOP-SVB8HAQT	NITIN_SHARMA	scenario12	0	16.9	188.39
SIM	1642839151	LAPTOP-SVB8HAQT	NITIN_SHARMA	scenario12	0	16.9	188.39
SIM	1642839196	LAPTOP-SVB8HAQT	NITIN_SHARMA	scenario12	0	16.9	188.39
SIM	1642839241	LAPTOP-SVB8HAQT	NITIN_SHARMA	scenario12	0	16.9	188.39
SIM	1642839273	LAPTOP-SVB8HAQT	NITIN_SHARMA	scenario12	0	16.9	188.39
SIM	1642839310	LAPTOP-SVB8HAQT	NITIN_SHARMA	scenario12	0	16.7	184.794
SIM	1642839403	LAPTOP-SVB8HAQT	NITIN_SHARMA	scenario12	0	16.85	187.491
SIM	1642839475	LAPTOP-SVB8HAQT	NITIN_SHARMA	scenario12	0	16.85	187.491
SIM	1642839518	LAPTOP-SVB8HAQT	NITIN_SHARMA	scenario12	0	16.9	188.39
SIM	1642839548	LAPTOP-SVB8HAQT	NITIN_SHARMA	scenario12	0	3.817	68.9533
SIM	1642839555	LAPTOP-SVB8HAQT	NITIN_SHARMA	scenario12	0	13.9	188.389


SYSTEM_START	-	LAPTOP-SVB8HAQT	LAPTOP-SVB8HAQT	2022-01-22 13:56:39


SYSTEM_INFO	CarMaker 10.2 - Car_Generic #1010	fh@obelix.ipg 2021-10-26 11:17:58	(10.2 fh@obelix.ipg 2021-10-26 11:17:53)
SIM	1642839999	LAPTOP-SVB8HAQT			0	0	0
SIM	1642840001	LAPTOP-SVB8HAQT	NITIN_SHARMA	scenario12	0	16.9	188.39
SIM	1642840031	LAPTOP-SVB8HAQT	NITIN_SHARMA	scenario12	0	16.9	188.39
SIM	1642840069	LAPTOP-SVB8HAQT	NITIN_SHARMA	scenario12	0	16.9	188.39
SIM	1642840129	LAPTOP-SVB8HAQT	NITIN_SHARMA	scenario12	0	16.9	188.39
SIM	1642840720	LAPTOP-SVB8HAQT	NITIN_SHARMA	scenario12	0	16.9	188.39
SIM	1642840789	LAPTOP-SVB8HAQT	NITIN_SHARMA	scenario12	0	16.9	188.39
SIM	1642840908	LAPTOP-SVB8HAQT	NITIN_SHARMA	scenario12	0	17.9	206.338
SIM	1642840995	LAPTOP-SVB8HAQT	NITIN_SHARMA	scenario12	0	17.9	206.338
SIM	1642841047	LAPTOP-SVB8HAQT	NITIN_SHARMA	scenario12	0	17.9	206.338
SIM	1642841088	LAPTOP-SVB8HAQT	NITIN_SHARMA	scenario12	0	17.9	206.338
SIM	1642841127	LAPTOP-SVB8HAQT	NITIN_SHARMA	scenario12	0	17.9	206.338
SIM	1642841196	LAPTOP-SVB8HAQT	NITIN_SHARMA	scenario12	0	17.9	206.338
SIM	1642841231	LAPTOP-SVB8HAQT	NITIN_SHARMA	scenario12	0	15.9	206.337
SIM	1642841264	LAPTOP-SVB8HAQT	NITIN_SHARMA	scenario12	0	15.8	204.791
SIM	1642841312	LAPTOP-SVB8HAQT	NITIN_SHARMA	scenario12	0	15.8	204.791
SIM	1642841358	LAPTOP-SVB8HAQT	NITIN_SHARMA	scenario12	0	15.8	204.791
SIM	1642841386	LAPTOP-SVB8HAQT	NITIN_SHARMA	scenario12	0	15.8	207.263
SIM	1642841424	LAPTOP-SVB8HAQT	NITIN_SHARMA	scenario12	0	13.8	207.263
SIM	1642841472	LAPTOP-SVB8HAQT	NITIN_SHARMA	scenario12	0	13.8	204.79
SIM	1642841512	LAPTOP-SVB8HAQT	NITIN_SHARMA	scenario12	0	13.8	204.79
SIM	1642841661	LAPTOP-SVB8HAQT	NITIN_SHARMA	scenario12	0	11.8	203.912
SIM	1642841732	LAPTOP-SVB8HAQT	NITIN_SHARMA	scenario12	0	11.8	203.912
SIM	1642841781	LAPTOP-SVB8HAQT	NITIN_SHARMA	scenario12	0	11.8	203.912
SIM	1642841806	LAPTOP-SVB8HAQT	NITIN_SHARMA	scenario12	0	11.4	196.728
SIM	1642841832	LAPTOP-SVB8HAQT	NITIN_SHARMA	scenario12	0	13.2	194.027
SIM	1642841864	LAPTOP-SVB8HAQT	NITIN_SHARMA	scenario12	0	13.4	197.55
SIM	1642841906	LAPTOP-SVB8HAQT	NITIN_SHARMA	scenario12	0	13.4	199.817
SIM	1642841946	LAPTOP-SVB8HAQT	NITIN_SHARMA	scenario12	0	11.4	198.269
SIM	1642841974	LAPTOP-SVB8HAQT	NITIN_SHARMA	scenario12	0	12	209.047
SIM	1642842005	LAPTOP-SVB8HAQT	NITIN_SHARMA	scenario12	0	12	209.047
SIM	1642842034	LAPTOP-SVB8HAQT	NITIN_SHARMA	scenario12	0	12	209.047
SIM	1642842058	LAPTOP-SVB8HAQT	NITIN_SHARMA	scenario12	0	11.9	207.256
SIM	1642842107	LAPTOP-SVB8HAQT	NITIN_SHARMA	scenario12	0	11.9	207.256
SIM	1642842131	LAPTOP-SVB8HAQT	NITIN_SHARMA	scenario12	0	11.096	199.212
SIM	1642842187	LAPTOP-SVB8HAQT	NITIN_SHARMA	scenario12	0	11.028	198.476
SIM	1642842209	LAPTOP-SVB8HAQT	NITIN_SHARMA	scenario12	0	11.209	200.206
