

SYSTEM_START	-	LAPTOP-SLDO5406	LAPTOP-SLDO5406	2022-01-02 21:29:27


SYSTEM_INFO	CarMaker 10.1 - Car_Generic #299	fh@obelix.ipg 2021-07-20 16:42:55	(10.1 fh@obelix.ipg 2021-07-20 16:42:50)
SIM	1641139167	LAPTOP-SLDO5406			0	0	0
SIM	1641139168	LAPTOP-SLDO5406	Virender_Singh	unknown	0	44.913	525.897
SIM	1641139228	LAPTOP-SLDO5406	Virender_Singh	unknown	0	44.645	522.944
SIM	1641139358	LAPTOP-SLDO5406	Virender_Singh	unknown	0	47.131	528.382
SIM	1641139408	LAPTOP-SLDO5406	Virender_Singh	unknown	0	42.158	411.268
SIM	1641139454	LAPTOP-SLDO5406	Virender_Singh	unknown	0	48.772	524.64
SIM	1641139510	LAPTOP-SLDO5406	Virender_Singh	unknown	0	40.478	358.77
SIM	1641139554	LAPTOP-SLDO5406	Virender_Singh	unknown	0	50.391	522.509
SIM	1641139607	LAPTOP-SLDO5406	Virender_Singh	unknown	1	24.492	256.467
SIM	1641139660	LAPTOP-SLDO5406	Virender_Singh	unknown	0	47.558	525.875
SIM	1641139717	LAPTOP-SLDO5406	Virender_Singh	unknown	0	48.148	526.007
SIM	1641139746	LAPTOP-SLDO5406	Virender_Singh	unknown	1	25.468	257.142
SIM	1641139799	LAPTOP-SLDO5406	Virender_Singh	unknown	1	37.078	320.632
SIM	1641139858	LAPTOP-SLDO5406	Virender_Singh	unknown	0	48.218	528.447
SIM	1641139923	LAPTOP-SLDO5406	Virender_Singh	unknown	0	44.645	522.944
SIM	1641140020	LAPTOP-SLDO5406	Virender_Singh	unknown	0	44.645	522.944
SIM	1641140057	LAPTOP-SLDO5406	Virender_Singh	unknown	0	48.432	522.937
SIM	1641140113	LAPTOP-SLDO5406	Virender_Singh	unknown	0	46.944	528.874
SIM	1641140145	LAPTOP-SLDO5406	Virender_Singh	unknown	0	46.944	528.874
SIM	1641140188	LAPTOP-SLDO5406	Virender_Singh	unknown	0	49.42	525.272
SIM	1641140228	LAPTOP-SLDO5406	Virender_Singh	unknown	0	49.031	517.816
SIM	1641140255	LAPTOP-SLDO5406	Virender_Singh	unknown	0	46.416	525.272
SIM	1641140305	LAPTOP-SLDO5406	Virender_Singh	unknown	0	44.815	523.804
SIM	1641140351	LAPTOP-SLDO5406	Virender_Singh	unknown	0	43.887	523.796
SIM	1641140391	LAPTOP-SLDO5406	Virender_Singh	unknown	0	23.49	252.667
SIM	1641140420	LAPTOP-SLDO5406	Virender_Singh	unknown	0	24.49	255.556
SIM	1641140448	LAPTOP-SLDO5406	Virender_Singh	unknown	0	23.99	254.159


SYSTEM_START	-	LAPTOP-SLDO5406	LAPTOP-SLDO5406	2022-01-03 05:38:10


SYSTEM_INFO	CarMaker 10.1 - Car_Generic #299	fh@obelix.ipg 2021-07-20 16:42:55	(10.1 fh@obelix.ipg 2021-07-20 16:42:50)
SIM	1641168490	LAPTOP-SLDO5406			0	0	0
SIM	1641168491	LAPTOP-SLDO5406	Virender_Singh	Blocked_T	0	52.324	522.918
SIM	1641168531	LAPTOP-SLDO5406	Virender_Singh	Blocked_T	0	46.163	522.918
SIM	1641168571	LAPTOP-SLDO5406	Virender_Singh	Blocked_T	0	47.013	525.853
SIM	1641168631	LAPTOP-SLDO5406	Virender_Singh	Blocked_T	1	24.873	256.709
SIM	1641168667	LAPTOP-SLDO5406	Virender_Singh	Blocked_T	1	24.876	256.751
SIM	1641168707	LAPTOP-SLDO5406	Virender_Singh	Blocked_T	0	46.057	523.216
SIM	1641168746	LAPTOP-SLDO5406	Virender_Singh	Blocked_T	0	46.039	525.074
SIM	1641168774	LAPTOP-SLDO5406	Virender_Singh	Blocked_T	1	31.824	286.623
SIM	1641168803	LAPTOP-SLDO5406	Virender_Singh	Blocked_T	1	25.209	256.02
SIM	1641168829	LAPTOP-SLDO5406	Virender_Singh	Blocked_T	0	45.855	523.615
SIM	1641168867	LAPTOP-SLDO5406	Virender_Singh	Blocked_T	0	46.057	523.216
SIM	1641169486	LAPTOP-SLDO5406	Virender_Singh	Blocked_T	0	45.821	523.132
SIM	1641169688	LAPTOP-SLDO5406	Virender_Singh	Blocked_T	0	48.466	523.135
SIM	1641169754	LAPTOP-SLDO5406	Virender_Singh	Blocked_T	0	48.466	523.135
SIM	1641169804	LAPTOP-SLDO5406	Virender_Singh	Blocked_T	0	48.482	523.211
SIM	1641169921	LAPTOP-SLDO5406	Virender_Singh	Blocked_T	0	53.851	523.843
SIM	1641170140	LAPTOP-SLDO5406	Virender_Singh	Blocked_T	0	53.851	523.843


SYSTEM_START	-	LAPTOP-SLDO5406	LAPTOP-SLDO5406	2022-01-03 06:31:25


SYSTEM_INFO	CarMaker 10.1 - Car_Generic #299	fh@obelix.ipg 2021-07-20 16:42:55	(10.1 fh@obelix.ipg 2021-07-20 16:42:50)
SIM	1641171685	LAPTOP-SLDO5406			0	0	0
SIM	1641171687	LAPTOP-SLDO5406	Virender_Singh	Blocked_T	1	34.012	272.72
SIM	1641171733	LAPTOP-SLDO5406	Virender_Singh	Blocked_T	1	31.436	265.518
SIM	1641171769	LAPTOP-SLDO5406	Virender_Singh	Blocked_T	0	53.851	523.843
SIM	1641171806	LAPTOP-SLDO5406	Virender_Singh	Blocked_T	0	53.851	523.843
SIM	1641171846	LAPTOP-SLDO5406	Virender_Singh	Blocked_T	0	53.865	524.145
SIM	1641171889	LAPTOP-SLDO5406	Virender_Singh	Blocked_T	0	53.641	523.132
SIM	1641171933	LAPTOP-SLDO5406	Virender_Singh	Blocked_T	0	50.107	523.597
SIM	1641171965	LAPTOP-SLDO5406	Virender_Singh	Blocked_T	0	49.999	522.942
SIM	1641171999	LAPTOP-SLDO5406	Virender_Singh	Blocked_T	0	50.065	524.065
SIM	1641172036	LAPTOP-SLDO5406	Virender_Singh	Blocked_T	0	49.999	522.942
SIM	1641172079	LAPTOP-SLDO5406	Virender_Singh	Blocked_T	0	50.096	523.551
SIM	1641172111	LAPTOP-SLDO5406	Virender_Singh	Blocked_T	0	52.751	523.634
SIM	1641172177	LAPTOP-SLDO5406	Virender_Singh	Blocked_T	1	28.637	256.073
SIM	1641172205	LAPTOP-SLDO5406	Virender_Singh	Blocked_T	1	34.14	271.433
SIM	1641172268	LAPTOP-SLDO5406	Virender_Singh	Blocked_T	0	52.678	523.448
SIM	1641172307	LAPTOP-SLDO5406	Virender_Singh	Blocked_T	0	52.579	523.165
SIM	1641172353	LAPTOP-SLDO5406	Virender_Singh	Blocked_T	0	52.78	523.721
SIM	1641172389	LAPTOP-SLDO5406	Virender_Singh	Blocked_T	0	52.717	523.55
SIM	1641172790	LAPTOP-SLDO5406	Virender_Singh	Blocked_T	0	82.487	255.345
SIM	1641172839	LAPTOP-SLDO5406	Virender_Singh	Blocked_T	0	47.651	522.812
SIM	1641172942	LAPTOP-SLDO5406	Virender_Singh	Blocked_T	1	68.3	284.124
SIM	1641172992	LAPTOP-SLDO5406	Virender_Singh	Blocked_T	0	47.671	522.876
SIM	1641173104	LAPTOP-SLDO5406	Virender_Singh	Blocked_T	0	47.671	522.876


SYSTEM_START	-	LAPTOP-SLDO5406	LAPTOP-SLDO5406	2022-01-03 10:15:42


SYSTEM_INFO	CarMaker 10.1 - Car_Generic #299	fh@obelix.ipg 2021-07-20 16:42:55	(10.1 fh@obelix.ipg 2021-07-20 16:42:50)
SIM	1641185143	LAPTOP-SLDO5406			0	0	0
SIM	1641185144	LAPTOP-SLDO5406	Virender_Singh	Blocked_T	2	0	0
SIM	1641185278	LAPTOP-SLDO5406	Virender_Singh	Blocked_T	2	0	0
SIM	1641185321	LAPTOP-SLDO5406	Virender_Singh	Blocked_T	2	0	0
SIM	1641185392	LAPTOP-SLDO5406	Virender_Singh	Blocked_T	2	0	0
SIM	1641185432	LAPTOP-SLDO5406	Virender_Singh	Blocked_T	2	0	0
SIM	1641185478	LAPTOP-SLDO5406	Virender_Singh	Blocked_T	0	48.591	532.318
SIM	1641185697	LAPTOP-SLDO5406	Virender_Singh	Blocked_T	2	0	532.318
SIM	1641185748	LAPTOP-SLDO5406	Virender_Singh	Blocked_T	0	48.591	532.318
SIM	1641186017	LAPTOP-SLDO5406	Virender_Singh	Blocked_T	0	48.591	532.318
SIM	1641186096	LAPTOP-SLDO5406	Virender_Singh	Blocked_T	0	45.956	532.291


SYSTEM_START	-	LAPTOP-SLDO5406	LAPTOP-SLDO5406	2022-01-03 10:44:45


SYSTEM_INFO	CarMaker 10.1 - Car_Generic #299	fh@obelix.ipg 2021-07-20 16:42:55	(10.1 fh@obelix.ipg 2021-07-20 16:42:50)
SIM	1641186885	LAPTOP-SLDO5406			0	0	0
SIM	1641186887	LAPTOP-SLDO5406	Virender_Singh	Blocked_T	0	17.128	198.576
SIM	1641186898	LAPTOP-SLDO5406	Virender_Singh	Blocked_T	0	48.591	532.318
SIM	1641186945	LAPTOP-SLDO5406	Virender_Singh	Blocked_T	0	45.619	531.935
SIM	1641186976	LAPTOP-SLDO5406	Virender_Singh	Blocked_T	0	45.988	532.377
SIM	1641187018	LAPTOP-SLDO5406	Virender_Singh	Blocked_T	0	43.57	532.381
SIM	1641187079	LAPTOP-SLDO5406	Virender_Singh	Blocked_T	0	43.57	532.381
SIM	1641187178	LAPTOP-SLDO5406	Virender_Singh	Blocked_T	0	43.57	532.381
SIM	1641187514	LAPTOP-SLDO5406	Virender_Singh	Blocked_T	0	43.57	532.381
SIM	1641187558	LAPTOP-SLDO5406	Virender_Singh	Blocked_T	0	43.57	532.381
SIM	1641187623	LAPTOP-SLDO5406	Virender_Singh	Blocked_T	0	43.57	532.381
SIM	1641187670	LAPTOP-SLDO5406	Virender_Singh	Blocked_T	0	43.57	532.381
SIM	1641187777	LAPTOP-SLDO5406	Virender_Singh	Blocked_T	0	43.57	532.381


SYSTEM_START	-	LAPTOP-SLDO5406	LAPTOP-SLDO5406	2022-01-03 11:06:32


SYSTEM_INFO	CarMaker 10.1 - Car_Generic #299	fh@obelix.ipg 2021-07-20 16:42:55	(10.1 fh@obelix.ipg 2021-07-20 16:42:50)
SIM	1641188192	LAPTOP-SLDO5406			0	0	0
SIM	1641188193	LAPTOP-SLDO5406	Virender_Singh	Blocked_T	0	43.57	532.381


SYSTEM_START	-	LAPTOP-SLDO5406	LAPTOP-SLDO5406	2022-01-03 20:27:48


SYSTEM_INFO	CarMaker 10.1 - Car_Generic #299	fh@obelix.ipg 2021-07-20 16:42:55	(10.1 fh@obelix.ipg 2021-07-20 16:42:50)
SIM	1641221868	LAPTOP-SLDO5406			0	0	0
SIM	1641221869	LAPTOP-SLDO5406	Virender_Singh	Blocked_T	0	43.57	532.381


SYSTEM_START	-	LAPTOP-SLDO5406	LAPTOP-SLDO5406	2022-01-06 20:20:29


SYSTEM_INFO	CarMaker 10.1 - Car_Generic #299	fh@obelix.ipg 2021-07-20 16:42:55	(10.1 fh@obelix.ipg 2021-07-20 16:42:50)
SIM	1641480629	LAPTOP-SLDO5406			0	0	0
SIM	1641480630	LAPTOP-SLDO5406	Virender_Singh	Blocked_T	0	42.367	498.936
SIM	1641480727	LAPTOP-SLDO5406	Virender_Singh	Blocked_T	0	43.57	532.381
SIM	1641480844	LAPTOP-SLDO5406	Virender_Singh	Blocked_T	0	43.57	532.381
SIM	1641481055	LAPTOP-SLDO5406	Virender_Singh	Blocked_T	0	43.57	532.381
SIM	1641481287	LAPTOP-SLDO5406	Virender_Singh	Blocked_T	0	43.57	532.381
SIM	1641481338	LAPTOP-SLDO5406	Virender_Singh	Blocked_T	0	39.541	420.974
