APPLICATION	CarMaker 10.1 - Car_Generic #299 (win64-10.1)
COMPILED	fh@obelix.ipg 2021-07-20 16:42:55
 
FIRST_INIT	(internal default used)	2022-01-05 19:27:21
TIME	0.000
SIM_END			0s	0m
IDLE	19:27:22
SIM_START	unknown	2022-01-05 19:27:24
TIME	0.000
SIMULATE	unknown

TIME	29.216
SIM_END		unknown	29.213s	313.161m
TIME	37.443
SIM_START	unknown	2022-01-05 19:29:17
TIME	0.000
SIMULATE	unknown

TIME	29.796
SIM_END		unknown	29.793s	314.562m
TIME	31.907
SIM_START	unknown	2022-01-05 19:30:10
TIME	0.000
SIMULATE	unknown

TIME	29.796
SIM_END		unknown	29.793s	314.562m
TIME	32.371
SIM_START	unknown	2022-01-05 19:31:08
TIME	0.000
SIMULATE	unknown

TIME	29.796
SIM_END		unknown	29.793s	314.562m
TIME	34.281
SIM_START	unknown	2022-01-05 19:32:24
TIME	0.000
SIMULATE	unknown

TIME	29.798
SIM_END		unknown	29.794s	314.569m
TIME	164.922
SIM_START	Hill brake	2022-01-05 19:55:27
TIME	0.000
SIMULATE	Hill brake

TIME	63.628
SIM_END		Hill brake	63.624s	315.137m
TIME	85.300
SHUTDOWN	CarMaker quick shutdown initiated

