APPLICATION	CarMaker 10.1 - Car_Generic #299 (win64-10.1)
COMPILED	fh@obelix.ipg 2021-07-20 16:42:55
 
FIRST_INIT	(internal default used)	2022-01-06 17:28:03
TIME	0.000
SIM_END			0s	0m
IDLE	17:28:03
SIM_START	Hill brake	2022-01-06 17:28:05
TIME	0.000
SIMULATE	Hill brake

TIME	75.642
SIM_END		Hill brake	75.639s	319.493m
TIME	95.136
SIM_START	Hill brake	2022-01-06 17:32:39
TIME	0.000
SIMULATE	Hill brake

TIME	76.330
SIM_END		Hill brake	76.327s	242.224m
TIME	93.534
SIM_START	Hill brake	2022-01-06 17:36:50
TIME	0.000
SIMULATE	Hill brake

TIME	82.417
SIM_END		Hill brake	82.414s	251.041m
TIME	99.573
SIM_START	Hill brake	2022-01-06 17:41:09
TIME	0.000
SIMULATE	Hill brake

TIME	84.519
SIM_END		Hill brake	84.515s	247.326m
TIME	93.973
SIM_START	Hill brake	2022-01-06 17:44:10
TIME	0.000
SIMULATE	Hill brake

TIME	84.518
SIM_END		Hill brake	84.515s	247.326m
