

SYSTEM_START	-	LAPTOP-S619FPN7	LAPTOP-S619FPN7	2022-01-21 21:14:09


SYSTEM_INFO	CarMaker 10.2 - Car_Generic #1010	fh@obelix.ipg 2021-10-26 11:17:58	(10.2 fh@obelix.ipg 2021-10-26 11:17:53)
SIM	1642779849	LAPTOP-S619FPN7			0	0	0
SIM	1642779852	LAPTOP-S619FPN7	shailesh_suthar	Low_High_Beam	0	49.252	742.963
SIM	1642780005	LAPTOP-S619FPN7	shailesh_suthar	Low_High_Beam	0	49.252	742.963
SIM	1642781605	LAPTOP-S619FPN7	shailesh_suthar	Low_High_Beam	0	41.1	701.553
SIM	1642781694	LAPTOP-S619FPN7	shailesh_suthar	Low_High_Beam	0	41.1	701.553
SIM	1642781879	LAPTOP-S619FPN7	shailesh_suthar	Low_High_Beam	1	0	701.553
SIM	1642781907	LAPTOP-S619FPN7	shailesh_suthar	Low_High_Beam	1	0	0
SIM	1642783131	LAPTOP-S619FPN7	shailesh_suthar	Low_High_Beam	0	41.1	701.553
SIM	1642783252	LAPTOP-S619FPN7	shailesh_suthar	Low_High_Beam	0	41.1	701.553
SIM	1642783365	LAPTOP-S619FPN7	shailesh_suthar	Low_High_Beam	0	42	714.547
SIM	1642783616	LAPTOP-S619FPN7	shailesh_suthar	Low_High_Beam	0	42	713.49
SIM	1642783749	LAPTOP-S619FPN7	shailesh_suthar	Low_High_Beam	0	42	713.49
SIM	1642784231	LAPTOP-S619FPN7	shailesh_suthar	Low_High_Beam	0	37.632	648.559
SIM	1642784401	LAPTOP-S619FPN7	shailesh_suthar	Low_High_Beam	0	37.632	648.559
SIM	1642784545	LAPTOP-S619FPN7	shailesh_suthar	Low_High_Beam	0	37.632	648.559
SIM	1642784633	LAPTOP-S619FPN7	shailesh_suthar	Low_High_Beam	0	37.632	648.559
SIM	1642784692	LAPTOP-S619FPN7	shailesh_suthar	Low_High_Beam	0	30.716	634.136
SIM	1642784765	LAPTOP-S619FPN7	shailesh_suthar	Low_High_Beam	0	30.716	634.136
SIM	1642785172	LAPTOP-S619FPN7	shailesh_suthar	Low_High_Beam	0	30.716	634.136
SIM	1642785368	LAPTOP-S619FPN7	shailesh_suthar	Low_High_Beam	0	30.716	634.136
SIM	1642786646	LAPTOP-S619FPN7	shailesh_suthar	Low_High_Beam	0	32.802	438.446
SIM	1642786994	LAPTOP-S619FPN7	shailesh_suthar	Low_High_Beam	0	32.802	438.446
SIM	1642787108	LAPTOP-S619FPN7	shailesh_suthar	Low_High_Beam	0	32.802	438.501
SIM	1642787547	LAPTOP-S619FPN7	shailesh_suthar	Low_High_Beam	0	32.802	438.501
SIM	1642787637	LAPTOP-S619FPN7	shailesh_suthar	Low_High_Beam	0	30.802	382.438
SIM	1642787715	LAPTOP-S619FPN7	shailesh_suthar	Low_High_Beam	0	30.802	122.212
SIM	1642787820	LAPTOP-S619FPN7	shailesh_suthar	Low_High_Beam	0	52.89	579.638
SIM	1642787893	LAPTOP-S619FPN7	shailesh_suthar	Low_High_Beam	0	52.89	579.638
SIM	1642788002	LAPTOP-S619FPN7	shailesh_suthar	Low_High_Beam	0	52.89	579.638
SIM	1642788303	LAPTOP-S619FPN7	shailesh_suthar	Low_High_Beam	0	60.136	579.638
SIM	1642788451	LAPTOP-S619FPN7	shailesh_suthar	Low_High_Beam	0	53.785	403.142
SIM	1642788509	LAPTOP-S619FPN7	shailesh_suthar	Low_High_Beam	0	60.136	579.638
SIM	1642788909	LAPTOP-S619FPN7	shailesh_suthar	Low_High_Beam	0	23.782	56.0084
SIM	1642789008	LAPTOP-S619FPN7	shailesh_suthar	Low_High_Beam	0	28.975	579.643
SIM	1642789176	LAPTOP-S619FPN7	shailesh_suthar	Low_High_Beam	0	40.263	579.626
SIM	1642789224	LAPTOP-S619FPN7	shailesh_suthar	Low_High_Beam	0	26.618	350.83
SIM	1642789270	LAPTOP-S619FPN7	shailesh_suthar	Low_High_Beam	0	28.752	579.638
SIM	1642789372	LAPTOP-S619FPN7	shailesh_suthar	Low_High_Beam	0	28.752	579.638
SIM	1642789480	LAPTOP-S619FPN7	shailesh_suthar	Low_High_Beam	0	28.752	579.638
SIM	1642789521	LAPTOP-S619FPN7	shailesh_suthar	Low_High_Beam	0	28.752	579.638
SIM	1642789714	LAPTOP-S619FPN7	shailesh_suthar	Low_High_Beam	0	28.752	579.638
SIM	1642789741	LAPTOP-S619FPN7	shailesh_suthar	Low_High_Beam	0	28.752	579.638


SYSTEM_START	-	LAPTOP-S619FPN7	LAPTOP-S619FPN7	2022-01-22 09:59:16


SYSTEM_INFO	CarMaker 10.2 - Car_Generic #1010	fh@obelix.ipg 2021-10-26 11:17:58	(10.2 fh@obelix.ipg 2021-10-26 11:17:53)
SIM	1642825756	LAPTOP-S619FPN7			0	0	0
SIM	1642825759	LAPTOP-S619FPN7	shailesh_suthar	Low_High_Beam_1	0	30.002	149.782
SIM	1642825858	LAPTOP-S619FPN7	shailesh_suthar	Low_High_Beam_1	8	0	0
SIM	1642826223	LAPTOP-S619FPN7	shailesh_suthar	Low_High_Beam	0	34.101	728.219
SIM	1642827592	LAPTOP-S619FPN7	shailesh_suthar	Low_High_Beam	2	0	728.219
SIM	1642827617	LAPTOP-S619FPN7	shailesh_suthar	Low_High_Beam	2	0	0
SIM	1642827635	LAPTOP-S619FPN7	shailesh_suthar	Low_High_Beam	2	0	0
SIM	1642827643	LAPTOP-S619FPN7	shailesh_suthar	Low_High_Beam	2	0	0
SIM	1642827768	LAPTOP-S619FPN7	shailesh_suthar	Low_High_Beam	0	28.392	569.638
SIM	1642827833	LAPTOP-S619FPN7	shailesh_suthar	Low_High_Beam	2	0	569.638
SIM	1642827880	LAPTOP-S619FPN7	shailesh_suthar	Low_High_Beam	0	53.602	420.291
SIM	1642829162	LAPTOP-S619FPN7	shailesh_suthar	Low_High_Beam	0	53.602	420.291
SIM	1642829735	LAPTOP-S619FPN7	shailesh_suthar	Low_High_Beam	2	0	420.291
SIM	1642829750	LAPTOP-S619FPN7	shailesh_suthar	Low_High_Beam	2	0	0
SIM	1642829767	LAPTOP-S619FPN7	shailesh_suthar	Low_High_Beam	2	0	0
SIM	1642829798	LAPTOP-S619FPN7	shailesh_suthar	Low_High_Beam	2	0	0
SIM	1642829818	LAPTOP-S619FPN7	shailesh_suthar	Low_High_Beam	2	0	0
SIM	1642829831	LAPTOP-S619FPN7	shailesh_suthar	Low_High_Beam	2	0	0
SIM	1642829847	LAPTOP-S619FPN7	shailesh_suthar	Low_High_Beam	2	0	0
SIM	1642829873	LAPTOP-S619FPN7	shailesh_suthar	Low_High_Beam	2	0	0
SIM	1642830366	LAPTOP-S619FPN7	shailesh_suthar	Low_High_Beam	2	0	0
SIM	1642830725	LAPTOP-S619FPN7	shailesh_suthar	Low_High_Beam	0	6.958	24.4788
SIM	1642830766	LAPTOP-S619FPN7	shailesh_suthar	Low_High_Beam	0	53.602	387.59
SIM	1642830854	LAPTOP-S619FPN7	shailesh_suthar	Low_High_Beam	0	39.718	161.561
SIM	1642831157	LAPTOP-S619FPN7	shailesh_suthar	Low_High_Beam	0	48.187	264.828
SIM	1642831226	LAPTOP-S619FPN7	shailesh_suthar	Low_High_Beam	1	32.586	128.676
SIM	1642831289	LAPTOP-S619FPN7	shailesh_suthar	Low_High_Beam	0	67.002	243.39
SIM	1642831389	LAPTOP-S619FPN7	shailesh_suthar	Low_High_Beam	0	74.002	538.162
SIM	1642832069	LAPTOP-S619FPN7	shailesh_suthar	Low_High_Beam	2	0	538.162
SIM	1642832166	LAPTOP-S619FPN7	shailesh_suthar	Low_High_Beam	2	0	0
SIM	1642832202	LAPTOP-S619FPN7	shailesh_suthar	Low_High_Beam	2	0	0
SIM	1642832233	LAPTOP-S619FPN7	shailesh_suthar	Low_High_Beam	2	0	0
SIM	1642832324	LAPTOP-S619FPN7	shailesh_suthar	Low_High_Beam	2	0	0
SIM	1642832340	LAPTOP-S619FPN7	shailesh_suthar	Low_High_Beam	2	0	0
SIM	1642832355	LAPTOP-S619FPN7	shailesh_suthar	Low_High_Beam	2	0	0
SIM	1642832536	LAPTOP-S619FPN7	shailesh_suthar	Low_High_Beam	2	0	0
SIM	1642832551	LAPTOP-S619FPN7	shailesh_suthar	Low_High_Beam	2	0	0
SIM	1642832570	LAPTOP-S619FPN7	shailesh_suthar	Low_High_Beam	2	0	0
SIM	1642832821	LAPTOP-S619FPN7	shailesh_suthar	Low_High_Beam	1	20.003	61.0627
SIM	1642832914	LAPTOP-S619FPN7	shailesh_suthar	Low_High_Beam	2	0	61.0627
SIM	1642833572	LAPTOP-S619FPN7	shailesh_suthar	Low_High_Beam	0	43.999	134.448
SIM	1642833616	LAPTOP-S619FPN7	shailesh_suthar	Low_High_Beam	0	57.619	580.208
SIM	1642833672	LAPTOP-S619FPN7	shailesh_suthar	Low_High_Beam	0	40.29	185.472
SIM	1642833736	LAPTOP-S619FPN7	shailesh_suthar	Low_High_Beam	0	51.98	428.394
SIM	1642833797	LAPTOP-S619FPN7	shailesh_suthar	Low_High_Beam	0	49.392	302.016
SIM	1642833834	LAPTOP-S619FPN7	shailesh_suthar	Low_High_Beam	0	55.576	381.912
SIM	1642833873	LAPTOP-S619FPN7	shailesh_suthar	Low_High_Beam	0	68.24	580.2
SIM	1642833954	LAPTOP-S619FPN7	shailesh_suthar	Low_High_Beam	0	70.934	580.043
SIM	1642834037	LAPTOP-S619FPN7	shailesh_suthar	Low_High_Beam	0	71.58	579.988
SIM	1642834531	LAPTOP-S619FPN7	shailesh_suthar	Low_High_Beam	0	71.58	579.988
SIM	1642834647	LAPTOP-S619FPN7	shailesh_suthar	Low_High_Beam	0	71.58	579.988
SIM	1642834773	LAPTOP-S619FPN7	shailesh_suthar	Low_High_Beam	0	34.574	113.219
SIM	1642834849	LAPTOP-S619FPN7	shailesh_suthar	Low_High_Beam	0	71.58	579.988


SYSTEM_START	-	LAPTOP-S619FPN7	LAPTOP-S619FPN7	2022-01-22 13:08:38


SYSTEM_INFO	CarMaker 10.2 - Car_Generic #1010	fh@obelix.ipg 2021-10-26 11:17:58	(10.2 fh@obelix.ipg 2021-10-26 11:17:53)
SIM	1642837118	LAPTOP-S619FPN7			0	0	0
SIM	1642837119	LAPTOP-S619FPN7	shailesh_suthar	Low_High_Beam	0	92.802	261.289
SIM	1642837277	LAPTOP-S619FPN7	shailesh_suthar	Low_High_Beam	0	90.827	260.943
SIM	1642837346	LAPTOP-S619FPN7	shailesh_suthar	Low_High_Beam	0	97.802	259.675
SIM	1642837410	LAPTOP-S619FPN7	shailesh_suthar	Low_High_Beam	0	103.802	259.648
SIM	1642837485	LAPTOP-S619FPN7	shailesh_suthar	Low_High_Beam	0	103.802	259.902
SIM	1642837678	LAPTOP-S619FPN7	shailesh_suthar	Low_High_Beam	0	74.567	579.808
SIM	1642837726	LAPTOP-S619FPN7	shailesh_suthar	Low_High_Beam	0	89.802	261.391
SIM	1642837771	LAPTOP-S619FPN7	shailesh_suthar	Low_High_Beam	0	89.674	261.374
SIM	1642837804	LAPTOP-S619FPN7	shailesh_suthar	Low_High_Beam	0	95.802	261.378
SIM	1642837906	LAPTOP-S619FPN7	shailesh_suthar	Low_High_Beam	0	74.568	579.818
SIM	1642837957	LAPTOP-S619FPN7	shailesh_suthar	Low_High_Beam	0	74.568	579.834
SIM	1642838083	LAPTOP-S619FPN7	shailesh_suthar	Low_High_Beam	0	93.802	261.411
SIM	1642838121	LAPTOP-S619FPN7	shailesh_suthar	Low_High_Beam	0	77.043	579.801
