APPLICATION	CarMaker 10.2 - Car_Generic #1010 (win64-10.2)
COMPILED	fh@obelix.ipg 2021-10-26 11:17:58
 
FIRST_INIT	(internal default used)	2021-12-21 12:24:50
TIME	0.000
SIM_END			0s	0m
IDLE	12:24:50
SIM_START	unknown	2021-12-21 12:24:52
TIME	0.000
SIMULATE	unknown

TIME	41.142
SIM_END		unknown	41.139s	513.365m
TIME	57.734
SIM_START	unknown	2021-12-21 12:28:20
TIME	0.000
SIMULATE	unknown

TIME	34.207
SIM_END		unknown	34.203s	372.896m
TIME	36.728
SIM_START	unknown	2021-12-21 12:29:22
TIME	0.000
SIMULATE	unknown

TIME	30.100
SIM_END		unknown	30.096s	359.99m
SIM_START	unknown	2021-12-21 12:30:09
TIME	0.000
SIMULATE	unknown

TIME	31.012
SIM_END		unknown	31.008s	372.503m
SIM_START	unknown	2021-12-21 12:31:00
TIME	0.000
SIMULATE	unknown

TIME	33.035
SIM_END		unknown	33.031s	373.86m
SIM_START	unknown	2021-12-21 12:31:41
TIME	0.000
SIMULATE	unknown

TIME	37.952
SIM_END		unknown	37.948s	441.988m
TIME	51.824
SIM_START	unknown	2021-12-21 12:34:40
TIME	0.000
SIMULATE	unknown

TIME	35.145
SIM_END		unknown	35.142s	403.028m
TIME	53.320
SIM_START	unknown	2021-12-21 12:38:19
TIME	0.011
WARNING		ObjectSensor: observation radius is smaller than the maximum sensor range; observation radius = 150.000000m is used instead
TIME	0.000
SIMULATE	unknown

TIME	37.331
SIM_END		unknown	37.327s	433.363m
TIME	40.822
SIM_START	unknown	2021-12-21 12:39:33
TIME	0.009
WARNING		ObjectSensor: observation radius is smaller than the maximum sensor range; observation radius = 150.000000m is used instead
TIME	0.000
SIMULATE	unknown

TIME	29.028
SIM_END		unknown	29.024s	318.752m
TIME	40.809
SIM_START	unknown	2021-12-21 12:42:03
TIME	0.006
WARNING		ObjectSensor: observation radius is smaller than the maximum sensor range; observation radius = 150.000000m is used instead
TIME	0.000
SIMULATE	unknown

TIME	45.313
SIM_END		unknown	45.309s	544.226m
TIME	48.373
SIM_START	unknown	2021-12-21 12:43:21
TIME	0.011
WARNING		ObjectSensor: observation radius is smaller than the maximum sensor range; observation radius = 150.000000m is used instead
TIME	0.000
SIMULATE	unknown

TIME	63.824
SIM_END		unknown	63.82s	759.159m
TIME	70.203
SIM_START	unknown	2021-12-21 12:45:32
TIME	0.011
WARNING		ObjectSensor: observation radius is smaller than the maximum sensor range; observation radius = 150.000000m is used instead
TIME	0.000
SIMULATE	unknown

TIME	30.654
SIM_END		unknown	30.65s	299.941m
TIME	50.167
SIM_START	unknown	2021-12-21 12:49:20
TIME	0.011
WARNING		ObjectSensor: observation radius is smaller than the maximum sensor range; observation radius = 30.000000m is used instead
WARNING		ObjectSensor: observation radius is smaller than the maximum sensor range; observation radius = 30.000000m is used instead
WARNING		ObjectSensor: observation radius is smaller than the maximum sensor range; observation radius = 30.000000m is used instead
TIME	0.000
SIMULATE	unknown

TIME	35.473
SIM_END		unknown	35.469s	365.683m
TIME	184.957
SIM_START	Examples/DriverAssistance/BrakingAssist/AEB_CrossingCyclistIntersection	2021-12-21 13:36:53
TIME	0.000
SIMULATE	Examples/DriverAssistance/BrakingAssist/AEB_CrossingCyclistIntersection

TIME	25.938
SIM_END		Examples/DriverAssistance/BrakingAssist/AEB_CrossingCyclistIntersection	25.935s	194.021m
TIME	36.378
SHUTDOWN	CarMaker quick shutdown initiated

