APPLICATION	CarMaker 10.2 - Car_Generic #1010 (win64-10.2)
COMPILED	fh@obelix.ipg 2021-10-26 11:17:58
 
FIRST_INIT	(internal default used)	2021-12-22 15:15:02
TIME	0.000
SIM_END			0s	0m
IDLE	15:15:02
SIM_START	unknown	2021-12-22 15:15:05
TIME	0.000
SIMULATE	unknown

TIME	21.554
SIM_END		unknown	21.55s	225.438m
TIME	23.785
SIM_START	unknown	2021-12-22 15:15:36
TIME	0.000
SIMULATE	unknown

TIME	21.553
SIM_END		unknown	21.55s	225.438m
TIME	0.000
SIM_START	unknown	2021-12-22 15:15:58
TIME	0.000
SIMULATE	unknown

TIME	22.499
SIM_END		unknown	22.496s	225.436m
TIME	30.001
SIM_START	unknown	2021-12-22 15:17:22
TIME	0.000
SIMULATE	unknown

TIME	22.499
SIM_END		unknown	22.496s	225.436m
TIME	29.578
SIM_START	unknown	2021-12-22 15:18:43
TIME	0.000
SIMULATE	unknown

TIME	22.500
SIM_END		unknown	22.496s	225.436m
TIME	0.001
TIME	30.723
SIM_START	unknown	2021-12-22 15:20:14
TIME	0.000
SIMULATE	unknown

TIME	26.296
SIM_END		unknown	26.292s	225.417m
SIM_START	unknown	2021-12-22 15:20:37
TIME	0.000
SIMULATE	unknown

TIME	30.004
SIM_END		unknown	30s	159.229m
SIM_START	unknown	2021-12-22 15:21:03
TIME	0.000
SIMULATE	unknown

TIME	30.003
SIM_END		unknown	30s	212.638m
TIME	0.000
SIM_START	unknown	2021-12-22 15:21:32
TIME	0.000
SIMULATE	unknown

TIME	30.003
SIM_END		unknown	30s	194.847m
TIME	32.310
SIM_START	unknown	2021-12-22 15:22:06
TIME	0.000
SIMULATE	unknown

TIME	30.004
SIM_END		unknown	30s	151.394m
SIM_START	unknown	2021-12-22 15:22:35
TIME	0.000
SIMULATE	unknown

TIME	30.004
SIM_END		unknown	30s	149.107m
TIME	65.163
SIM_START	unknown	2021-12-22 15:28:38
TIME	0.000
SIMULATE	unknown

TIME	30.004
SIM_END		unknown	30s	149.107m
TIME	36.974
SIM_START	unknown	2021-12-22 15:30:12
TIME	0.000
SIMULATE	unknown

TIME	30.003
SIM_END		unknown	30s	149.107m
TIME	36.552
SIM_START	unknown	2021-12-22 15:31:29
TIME	0.000
SIMULATE	unknown

TIME	30.004
SIM_END		unknown	30s	149.107m
TIME	91.044
SIM_START	unknown	2021-12-22 15:41:52
TIME	0.000
SIMULATE	unknown

TIME	30.004
SIM_END		unknown	30s	149.107m
TIME	54.808
SIM_START	unknown	2021-12-22 15:46:18
TIME	0.000
SIMULATE	unknown

TIME	30.004
SIM_END		unknown	30s	149.107m
TIME	33.798
SIM_START	unknown	2021-12-22 15:47:09
TIME	0.000
SIMULATE	unknown

TIME	30.003
SIM_END		unknown	30s	149.107m
TIME	36.064
SIM_START	unknown	2021-12-22 15:48:22
TIME	0.000
SIMULATE	unknown

TIME	30.003
SIM_END		unknown	30s	149.107m
TIME	36.511
SIM_START	unknown	2021-12-22 15:49:40
TIME	0.000
SIMULATE	unknown

TIME	30.003
SIM_END		unknown	30s	149.107m
TIME	39.614
SIM_START	unknown	2021-12-22 15:51:28
TIME	0.000
SIMULATE	unknown

TIME	30.003
SIM_END		unknown	30s	149.107m
TIME	37.027
SIM_START	unknown	2021-12-22 15:52:51
TIME	0.000
SIMULATE	unknown

TIME	30.003
SIM_END		unknown	30s	149.107m
TIME	39.669
SIM_START	unknown	2021-12-22 15:54:40
TIME	0.000
SIMULATE	unknown

TIME	30.003
SIM_END		unknown	30s	149.107m
TIME	37.173
SIM_START	unknown	2021-12-22 15:56:04
TIME	0.000
SIMULATE	unknown

TIME	30.003
SIM_END		unknown	30s	149.107m
SIM_START	unknown	2021-12-22 15:56:18
TIME	0.000
SIMULATE	unknown

TIME	30.004
SIM_END		unknown	30s	149.107m
SIM_START	unknown	2021-12-22 15:56:34
TIME	0.000
SIMULATE	unknown

TIME	30.004
SIM_END		unknown	30s	149.107m
SIM_START	unknown	2021-12-22 15:56:51
TIME	0.000
SIMULATE	unknown

TIME	30.003
SIM_END		unknown	30s	149.107m
SIM_START	unknown	2021-12-22 15:57:11
TIME	0.000
SIMULATE	unknown

TIME	30.004
SIM_END		unknown	30s	149.107m
TIME	41.154
SIM_START	unknown	2021-12-22 15:59:14
TIME	0.000
SIMULATE	unknown

TIME	30.003
SIM_END		unknown	30s	149.107m
SIM_START	unknown	2021-12-22 15:59:37
TIME	0.000
SIMULATE	unknown

TIME	30.003
SIM_END		unknown	30s	149.107m
SIM_START	unknown	2021-12-22 15:59:59
TIME	0.000
SIMULATE	unknown

TIME	30.003
SIM_END		unknown	30s	149.107m
TIME	229.782
SHUTDOWN	CarMaker quick shutdown initiated

