APPLICATION	CarMaker 10.2 - Car_Generic #1010 (win64-10.2)
COMPILED	fh@obelix.ipg 2021-10-26 11:17:58
 
FIRST_INIT	(internal default used)	2021-12-22 19:40:40
TIME	0.000
SIM_END			0s	0m
IDLE	19:40:40
SIM_START	unknown	2021-12-22 19:40:42
TIME	0.000
SIMULATE	unknown

TIME	30.003
SIM_END		unknown	30s	366.367m
TIME	42.282
SIM_START	unknown	2021-12-22 19:42:58
TIME	0.000
SIMULATE	unknown

TIME	30.004
SIM_END		unknown	30s	366.367m
TIME	0.001
SIM_START	unknown	2021-12-22 19:43:55
TIME	0.000
SIMULATE	unknown

TIME	37.797
SIM_END		unknown	37.794s	496.294m
TIME	44.726
SIM_START	unknown	2021-12-22 19:45:28
TIME	0.000
SIMULATE	unknown

TIME	26.211
SIM_END		unknown	26.207s	303.623m
SIM_START	unknown	2021-12-22 19:45:54
TIME	0.000
SIMULATE	unknown

TIME	25.448
SIM_END		unknown	25.444s	290.925m
SIM_START	unknown	2021-12-22 19:46:17
TIME	0.000
SIMULATE	unknown

TIME	31.290
SIM_END		unknown	31.286s	387.785m
SIM_START	unknown	2021-12-22 19:46:47
TIME	0.000
SIMULATE	unknown

TIME	24.697
SIM_END		unknown	24.693s	278.388m
TIME	38.155
SIM_START	unknown	2021-12-22 19:49:15
TIME	0.012
ERROR		Can't get parameters for body sensor 'Sensor.2'
ERROR		Vehicle Sensor Assembly 2: Error initializing Body Sensor
SIM_ABORT	unknown	0s	278.388m
TIME	4.848
SIM_START	unknown	2021-12-22 19:50:04
TIME	0.000
SIMULATE	unknown

TIME	37.797
SIM_END		unknown	37.794s	496.294m
TIME	43.794
SIM_START	unknown	2021-12-22 19:51:24
TIME	0.000
SIMULATE	unknown

TIME	37.116
SIM_END		unknown	37.112s	484.928m
TIME	64.225
SIM_START	unknown	2021-12-22 19:56:16
TIME	0.000
SIMULATE	unknown

TIME	24.252
SIM_END		unknown	24.247s	262.547m
SIM_START	unknown	2021-12-22 19:56:48
TIME	0.000
SIMULATE	unknown

TIME	24.365
SIM_END		unknown	24.361s	234.763m
SIM_START	unknown	2021-12-22 19:57:15
TIME	0.000
SIMULATE	unknown

TIME	26.585
SIM_END		unknown	26.581s	219.884m
TIME	28.999
SIM_START	unknown	2021-12-22 19:57:56
TIME	0.000
SIMULATE	unknown

TIME	24.715
SIM_END		unknown	24.711s	213.996m
TIME	29.526
SIM_START	unknown	2021-12-22 19:58:59
TIME	0.000
SIMULATE	unknown

TIME	35.060
SIM_END		unknown	35.055s	335.873m
TIME	0.001
SIM_START	unknown	2021-12-22 20:00:29
TIME	0.000
SIMULATE	unknown

TIME	40.003
SIM_END		unknown	40s	396.092m
TIME	45.986
SIM_START	unknown	2021-12-22 20:01:52
TIME	0.000
SIMULATE	unknown

TIME	34.284
SIM_END		unknown	34.28s	345.494m
SIM_START	unknown	2021-12-22 20:02:16
TIME	0.000
SIMULATE	unknown

TIME	40.003
SIM_END		unknown	40s	412.227m
TIME	52.842
SIM_START	unknown	2021-12-22 20:05:07
TIME	0.081
		Current random seed value = 1640183707
TIME	0.000
SIMULATE	unknown

TIME	28.263
SIM_END		unknown	28.259s	275.249m
TIME	49.506
SIM_START	unknown	2021-12-22 20:09:11
TIME	0.000
SIMULATE	unknown

TIME	40.003
SIM_END		unknown	40s	407.733m
TIME	48.829
SHUTDOWN	CarMaker quick shutdown initiated

