APPLICATION	CarMaker 10.1 - Car_Generic #299 (win64-10.1)
COMPILED	fh@obelix.ipg 2021-07-20 16:42:55
 
FIRST_INIT	(internal default used)	2022-01-03 10:44:45
TIME	0.000
SIM_END			0s	0m
IDLE	10:44:46
SIM_START	Blocked T	2022-01-03 10:44:47
TIME	0.000
SIMULATE	Blocked T

TIME	17.133
SIM_END		Blocked T	17.128s	198.576m
SIM_START	Blocked T	2022-01-03 10:44:58
TIME	0.000
SIMULATE	Blocked T

TIME	23.603
		LaneChange in maneuver 2 ignored (rv=-2)
TIME	48.595
SIM_END		Blocked T	48.591s	532.318m
SIM_START	Blocked T	2022-01-03 10:45:45
TIME	0.000
SIMULATE	Blocked T

TIME	18.735
		LaneChange in maneuver 1 ignored (rv=5)
TIME	20.985
		LaneChange in maneuver 2 ignored (rv=-2)
TIME	45.622
SIM_END		Blocked T	45.619s	531.935m
SIM_START	Blocked T	2022-01-03 10:46:16
TIME	0.000
SIMULATE	Blocked T

TIME	20.985
		LaneChange in maneuver 2 ignored (rv=-2)
TIME	45.991
SIM_END		Blocked T	45.988s	532.377m
TIME	0.001
SIM_START	Blocked T	2022-01-03 10:46:58
TIME	0.000
SIMULATE	Blocked T

TIME	20.985
		LaneChange in maneuver 2 ignored (rv=-2)
TIME	43.573
SIM_END		Blocked T	43.57s	532.381m
TIME	47.167
SIM_START	Blocked T	2022-01-03 10:47:59
TIME	0.000
SIMULATE	Blocked T

TIME	20.985
		LaneChange in maneuver 2 ignored (rv=-2)
TIME	43.573
SIM_END		Blocked T	43.57s	532.381m
TIME	51.062
SIM_START	Blocked T	2022-01-03 10:49:38
TIME	0.000
SIMULATE	Blocked T

TIME	20.985
		LaneChange in maneuver 2 ignored (rv=-2)
TIME	43.577
SIM_END		Blocked T	43.57s	532.381m
TIME	72.997
SIM_START	Blocked T	2022-01-03 10:55:14
TIME	0.000
SIMULATE	Blocked T

TIME	20.985
		LaneChange in maneuver 2 ignored (rv=-2)
TIME	43.574
SIM_END		Blocked T	43.57s	532.381m
SIM_START	Blocked T	2022-01-03 10:55:58
TIME	0.000
SIMULATE	Blocked T

TIME	20.985
		LaneChange in maneuver 2 ignored (rv=-2)
TIME	43.573
SIM_END		Blocked T	43.57s	532.381m
TIME	47.434
SIM_START	Blocked T	2022-01-03 10:57:03
TIME	0.000
SIMULATE	Blocked T

TIME	20.985
		LaneChange in maneuver 2 ignored (rv=-2)
TIME	43.574
SIM_END		Blocked T	43.57s	532.381m
TIME	45.667
SIM_START	Blocked T	2022-01-03 10:57:50
TIME	0.000
SIMULATE	Blocked T

TIME	20.985
		LaneChange in maneuver 2 ignored (rv=-2)
TIME	43.574
SIM_END		Blocked T	43.57s	532.381m
TIME	51.544
SIM_START	Blocked T	2022-01-03 10:59:37
TIME	0.000
SIMULATE	Blocked T

TIME	20.985
		LaneChange in maneuver 2 ignored (rv=-2)
TIME	43.573
SIM_END		Blocked T	43.57s	532.381m
SHUTDOWN	CarMaker quick shutdown initiated

