

SYSTEM_START	-	LAPTOP-SVB8HAQT	LAPTOP-SVB8HAQT	2022-01-10 16:49:07


SYSTEM_INFO	CarMaker 10.2 - Car_Generic #1010	fh@obelix.ipg 2021-10-26 11:17:58	(10.2 fh@obelix.ipg 2021-10-26 11:17:53)
SIM	1641813548	LAPTOP-SVB8HAQT			0	0	0
SIM	1641813551	LAPTOP-SVB8HAQT	NITIN_SHARMA	parking2	0	46.365	163.37
SIM	1641813621	LAPTOP-SVB8HAQT	NITIN_SHARMA	parking22	0	18.365	44.7581
SIM	1641814440	LAPTOP-SVB8HAQT	NITIN_SHARMA	parking22	0	16.495	36.9855
SIM	1641814464	LAPTOP-SVB8HAQT	NITIN_SHARMA	parking22	0	28.451	86.7776
SIM	1641814519	LAPTOP-SVB8HAQT	NITIN_SHARMA	parking22	2	0	86.7776
SIM	1641814536	LAPTOP-SVB8HAQT	NITIN_SHARMA	parking22	0	28.451	86.7776
SIM	1641814580	LAPTOP-SVB8HAQT	NITIN_SHARMA	parking22	0	26.929	80.4344
SIM	1641814610	LAPTOP-SVB8HAQT	NITIN_SHARMA	parking22	0	24.857	71.7992
SIM	1641814928	LAPTOP-SVB8HAQT	NITIN_SHARMA	parking22	0	28.451	86.7776
SIM	1641814970	LAPTOP-SVB8HAQT	NITIN_SHARMA	parking22	0	28.451	86.7776
SIM	1641815034	LAPTOP-SVB8HAQT	NITIN_SHARMA	parking22	0	28.451	86.7776
SIM	1641815082	LAPTOP-SVB8HAQT	NITIN_SHARMA	parking22	0	28.519	87.0781
SIM	1641815138	LAPTOP-SVB8HAQT	NITIN_SHARMA	parking22	0	28.422	86.6607
SIM	1641815325	LAPTOP-SVB8HAQT	NITIN_SHARMA	parking22	0	28.422	86.6607
SIM	1641815396	LAPTOP-SVB8HAQT	NITIN_SHARMA	parking22	0	17.138	86.6809
SIM	1641815429	LAPTOP-SVB8HAQT	NITIN_SHARMA	parking2	0	46.365	163.37
SIM	1641815564	LAPTOP-SVB8HAQT	NITIN_SHARMA	parking2	0	46.365	163.37
SIM	1641815617	LAPTOP-SVB8HAQT	NITIN_SHARMA	parking2	0	46.315	163.313
SIM	1641815950	LAPTOP-SVB8HAQT	NITIN_SHARMA	parking2	2	0	163.313
SIM	1641815985	LAPTOP-SVB8HAQT	NITIN_SHARMA	parking2	0	46.328	152.979
SIM	1641816037	LAPTOP-SVB8HAQT	NITIN_SHARMA	parking2	0	46.365	163.37


SYSTEM_START	-	LAPTOP-SVB8HAQT	LAPTOP-SVB8HAQT	2022-01-10 19:10:08


SYSTEM_INFO	CarMaker 10.2 - Car_Generic #1010	fh@obelix.ipg 2021-10-26 11:17:58	(10.2 fh@obelix.ipg 2021-10-26 11:17:53)
SIM	1641822008	LAPTOP-SVB8HAQT			0	0	0
SIM	1641822011	LAPTOP-SVB8HAQT	NITIN_SHARMA	parking2	0	46.365	163.37


SYSTEM_START	-	LAPTOP-SVB8HAQT	LAPTOP-SVB8HAQT	2022-01-10 21:45:22


SYSTEM_INFO	CarMaker 10.2 - Car_Generic #1010	fh@obelix.ipg 2021-10-26 11:17:58	(10.2 fh@obelix.ipg 2021-10-26 11:17:53)
SIM	1641831322	LAPTOP-SVB8HAQT			0	0	0
SIM	1641831326	LAPTOP-SVB8HAQT	NITIN_SHARMA	parking2	0	46.365	163.37
SIM	1641831383	LAPTOP-SVB8HAQT	NITIN_SHARMA	parking2	0	46.381	161.949
SIM	1641831423	LAPTOP-SVB8HAQT	NITIN_SHARMA	parking2	0	46.36	162.799
SIM	1641831478	LAPTOP-SVB8HAQT	NITIN_SHARMA	parking2	0	45.244	163.992
SIM	1641831538	LAPTOP-SVB8HAQT	NITIN_SHARMA	parking2	0	45.506	163.012
SIM	1641831663	LAPTOP-SVB8HAQT	NITIN_SHARMA	parking2	0	45.506	163.012
SIM	1641831711	LAPTOP-SVB8HAQT	NITIN_SHARMA	parking2	0	45.539	156.097
SIM	1641831769	LAPTOP-SVB8HAQT	NITIN_SHARMA	parking2	0	45.506	163.012
SIM	1641831839	LAPTOP-SVB8HAQT	NITIN_SHARMA	parking2	0	45.506	163.012
SIM	1641831931	LAPTOP-SVB8HAQT	NITIN_SHARMA	parking2	0	45.506	163.012
SIM	1641831987	LAPTOP-SVB8HAQT	NITIN_SHARMA	parking2	0	45.506	163.012
SIM	1641832032	LAPTOP-SVB8HAQT	NITIN_SHARMA	parking2	0	45.506	163.012
SIM	1641832089	LAPTOP-SVB8HAQT	NITIN_SHARMA	parking2	1	24.007	151.475
SIM	1641832120	LAPTOP-SVB8HAQT	NITIN_SHARMA	parking2	0	45.506	163.012
SIM	1641832151	LAPTOP-SVB8HAQT	NITIN_SHARMA	parking2	0	45.506	163.012
SIM	1641832188	LAPTOP-SVB8HAQT	NITIN_SHARMA	parking2	0	45.506	163.012
SIM	1641832213	LAPTOP-SVB8HAQT	NITIN_SHARMA	parking2	0	45.506	163.012
SIM	1641832242	LAPTOP-SVB8HAQT	NITIN_SHARMA	parking2	0	45.506	163.012
SIM	1641832351	LAPTOP-SVB8HAQT	NITIN_SHARMA	parking2	0	45.506	163.012
SIM	1641832400	LAPTOP-SVB8HAQT	NITIN_SHARMA	parking2	0	45.506	163.012
SIM	1641832415	LAPTOP-SVB8HAQT	NITIN_SHARMA	parking2	0	45.506	163.012
SIM	1641832510	LAPTOP-SVB8HAQT	NITIN_SHARMA	parking2	0	45.506	163.012
SIM	1641832661	LAPTOP-SVB8HAQT	NITIN_SHARMA	parking2	0	45.506	163.012


SYSTEM_START	-	LAPTOP-SVB8HAQT	LAPTOP-SVB8HAQT	2022-01-10 22:19:45


SYSTEM_INFO	CarMaker 10.2 - Car_Generic #1010	fh@obelix.ipg 2021-10-26 11:17:58	(10.2 fh@obelix.ipg 2021-10-26 11:17:53)
SIM	1641833385	LAPTOP-SVB8HAQT			0	0	0
SIM	1641833388	LAPTOP-SVB8HAQT	NITIN_SHARMA	parking22	0	17.138	86.6809


SYSTEM_START	-	LAPTOP-SVB8HAQT	LAPTOP-SVB8HAQT	2022-01-11 21:48:44


SYSTEM_INFO	CarMaker 10.2 - Car_Generic #1010	fh@obelix.ipg 2021-10-26 11:17:58	(10.2 fh@obelix.ipg 2021-10-26 11:17:53)
SIM	1641917924	LAPTOP-SVB8HAQT			0	0	0
SIM	1641917927	LAPTOP-SVB8HAQT	NITIN_SHARMA	parking2	0	45.506	163.012
SIM	1641918732	LAPTOP-SVB8HAQT	NITIN_SHARMA	parking22	0	17.138	86.6809
SIM	1641918795	LAPTOP-SVB8HAQT	NITIN_SHARMA	parking22	0	17.138	86.6809


SYSTEM_START	-	LAPTOP-SVB8HAQT	LAPTOP-SVB8HAQT	2022-01-11 22:14:35


SYSTEM_INFO	CarMaker 10.2 - Car_Generic #1010	fh@obelix.ipg 2021-10-26 11:17:58	(10.2 fh@obelix.ipg 2021-10-26 11:17:53)
SIM	1641919476	LAPTOP-SVB8HAQT			0	0	0
SIM	1641919479	LAPTOP-SVB8HAQT	NITIN_SHARMA	parking22	0	12.721	33.4988
SIM	1641919507	LAPTOP-SVB8HAQT	NITIN_SHARMA	parking22	0	17.138	86.6809
