

SYSTEM_START	-	LAPTOP-S619FPN7	LAPTOP-S619FPN7	2021-12-28 15:06:11


SYSTEM_INFO	CarMaker 10.2 - Car_Generic #1010	fh@obelix.ipg 2021-10-26 11:17:58	(10.2 fh@obelix.ipg 2021-10-26 11:17:53)
SIM	1640684171	LAPTOP-S619FPN7			0	0	0
SIM	1640684174	LAPTOP-S619FPN7	shailesh_suthar	unknown	0	25.329	495.58
SIM	1640684191	LAPTOP-S619FPN7	shailesh_suthar	unknown	0	25.329	495.58
SIM	1640684287	LAPTOP-S619FPN7	shailesh_suthar	unknown	0	37.002	435.245
SIM	1640684332	LAPTOP-S619FPN7	shailesh_suthar	unknown	0	37.002	435.245
SIM	1640684394	LAPTOP-S619FPN7	shailesh_suthar	unknown	0	47.384	496.062
SIM	1640685282	LAPTOP-S619FPN7	shailesh_suthar	unknown	0	52.002	560.201
SIM	1640685306	LAPTOP-S619FPN7	shailesh_suthar	unknown	0	52.002	560.201


SYSTEM_START	-	LAPTOP-S619FPN7	LAPTOP-S619FPN7	2021-12-28 15:28:50


SYSTEM_INFO	CarMaker 10.2 - Car_Generic #1010	fh@obelix.ipg 2021-10-26 11:17:58	(10.2 fh@obelix.ipg 2021-10-26 11:17:53)
SIM	1640685531	LAPTOP-S619FPN7			0	0	0
SIM	1640685534	LAPTOP-S619FPN7	shailesh_suthar	senario_3	0	35.487	765.685
SIM	1640685566	LAPTOP-S619FPN7	shailesh_suthar	senario_3	0	5.487	20.0315
SIM	1640685590	LAPTOP-S619FPN7	shailesh_suthar	senario_3	0	5.487	20.0315
SIM	1640685606	LAPTOP-S619FPN7	shailesh_suthar	senario_3	0	35.487	765.685
SIM	1640685636	LAPTOP-S619FPN7	shailesh_suthar	senario_3	0	35.487	765.666
SIM	1640685995	LAPTOP-S619FPN7	shailesh_suthar	senario_3	0	35.487	765.666
SIM	1640686119	LAPTOP-S619FPN7	shailesh_suthar	senario_3	0	35.487	765.666
SIM	1640686149	LAPTOP-S619FPN7	shailesh_suthar	senario_3	0	35.487	765.666
SIM	1640686783	LAPTOP-S619FPN7	shailesh_suthar	senario_3	0	31.224	820.928
SIM	1640686886	LAPTOP-S619FPN7	shailesh_suthar	senario_3	0	16.74	419.155
SIM	1640686964	LAPTOP-S619FPN7	shailesh_suthar	senario_3	0	31.224	821.03
SIM	1640687629	LAPTOP-S619FPN7	shailesh_suthar	senario_3	0	24.067	456.574
SIM	1640687656	LAPTOP-S619FPN7	shailesh_suthar	senario_3	0	22.077	401.338
SIM	1640687705	LAPTOP-S619FPN7	shailesh_suthar	senario_3	0	36.376	797.646
SIM	1640687873	LAPTOP-S619FPN7	shailesh_suthar	senario_3	0	23.472	440.041
SIM	1640689933	LAPTOP-S619FPN7	shailesh_suthar	senario_3	0	21.294	380.69
SIM	1640689974	LAPTOP-S619FPN7	shailesh_suthar	senario_3	0	26.486	538.274
SIM	1640690658	LAPTOP-S619FPN7	shailesh_suthar	senario_3	0	30	139.703
SIM	1640690745	LAPTOP-S619FPN7	shailesh_suthar	senario_3	0	26.22	139.703


SYSTEM_START	-	LAPTOP-S619FPN7	LAPTOP-S619FPN7	2021-12-28 17:10:41


SYSTEM_INFO	CarMaker 10.2 - Car_Generic #1010	fh@obelix.ipg 2021-10-26 11:17:58	(10.2 fh@obelix.ipg 2021-10-26 11:17:53)
SIM	1640691641	LAPTOP-S619FPN7			0	0	0
SIM	1640691644	LAPTOP-S619FPN7	shailesh_suthar	unknown	0	30	253.762
SIM	1640691687	LAPTOP-S619FPN7	shailesh_suthar	unknown	0	50	301.607
SIM	1640691761	LAPTOP-S619FPN7	shailesh_suthar	unknown	0	50	460.383
SIM	1640691801	LAPTOP-S619FPN7	shailesh_suthar	unknown	0	36.634	321.07
SIM	1640691826	LAPTOP-S619FPN7	shailesh_suthar	unknown	0	50	479.707
SIM	1640692666	LAPTOP-S619FPN7	shailesh_suthar	unknown	0	50	479.702
SIM	1640692751	LAPTOP-S619FPN7	shailesh_suthar	unknown	0	50	479.702
SIM	1640692859	LAPTOP-S619FPN7	shailesh_suthar	unknown	0	50	479.702
SIM	1640692895	LAPTOP-S619FPN7	shailesh_suthar	unknown	0	46.607	441.06
SIM	1640692931	LAPTOP-S619FPN7	shailesh_suthar	unknown	0	50	479.702
SIM	1640692962	LAPTOP-S619FPN7	shailesh_suthar	unknown	0	50	479.702
SIM	1640693088	LAPTOP-S619FPN7	shailesh_suthar	unknown	0	50	479.702
SIM	1640693775	LAPTOP-S619FPN7	shailesh_suthar	unknown	0	50	479.702
SIM	1640693856	LAPTOP-S619FPN7	shailesh_suthar	unknown	0	50	479.702
SIM	1640693924	LAPTOP-S619FPN7	shailesh_suthar	unknown	0	50	479.702
SIM	1640696907	LAPTOP-S619FPN7	shailesh_suthar	unknown	0	50	462.697
SIM	1640696941	LAPTOP-S619FPN7	shailesh_suthar	unknown	0	50	462.697


SYSTEM_START	-	LAPTOP-S619FPN7	LAPTOP-S619FPN7	2022-01-14 15:52:12


SYSTEM_INFO	CarMaker 10.2 - Car_Generic #1010	fh@obelix.ipg 2021-10-26 11:17:58	(10.2 fh@obelix.ipg 2021-10-26 11:17:53)
SIM	1642155732	LAPTOP-S619FPN7			0	0	0
SIM	1642155734	LAPTOP-S619FPN7	shailesh_suthar	senario_3	0	15.99	104.007
SIM	1642156394	LAPTOP-S619FPN7	shailesh_suthar	senario_3	0	20.316	135.339
SIM	1642156472	LAPTOP-S619FPN7	shailesh_suthar	senario_3	0	5.416	20.0214
SIM	1642156501	LAPTOP-S619FPN7	shailesh_suthar	senario_3	0	0.002	3.99822e-010
SIM	1642156513	LAPTOP-S619FPN7	shailesh_suthar	senario_3	0	0.002	3.99822e-010
SIM	1642156528	LAPTOP-S619FPN7	shailesh_suthar	senario_3	0	0.002	3.99822e-010
SIM	1642156577	LAPTOP-S619FPN7	shailesh_suthar	senario_3	0	30	279.532
SIM	1642156647	LAPTOP-S619FPN7	shailesh_suthar	senario_3	0	18.219	143.869
SIM	1642156693	LAPTOP-S619FPN7	shailesh_suthar	senario_3	0	24.456	471.403
SIM	1642156740	LAPTOP-S619FPN7	shailesh_suthar	senario_3	0	13.192	123.698
SIM	1642156781	LAPTOP-S619FPN7	shailesh_suthar	senario_3	0	14.17	187.2
SIM	1642156824	LAPTOP-S619FPN7	shailesh_suthar	senario_3	2	0	187.2
SIM	1642156840	LAPTOP-S619FPN7	shailesh_suthar	senario_3	2	0	0
SIM	1642156853	LAPTOP-S619FPN7	shailesh_suthar	senario_3	0	17.564	280.947
SIM	1642157146	LAPTOP-S619FPN7	shailesh_suthar	senario_3	0	23.224	437.44
SIM	1642157178	LAPTOP-S619FPN7	shailesh_suthar	senario_3	0	23.532	445.921
SIM	1642157208	LAPTOP-S619FPN7	shailesh_suthar	senario_3	0	23.362	263.46
SIM	1642157281	LAPTOP-S619FPN7	shailesh_suthar	senario_3	0	25.999	350.167
SIM	1642157331	LAPTOP-S619FPN7	shailesh_suthar	senario_3	0	30	314.551
SIM	1642157425	LAPTOP-S619FPN7	shailesh_suthar	senario_3	0	30	314.283
SIM	1642157457	LAPTOP-S619FPN7	shailesh_suthar	senario_3	0	30	313.41
SIM	1642157614	LAPTOP-S619FPN7	shailesh_suthar	sudden_lane_change	0	30	313.412
SIM	1642158545	LAPTOP-S619FPN7	shailesh_suthar	sudden_lane_change	0	30	313.412
SIM	1642158608	LAPTOP-S619FPN7	shailesh_suthar	sudden_lane_change	0	30	313.985
SIM	1642158642	LAPTOP-S619FPN7	shailesh_suthar	sudden_lane_change	0	30	313.985
SIM	1642158735	LAPTOP-S619FPN7	shailesh_suthar	sudden_lane_change	0	30	314.774
SIM	1642158847	LAPTOP-S619FPN7	shailesh_suthar	sudden_lane_change	0	30	314.774
SIM	1642159068	LAPTOP-S619FPN7	shailesh_suthar	sudden_lane_change	0	30	314.774


SYSTEM_START	-	LAPTOP-S619FPN7	LAPTOP-S619FPN7	2022-01-17 20:29:02


SYSTEM_INFO	CarMaker 10.2 - Car_Generic #1010	fh@obelix.ipg 2021-10-26 11:17:58	(10.2 fh@obelix.ipg 2021-10-26 11:17:53)
SIM	1642431542	LAPTOP-S619FPN7			0	0	0
SIM	1642431547	LAPTOP-S619FPN7	shailesh_suthar	sudden_lane_change	0	30	314.774
SIM	1642431959	LAPTOP-S619FPN7	shailesh_suthar	sudden_lane_change	0	30	283.931
SIM	1642431994	LAPTOP-S619FPN7	shailesh_suthar	sudden_lane_change	0	30	283.931
SIM	1642432149	LAPTOP-S619FPN7	shailesh_suthar	sudden_lane_change	0	88.932	995.572
SIM	1642432261	LAPTOP-S619FPN7	shailesh_suthar	sudden_lane_change	0	90	993.477
SIM	1642432425	LAPTOP-S619FPN7	shailesh_suthar	sudden_lane_change	0	89.077	995.576
SIM	1642432573	LAPTOP-S619FPN7	shailesh_suthar	sudden_lane_change	0	89.321	995.582
SIM	1642432659	LAPTOP-S619FPN7	shailesh_suthar	sudden_lane_change	1	89.398	995.529
SIM	1642432804	LAPTOP-S619FPN7	shailesh_suthar	sudden_lane_change	0	88.942	995.575
SIM	1642433095	LAPTOP-S619FPN7	shailesh_suthar	sudden_lane_change	0	90	995.303
SIM	1642433181	LAPTOP-S619FPN7	shailesh_suthar	sudden_lane_change	0	90	979.214
SIM	1642433291	LAPTOP-S619FPN7	shailesh_suthar	sudden_lane_change	0	90	994.805
SIM	1642433335	LAPTOP-S619FPN7	shailesh_suthar	sudden_lane_change	0	90	987.117
SIM	1642433455	LAPTOP-S619FPN7	shailesh_suthar	sudden_lane_change	0	90	987.117
SIM	1642433634	LAPTOP-S619FPN7	shailesh_suthar	sudden_lane_change	0	90	987.117
SIM	1642433736	LAPTOP-S619FPN7	shailesh_suthar	sudden_lane_change	0	90	987.117
SIM	1642433826	LAPTOP-S619FPN7	shailesh_suthar	sudden_lane_change	0	90	987.117
SIM	1642433889	LAPTOP-S619FPN7	shailesh_suthar	sudden_lane_change	0	90	987.117
SIM	1642434150	LAPTOP-S619FPN7	shailesh_suthar	sudden_lane_change	0	90	987.117
SIM	1642434259	LAPTOP-S619FPN7	shailesh_suthar	sudden_lane_change	0	90	987.117
