

SYSTEM_START	-	LAPTOP-S619FPN7	LAPTOP-S619FPN7	2022-01-21 12:26:18


SYSTEM_INFO	CarMaker 10.2 - Car_Generic #1010	fh@obelix.ipg 2021-10-26 11:17:58	(10.2 fh@obelix.ipg 2021-10-26 11:17:53)


SYSTEM_START	-	LAPTOP-S619FPN7	LAPTOP-S619FPN7	2022-01-21 12:52:30


SYSTEM_INFO	CarMaker 10.2 - Car_Generic #1010	fh@obelix.ipg 2021-10-26 11:17:58	(10.2 fh@obelix.ipg 2021-10-26 11:17:53)
SIM	1642749750	LAPTOP-S619FPN7			0	0	0
SIM	1642749752	LAPTOP-S619FPN7	shailesh_suthar	Hill_brake	0	84.513	247.31
SIM	1642750213	LAPTOP-S619FPN7	shailesh_suthar	Hill_brake_1	0	85.198	139.72
SIM	1642750329	LAPTOP-S619FPN7	shailesh_suthar	Hill_brake_1	2	24.294	76.8984
SIM	1642750449	LAPTOP-S619FPN7	shailesh_suthar	Hill_brake_1	0	30	50.1248
SIM	1642750532	LAPTOP-S619FPN7	shailesh_suthar	Hill_brake_1	0	30	44.529
SIM	1642750717	LAPTOP-S619FPN7	shailesh_suthar	Hill_brake_1	0	30	46.385
SIM	1642750820	LAPTOP-S619FPN7	shailesh_suthar	Hill_brake_1	0	30	55.5098
SIM	1642750927	LAPTOP-S619FPN7	shailesh_suthar	Hill_brake_1	0	60	73.043
SIM	1642751073	LAPTOP-S619FPN7	shailesh_suthar	Hill_brake_1	0	60	47.4091
SIM	1642751194	LAPTOP-S619FPN7	shailesh_suthar	Hill_brake_1	0	60	47.1329
SIM	1642751362	LAPTOP-S619FPN7	shailesh_suthar	Hill_brake_1	0	60	149.913
SIM	1642751498	LAPTOP-S619FPN7	shailesh_suthar	Hill_brake_1	0	60	134.889
SIM	1642751817	LAPTOP-S619FPN7	shailesh_suthar	Hill_brake_1	0	60	134.889
SIM	1642751914	LAPTOP-S619FPN7	shailesh_suthar	Hill_brake_1	0	22.983	19.7278
SIM	1642751969	LAPTOP-S619FPN7	shailesh_suthar	Hill_brake_1	0	60	134.889
SIM	1642752083	LAPTOP-S619FPN7	shailesh_suthar	Hill_brake_1	0	60	134.889
SIM	1642752419	LAPTOP-S619FPN7	shailesh_suthar	Hill_brake_1	0	16.976	2.67208
SIM	1642752453	LAPTOP-S619FPN7	shailesh_suthar	Hill_brake_1	0	60	134.889
SIM	1642752548	LAPTOP-S619FPN7	shailesh_suthar	Hill_brake_1	0	60	134.918
SIM	1642753094	LAPTOP-S619FPN7	shailesh_suthar	Hill_brake_1	0	60	134.889


SYSTEM_START	-	LAPTOP-S619FPN7	LAPTOP-S619FPN7	2022-01-21 13:59:13


SYSTEM_INFO	CarMaker 10.2 - Car_Generic #1010	fh@obelix.ipg 2021-10-26 11:17:58	(10.2 fh@obelix.ipg 2021-10-26 11:17:53)
SIM	1642753753	LAPTOP-S619FPN7			0	0	0
SIM	1642753756	LAPTOP-S619FPN7	shailesh_suthar	Hill_brake_1	0	60	134.889
SIM	1642754152	LAPTOP-S619FPN7	shailesh_suthar	Hill_brake_1	0	60	136.85
SIM	1642754270	LAPTOP-S619FPN7	shailesh_suthar	Hill_brake_1	0	60	138.091
