

SYSTEM_START	-	LAPTOP-SVB8HAQT	LAPTOP-SVB8HAQT	2022-01-12 21:35:06


SYSTEM_INFO	CarMaker 10.2 - Car_Generic #1010	fh@obelix.ipg 2021-10-26 11:17:58	(10.2 fh@obelix.ipg 2021-10-26 11:17:53)
SIM	1642003506	LAPTOP-SVB8HAQT			0	0	0
SIM	1642003509	LAPTOP-SVB8HAQT	NITIN_SHARMA	unknown	0	48.367	966.5
SIM	1642003844	LAPTOP-SVB8HAQT	NITIN_SHARMA	unknown	0	54.721	193.809
SIM	1642003904	LAPTOP-SVB8HAQT	NITIN_SHARMA	unknown	0	90	193.81
SIM	1642004024	LAPTOP-SVB8HAQT	NITIN_SHARMA	unknown	0	26.421	193.805
SIM	1642004086	LAPTOP-SVB8HAQT	NITIN_SHARMA	unknown	0	54.461	281.64
SIM	1642004145	LAPTOP-SVB8HAQT	NITIN_SHARMA	unknown	0	15.276	233.457
SIM	1642004268	LAPTOP-SVB8HAQT	NITIN_SHARMA	unknown	2	0	233.457
SIM	1642004287	LAPTOP-SVB8HAQT	NITIN_SHARMA	unknown	0	6.971	118.112
SIM	1642004869	LAPTOP-SVB8HAQT	NITIN_SHARMA	unknown	0	30	130.155
SIM	1642005200	LAPTOP-SVB8HAQT	NITIN_SHARMA	unknown	0	22.857	167.715
SIM	1642005258	LAPTOP-SVB8HAQT	NITIN_SHARMA	unknown	0	30	151.262
SIM	1642005308	LAPTOP-SVB8HAQT	NITIN_SHARMA	unknown	0	28.027	436.454
SIM	1642005361	LAPTOP-SVB8HAQT	NITIN_SHARMA	unknown	0	24.708	436.449
SIM	1642005396	LAPTOP-SVB8HAQT	NITIN_SHARMA	unknown	0	26.112	400.176
SIM	1642005466	LAPTOP-SVB8HAQT	NITIN_SHARMA	unknown	0	15.179	112.061
SIM	1642005504	LAPTOP-SVB8HAQT	NITIN_SHARMA	unknown	0	30.278	434.506
SIM	1642005546	LAPTOP-SVB8HAQT	NITIN_SHARMA	unknown	0	24.852	365.184
SIM	1642005573	LAPTOP-SVB8HAQT	NITIN_SHARMA	unknown	0	24.089	351.413
SIM	1642005601	LAPTOP-SVB8HAQT	NITIN_SHARMA	unknown	0	28.695	434.511
SIM	1642005652	LAPTOP-SVB8HAQT	NITIN_SHARMA	run	0	22.649	325.412
SIM	1642005972	LAPTOP-SVB8HAQT	NITIN_SHARMA	run	0	11.083	117.004
SIM	1642006462	LAPTOP-SVB8HAQT	NITIN_SHARMA	run	2	0	117.004
SIM	1642006480	LAPTOP-SVB8HAQT	NITIN_SHARMA	run	2	0	0
SIM	1642006498	LAPTOP-SVB8HAQT	NITIN_SHARMA	run	2	0	0
SIM	1642006510	LAPTOP-SVB8HAQT	NITIN_SHARMA	run	2	0	0
SIM	1642006517	LAPTOP-SVB8HAQT	NITIN_SHARMA	run	2	0	0
SIM	1642006644	LAPTOP-SVB8HAQT	NITIN_SHARMA	run	2	0	0
SIM	1642006703	LAPTOP-SVB8HAQT	NITIN_SHARMA	run	0	11.083	116.993
SIM	1642006967	LAPTOP-SVB8HAQT	NITIN_SHARMA	run	0	11.083	116.993
SIM	1642007013	LAPTOP-SVB8HAQT	NITIN_SHARMA	run	0	11.083	116.993
SIM	1642007059	LAPTOP-SVB8HAQT	NITIN_SHARMA	run	0	11.083	116.993


SYSTEM_START	-	LAPTOP-SVB8HAQT	LAPTOP-SVB8HAQT	2022-01-12 23:18:14


SYSTEM_INFO	CarMaker 10.2 - Car_Generic #1010	fh@obelix.ipg 2021-10-26 11:17:58	(10.2 fh@obelix.ipg 2021-10-26 11:17:53)
SIM	1642009694	LAPTOP-SVB8HAQT			0	0	0
SIM	1642009696	LAPTOP-SVB8HAQT	NITIN_SHARMA	run	0	11.083	116.993


SYSTEM_START	-	LAPTOP-SVB8HAQT	LAPTOP-SVB8HAQT	2022-01-19 19:23:46


SYSTEM_INFO	CarMaker 10.2 - Car_Generic #1010	fh@obelix.ipg 2021-10-26 11:17:58	(10.2 fh@obelix.ipg 2021-10-26 11:17:53)
SIM	1642600426	LAPTOP-SVB8HAQT			0	0	0
SIM	1642600433	LAPTOP-SVB8HAQT	NITIN_SHARMA	run	0	11.083	116.993
SIM	1642600598	LAPTOP-SVB8HAQT	NITIN_SHARMA	run	0	25.712	414.609
SIM	1642600627	LAPTOP-SVB8HAQT	NITIN_SHARMA	run	0	30.621	505.798
SIM	1642600662	LAPTOP-SVB8HAQT	NITIN_SHARMA	run	0	25.878	407.441
SIM	1642600691	LAPTOP-SVB8HAQT	NITIN_SHARMA	run	0	15.131	219.889
SIM	1642600720	LAPTOP-SVB8HAQT	NITIN_SHARMA	run	0	14.244	210.076
SIM	1642600749	LAPTOP-SVB8HAQT	NITIN_SHARMA	run	0	22.79	364.562
SIM	1642600776	LAPTOP-SVB8HAQT	NITIN_SHARMA	run	0	24.156	352.933
SIM	1642600803	LAPTOP-SVB8HAQT	NITIN_SHARMA	run	0	21	267.686
SIM	1642600830	LAPTOP-SVB8HAQT	NITIN_SHARMA	run	0	21	275.026
SIM	1642600862	LAPTOP-SVB8HAQT	NITIN_SHARMA	run	0	21	276.208
SIM	1642600903	LAPTOP-SVB8HAQT	NITIN_SHARMA	run	0	16.002	217.063
SIM	1642600929	LAPTOP-SVB8HAQT	NITIN_SHARMA	run	0	16.002	218.121
SIM	1642600969	LAPTOP-SVB8HAQT	NITIN_SHARMA	run	0	21	328.465
SIM	1642600996	LAPTOP-SVB8HAQT	NITIN_SHARMA	run	0	16.002	222.684
SIM	1642601023	LAPTOP-SVB8HAQT	NITIN_SHARMA	run	0	16.002	221.66
SIM	1642601048	LAPTOP-SVB8HAQT	NITIN_SHARMA	run	0	11.204	163.44
SIM	1642601125	LAPTOP-SVB8HAQT	NITIN_SHARMA	run	0	11.065	166.929
SIM	1642601190	LAPTOP-SVB8HAQT	NITIN_SHARMA	run	0	11.065	166.929
SIM	1642601222	LAPTOP-SVB8HAQT	NITIN_SHARMA	run	0	11.116	164.285
SIM	1642601268	LAPTOP-SVB8HAQT	NITIN_SHARMA	run	0	11.144	163.838
SIM	1642601329	LAPTOP-SVB8HAQT	NITIN_SHARMA	run	0	11.107	163.083
SIM	1642601370	LAPTOP-SVB8HAQT	NITIN_SHARMA	scenario	0	11.082	162.478


SYSTEM_START	-	LAPTOP-SVB8HAQT	LAPTOP-SVB8HAQT	2022-01-21 17:22:52


SYSTEM_INFO	CarMaker 10.2 - Car_Generic #1010	fh@obelix.ipg 2021-10-26 11:17:58	(10.2 fh@obelix.ipg 2021-10-26 11:17:53)
SIM	1642765972	LAPTOP-SVB8HAQT			0	0	0
SIM	1642765975	LAPTOP-SVB8HAQT	NITIN_SHARMA	scenario	0	11.152	163.314
SIM	1642766023	LAPTOP-SVB8HAQT	NITIN_SHARMA	scenario	0	11.083	162.313
SIM	1642766049	LAPTOP-SVB8HAQT	NITIN_SHARMA	scenario	0	11.062	161.543
SIM	1642766135	LAPTOP-SVB8HAQT	NITIN_SHARMA	scenario	0	9.857	157.591
SIM	1642766159	LAPTOP-SVB8HAQT	NITIN_SHARMA	scenario	0	11.062	162.941
