

SYSTEM_START	-	LAPTOP-SVB8HAQT	LAPTOP-SVB8HAQT	2022-01-04 22:36:04


SYSTEM_INFO	CarMaker 10.2 - Car_Generic #1010	fh@obelix.ipg 2021-10-26 11:17:58	(10.2 fh@obelix.ipg 2021-10-26 11:17:53)
SIM	1641315965	LAPTOP-SVB8HAQT			0	0	0
SIM	1641315967	LAPTOP-SVB8HAQT	NITIN_SHARMA	unknown	0	1.828	31.0677
SIM	1641315972	LAPTOP-SVB8HAQT	NITIN_SHARMA	unknown	0	14	241.898
SIM	1641316020	LAPTOP-SVB8HAQT	NITIN_SHARMA	unknown	0	22.324	435.256
SIM	1641316087	LAPTOP-SVB8HAQT	NITIN_SHARMA	unknown	0	21.84	425.299
SIM	1641316162	LAPTOP-SVB8HAQT	NITIN_SHARMA	unknown	0	21.847	425.461
SIM	1641316175	LAPTOP-SVB8HAQT	NITIN_SHARMA	unknown	0	21.559	419.021
SIM	1641316205	LAPTOP-SVB8HAQT	NITIN_SHARMA	unknown	0	3.09	53.959
SIM	1641316213	LAPTOP-SVB8HAQT	NITIN_SHARMA	unknown	0	9.539	164.501
SIM	1641316280	LAPTOP-SVB8HAQT	NITIN_SHARMA	unknown	0	21.752	423.233
SIM	1641316311	LAPTOP-SVB8HAQT	NITIN_SHARMA	unknown	0	16.488	301.73
SIM	1641316330	LAPTOP-SVB8HAQT	NITIN_SHARMA	unknown	0	14.444	251.736
SIM	1641316347	LAPTOP-SVB8HAQT	NITIN_SHARMA	unknown	0	21.752	423.233
SIM	1641316379	LAPTOP-SVB8HAQT	NITIN_SHARMA	unknown	0	21.752	423.233
SIM	1641316399	LAPTOP-SVB8HAQT	NITIN_SHARMA	unknown	0	21.752	423.233
SIM	1641316421	LAPTOP-SVB8HAQT	NITIN_SHARMA	unknown	0	21.752	423.233
SIM	1641316442	LAPTOP-SVB8HAQT	NITIN_SHARMA	unknown	0	21.752	423.233
SIM	1641316475	LAPTOP-SVB8HAQT	NITIN_SHARMA	unknown	0	21.752	423.233
SIM	1641316492	LAPTOP-SVB8HAQT	NITIN_SHARMA	unknown	0	21.752	423.233
SIM	1641316517	LAPTOP-SVB8HAQT	NITIN_SHARMA	unknown	0	21.752	423.233
SIM	1641316539	LAPTOP-SVB8HAQT	NITIN_SHARMA	unknown	0	21.752	423.233
SIM	1641316582	LAPTOP-SVB8HAQT	NITIN_SHARMA	unknown	0	18.55	352.167
SIM	1641316594	LAPTOP-SVB8HAQT	NITIN_SHARMA	unknown	0	21.752	423.233
SIM	1641316612	LAPTOP-SVB8HAQT	NITIN_SHARMA	unknown	0	21.752	423.233
SIM	1641316637	LAPTOP-SVB8HAQT	NITIN_SHARMA	unknown	0	20.185	389.043
SIM	1641316654	LAPTOP-SVB8HAQT	NITIN_SHARMA	unknown	0	11.419	193.155
SIM	1641316687	LAPTOP-SVB8HAQT	NITIN_SHARMA	unknown	0	21.752	423.233
SIM	1641316716	LAPTOP-SVB8HAQT	NITIN_SHARMA	unknown	0	21.329	414.002
SIM	1641316736	LAPTOP-SVB8HAQT	NITIN_SHARMA	unknown	0	20.982	406.051
SIM	1641316753	LAPTOP-SVB8HAQT	NITIN_SHARMA	unknown	0	21.672	421.282
SIM	1641316801	LAPTOP-SVB8HAQT	NITIN_SHARMA	unknown	0	21.672	421.282
SIM	1641316832	LAPTOP-SVB8HAQT	NITIN_SHARMA	unknown	0	21.787	424.044
SIM	1641316871	LAPTOP-SVB8HAQT	NITIN_SHARMA	unknown	0	21.787	424.044
SIM	1641316886	LAPTOP-SVB8HAQT	NITIN_SHARMA	unknown	0	11.9	201.33
SIM	1641316926	LAPTOP-SVB8HAQT	NITIN_SHARMA	unknown	0	12.556	213.107
SIM	1641316946	LAPTOP-SVB8HAQT	NITIN_SHARMA	unknown	0	12.547	212.969
SIM	1641316966	LAPTOP-SVB8HAQT	NITIN_SHARMA	unknown	0	12.875	219.152
SIM	1641317011	LAPTOP-SVB8HAQT	NITIN_SHARMA	scenarioAASLO	0	12.875	219.152
SIM	1641317056	LAPTOP-SVB8HAQT	NITIN_SHARMA	scenarioAASLO	0	12.875	219.152


SYSTEM_START	-	LAPTOP-SVB8HAQT	LAPTOP-SVB8HAQT	2022-01-05 10:49:47


SYSTEM_INFO	CarMaker 10.2 - Car_Generic #1010	fh@obelix.ipg 2021-10-26 11:17:58	(10.2 fh@obelix.ipg 2021-10-26 11:17:53)
SIM	1641359988	LAPTOP-SVB8HAQT			0	0	0
SIM	1641359989	LAPTOP-SVB8HAQT	NITIN_SHARMA	scenarioAASLO	0	12.875	219.152
SIM	1641360026	LAPTOP-SVB8HAQT	NITIN_SHARMA	scenarioAASLO	0	12.877	219.192


SYSTEM_START	-	LAPTOP-SVB8HAQT	LAPTOP-SVB8HAQT	2022-01-05 17:59:19


SYSTEM_INFO	CarMaker 10.2 - Car_Generic #1010	fh@obelix.ipg 2021-10-26 11:17:58	(10.2 fh@obelix.ipg 2021-10-26 11:17:53)
SIM	1641385759	LAPTOP-SVB8HAQT			0	0	0
SIM	1641385761	LAPTOP-SVB8HAQT	NITIN_SHARMA	scenarioAASLO	0	12.877	219.192


SYSTEM_START	-	LAPTOP-SVB8HAQT	LAPTOP-SVB8HAQT	2022-01-05 20:42:08


SYSTEM_INFO	CarMaker 10.2 - Car_Generic #1010	fh@obelix.ipg 2021-10-26 11:17:58	(10.2 fh@obelix.ipg 2021-10-26 11:17:53)
SIM	1641395528	LAPTOP-SVB8HAQT			0	0	0
SIM	1641395530	LAPTOP-SVB8HAQT	NITIN_SHARMA	scenarioAASLO	0	12.877	219.192


SYSTEM_START	-	LAPTOP-SVB8HAQT	LAPTOP-SVB8HAQT	2022-01-06 20:51:47


SYSTEM_INFO	CarMaker 10.2 - Car_Generic #1010	fh@obelix.ipg 2021-10-26 11:17:58	(10.2 fh@obelix.ipg 2021-10-26 11:17:53)
SIM	1641482507	LAPTOP-SVB8HAQT			0	0	0
SIM	1641482510	LAPTOP-SVB8HAQT	NITIN_SHARMA	scenarioAASLO	0	12.877	219.192


SYSTEM_START	-	LAPTOP-SVB8HAQT	LAPTOP-SVB8HAQT	2022-01-06 20:56:27


SYSTEM_INFO	CarMaker 10.2 - Car_Generic #1010	fh@obelix.ipg 2021-10-26 11:17:58	(10.2 fh@obelix.ipg 2021-10-26 11:17:53)
SIM	1641482787	LAPTOP-SVB8HAQT			0	0	0
SIM	1641482788	LAPTOP-SVB8HAQT	NITIN_SHARMA	scenarioAASLO	0	10.66	181.008


SYSTEM_START	-	LAPTOP-SVB8HAQT	LAPTOP-SVB8HAQT	2022-01-11 22:46:14


SYSTEM_INFO	CarMaker 10.2 - Car_Generic #1010	fh@obelix.ipg 2021-10-26 11:17:58	(10.2 fh@obelix.ipg 2021-10-26 11:17:53)
SIM	1641921374	LAPTOP-SVB8HAQT			0	0	0
SIM	1641921376	LAPTOP-SVB8HAQT	NITIN_SHARMA	scenarioAASLO	0	12.877	219.192
SIM	1641921428	LAPTOP-SVB8HAQT	NITIN_SHARMA	scenarioAASLO	0	12.877	219.192
