APPLICATION	CarMaker 10.2 - Car_Generic #1010 (win64-10.2)
COMPILED	fh@obelix.ipg 2021-10-26 11:17:58
 
FIRST_INIT	(internal default used)	2022-01-10 17:52:24
TIME	0.000
SIM_END			0s	0m
IDLE	17:52:24
SIM_START	unknown	2022-01-10 17:52:26
TIME	0.000
SIMULATE	unknown

TIME	57.019
SIM_END		unknown	57.016s	744.37m
TIME	64.726
SIM_START	unknown	2022-01-10 17:54:46
TIME	0.000
SIMULATE	unknown

TIME	54.669
SIM_END		unknown	54.666s	744.541m
TIME	0.001
TIME	66.842
SIM_START	unknown	2022-01-10 17:57:43
TIME	0.000
SIMULATE	unknown

TIME	61.647
SIM_END		unknown	61.644s	744.704m
SIM_START	unknown	2022-01-10 17:59:04
TIME	0.000
SIMULATE	unknown

TIME	65.081
SIM_END		unknown	65.077s	744.69m
TIME	75.600
SIM_START	unknown	2022-01-10 18:01:55
TIME	0.000
SIMULATE	unknown

TIME	65.110
SIM_END		unknown	65.107s	744.674m
TIME	74.988
SIM_START	unknown	2022-01-10 18:04:41
TIME	0.000
SIMULATE	unknown

TIME	67.291
SIM_END		unknown	67.288s	745.533m
TIME	77.696
SIM_START	unknown	2022-01-10 18:07:34
TIME	0.000
SIMULATE	unknown

TIME	90.004
SIM_END		unknown	90s	990.332m
TIME	92.158
SIM_START	unknown	2022-01-10 18:09:27
TIME	0.000
SIMULATE	unknown

TIME	43.554
SIM_END		unknown	43.55s	383.818m
TIME	131.507
SIM_START	unknown	2022-01-10 18:24:51
TIME	0.000
SIMULATE	unknown

TIME	90.004
SIM_END		unknown	90s	990.332m
SHUTDOWN	CarMaker quick shutdown initiated

