APPLICATION	CarMaker 10.2 - Car_Generic #1010 (win64-10.2)
COMPILED	fh@obelix.ipg 2021-10-26 11:17:58
 
FIRST_INIT	(internal default used)	2022-01-10 23:36:48
TIME	0.000
SIM_END			0s	0m
IDLE	23:36:49
SIM_START	unknown	2022-01-10 23:36:51
TIME	0.000
SIMULATE	unknown

TIME	31.001
SIM_END		unknown	30.998s	534.011m
TIME	39.963
SIM_START	unknown	2022-01-10 23:38:35
TIME	0.000
SIMULATE	unknown

TIME	31.618
SIM_END		unknown	31.615s	534.015m
TIME	39.523
SIM_START	unknown	2022-01-10 23:40:06
TIME	0.000
SIMULATE	unknown

TIME	38.626
SIM_END		unknown	38.623s	534.012m
SIM_START	unknown	2022-01-10 23:40:38
TIME	0.000
SIMULATE	unknown

TIME	31.019
SIM_END		unknown	31.016s	534.013m
TIME	37.824
SIM_START	unknown	2022-01-10 23:41:58
TIME	0.000
SIMULATE	unknown

TIME	46.874
SIM_END		unknown	46.871s	534.051m
TIME	58.457
SIM_START	unknown	2022-01-10 23:44:11
TIME	0.000
SIMULATE	unknown

TIME	46.874
SIM_END		unknown	46.871s	534.051m
TIME	84.601
SIM_START	unknown	2022-01-10 23:51:17
TIME	0.000
SIMULATE	unknown

TIME	34.494
SIM_END		unknown	34.49s	284.807m
TIME	47.305
SIM_START	unknown	2022-01-10 23:54:04
TIME	0.000
SIMULATE	unknown

TIME	50.004
SIM_END		unknown	50s	247.6m
TIME	95.735
SHUTDOWN	CarMaker quick shutdown initiated

