APPLICATION	CarMaker 10.2 - Car_Generic #1010 (win64-10.2)
COMPILED	fh@obelix.ipg 2021-10-26 11:17:58
 
FIRST_INIT	(internal default used)	2022-01-22 13:20:01
TIME	0.000
SIM_END			0s	0m
IDLE	13:20:01
SIM_START	scenario12	2022-01-22 13:20:04
TIME	0.000
SIMULATE	scenario12

TIME	16.904
SIM_END		scenario12	16.9s	191.12m
TIME	22.886
SIM_START	scenario12	2022-01-22 13:21:27
TIME	0.000
SIMULATE	scenario12

TIME	16.903
SIM_END		scenario12	16.9s	191.12m
TIME	21.694
SIM_START	scenario12	2022-01-22 13:22:34
TIME	0.000
SIMULATE	scenario12

TIME	16.903
SIM_END		scenario12	16.9s	191.12m
SIM_START	scenario12	2022-01-22 13:23:05
TIME	0.000
SIMULATE	scenario12

TIME	16.904
SIM_END		scenario12	16.9s	188.269m
TIME	18.904
SIM_START	scenario12	2022-01-22 13:23:45
TIME	0.000
SIMULATE	scenario12

TIME	16.903
SIM_END		scenario12	16.9s	188.269m
TIME	20.889
SIM_START	scenario12	2022-01-22 13:24:44
TIME	0.000
SIMULATE	scenario12

TIME	16.903
SIM_END		scenario12	16.9s	188.269m
SIM_START	scenario12	2022-01-22 13:25:15
TIME	0.000
SIMULATE	scenario12

TIME	16.903
SIM_END		scenario12	16.9s	188.39m
SIM_START	scenario12	2022-01-22 13:25:52
TIME	0.000
SIMULATE	scenario12

TIME	14.824
SIM_END		scenario12	14.82s	188.389m
TIME	21.930
SIM_START	scenario12	2022-01-22 13:27:20
TIME	0.000
SIMULATE	scenario12

TIME	16.903
SIM_END		scenario12	16.9s	188.39m
SIM_START	scenario12	2022-01-22 13:27:41
TIME	0.000
SIMULATE	scenario12

TIME	16.904
SIM_END		scenario12	16.9s	188.39m
TIME	19.649
SIM_START	scenario12	2022-01-22 13:28:27
TIME	0.000
SIMULATE	scenario12

TIME	16.903
SIM_END		scenario12	16.9s	188.39m
TIME	20.619
SIM_START	scenario12	2022-01-22 13:29:22
TIME	0.000
SIMULATE	scenario12

TIME	16.903
SIM_END		scenario12	16.9s	188.39m
TIME	21.779
SIM_START	scenario12	2022-01-22 13:30:31
TIME	0.000
SIMULATE	scenario12

TIME	16.904
SIM_END		scenario12	16.9s	188.39m
TIME	81.803
SIM_START	scenario12	2022-01-22 13:41:38
TIME	0.000
SIMULATE	scenario12

TIME	16.903
SIM_END		scenario12	16.9s	188.39m
TIME	20.177
SIM_START	scenario12	2022-01-22 13:42:31
TIME	0.000
SIMULATE	scenario12

TIME	16.903
SIM_END		scenario12	16.9s	188.39m
TIME	19.539
SIM_START	scenario12	2022-01-22 13:43:16
TIME	0.000
SIMULATE	scenario12

TIME	16.903
SIM_END		scenario12	16.9s	188.39m
TIME	0.001
TIME	19.515
SIM_START	scenario12	2022-01-22 13:44:01
TIME	0.000
SIMULATE	scenario12

TIME	16.904
SIM_END		scenario12	16.9s	188.39m
SIM_START	scenario12	2022-01-22 13:44:33
TIME	0.000
SIMULATE	scenario12

TIME	16.904
SIM_END		scenario12	16.9s	188.39m
SIM_START	scenario12	2022-01-22 13:45:10
TIME	0.000
SIMULATE	scenario12

TIME	16.703
SIM_END		scenario12	16.7s	184.794m
TIME	23.986
SIM_START	scenario12	2022-01-22 13:46:43
TIME	0.000
SIMULATE	scenario12

TIME	16.853
SIM_END		scenario12	16.85s	187.491m
TIME	22.158
SIM_START	scenario12	2022-01-22 13:47:55
TIME	0.000
SIMULATE	scenario12

TIME	16.854
SIM_END		scenario12	16.85s	187.491m
TIME	19.292
SIM_START	scenario12	2022-01-22 13:48:38
TIME	0.000
SIMULATE	scenario12

TIME	16.904
SIM_END		scenario12	16.9s	188.39m
SIM_START	scenario12	2022-01-22 13:49:08
TIME	0.000
SIMULATE	scenario12

TIME	3.821
SIM_END		scenario12	3.817s	68.9533m
SIM_START	scenario12	2022-01-22 13:49:15
TIME	0.000
SIMULATE	scenario12

TIME	13.903
SIM_END		scenario12	13.9s	188.389m
SHUTDOWN	CarMaker quick shutdown initiated

