APPLICATION	CarMaker 10.2 - Car_Generic #1010 (win64-10.2)
COMPILED	fh@obelix.ipg 2021-10-26 11:17:58
 
FIRST_INIT	(internal default used)	2022-01-05 18:02:31
TIME	0.000
SIM_END			0s	0m
IDLE	18:02:32
SIM_START	scenario12	2022-01-05 18:02:33
TIME	0.000
SIMULATE	scenario12

TIME	16.903
SIM_END		scenario12	16.9s	191.266m
TIME	27.200
SIM_START	scenario12	2022-01-05 18:04:38
TIME	0.000
SIMULATE	scenario12

TIME	16.903
SIM_END		scenario12	16.9s	191.266m
TIME	30.863
SIM_START	scenario12	2022-01-05 18:07:16
TIME	0.000
SIMULATE	scenario12

TIME	16.904
SIM_END		scenario12	16.9s	191.266m
SIM_START	scenario12	2022-01-05 18:07:52
TIME	0.000
SIMULATE	scenario12

TIME	16.904
SIM_END		scenario12	16.9s	191.266m
SIM_START	scenario12	2022-01-05 18:08:19
TIME	0.000
SIMULATE	scenario12

TIME	16.904
SIM_END		scenario12	16.9s	191.266m
TIME	22.494
SIM_START	scenario12	2022-01-05 18:09:33
TIME	0.000
SIMULATE	scenario12

TIME	16.904
SIM_END		scenario12	16.9s	191.266m
TIME	23.059
SIM_START	scenario12	2022-01-05 18:10:53
TIME	0.000
SIMULATE	scenario12

TIME	16.903
SIM_END		scenario12	16.9s	191.266m
SHUTDOWN	CarMaker quick shutdown initiated

