

SYSTEM_START	-	LAPTOP-S619FPN7	LAPTOP-S619FPN7	2022-01-20 21:47:08


SYSTEM_INFO	CarMaker 10.2 - Car_Generic #1010	fh@obelix.ipg 2021-10-26 11:17:58	(10.2 fh@obelix.ipg 2021-10-26 11:17:53)
SIM	1642695428	LAPTOP-S619FPN7			0	0	0
SIM	1642695430	LAPTOP-S619FPN7	shailesh_suthar	no_lane_marking	0	21.801	410.081
SIM	1642695574	LAPTOP-S619FPN7	shailesh_suthar	no_lane_marking	0	20.002	360.088
SIM	1642696871	LAPTOP-S619FPN7	shailesh_suthar	no_lane_marking	0	30.218	365.103
SIM	1642696980	LAPTOP-S619FPN7	shailesh_suthar	no_lane_marking	0	31.155	365.104
SIM	1642697006	LAPTOP-S619FPN7	shailesh_suthar	no_lane_marking	0	30.216	365.082
SIM	1642697070	LAPTOP-S619FPN7	shailesh_suthar	no_lane_marking	0	30.641	365.102
SIM	1642697207	LAPTOP-S619FPN7	shailesh_suthar	no_lane_marking	0	60	238.753
SIM	1642697236	LAPTOP-S619FPN7	shailesh_suthar	no_lane_marking	0	30.641	365.102
SIM	1642697364	LAPTOP-S619FPN7	shailesh_suthar	no_lane_marking	0	30.27	365.1
SIM	1642697482	LAPTOP-S619FPN7	shailesh_suthar	no_lane_marking	0	29.701	365.091
SIM	1642697864	LAPTOP-S619FPN7	shailesh_suthar	no_lane_marking	0	41.437	365.091
SIM	1642698164	LAPTOP-S619FPN7	shailesh_suthar	no_lane_marking	0	40.833	365.09
SIM	1642698336	LAPTOP-S619FPN7	shailesh_suthar	no_lane_marking	0	40.952	365.1
SIM	1642698718	LAPTOP-S619FPN7	shailesh_suthar	no_lane_marking	0	40.88	365.099
SIM	1642698807	LAPTOP-S619FPN7	shailesh_suthar	no_lane_marking	0	39.539	365.093
SIM	1642698931	LAPTOP-S619FPN7	shailesh_suthar	no_lane_marking	0	31.98	365.095
SIM	1642699038	LAPTOP-S619FPN7	shailesh_suthar	no_lane_marking	0	41.326	365.095
SIM	1642699234	LAPTOP-S619FPN7	shailesh_suthar	no_lane_marking	0	45.36	365.186
SIM	1642699324	LAPTOP-S619FPN7	shailesh_suthar	no_lane_marking	0	42.604	365.316
SIM	1642700165	LAPTOP-S619FPN7	shailesh_suthar	no_lane_marking	0	42.604	365.316
SIM	1642700196	LAPTOP-S619FPN7	shailesh_suthar	no_lane_marking	0	42.604	365.316
SIM	1642700257	LAPTOP-S619FPN7	shailesh_suthar	no_lane_marking	0	42.604	365.316
SIM	1642700440	LAPTOP-S619FPN7	shailesh_suthar	no_lane_marking	0	42.604	365.316
SIM	1642702314	LAPTOP-S619FPN7	shailesh_suthar	no_lane_marking	0	30.956	365.137
SIM	1642702427	LAPTOP-S619FPN7	shailesh_suthar	no_lane_marking	0	37.664	365.375
SIM	1642702486	LAPTOP-S619FPN7	shailesh_suthar	no_lane_marking	0	37.113	365.298
SIM	1642702557	LAPTOP-S619FPN7	shailesh_suthar	no_lane_marking	0	35.434	365.259
