APPLICATION	CarMaker 10.2 - Car_Generic #1010 (win64-10.2)
COMPILED	fh@obelix.ipg 2021-10-26 11:17:58
 
FIRST_INIT	(internal default used)	2022-01-22 17:39:12
TIME	0.000
SIM_END			0s	0m
IDLE	17:39:13
SIM_START	scenario	2022-01-22 17:39:15
TIME	0.000
SIMULATE	scenario

TIME	11.004
SIM_END		scenario	11s	40.5067m
TIME	17.382
SIM_START	scenario	2022-01-22 17:40:31
TIME	0.000
SIMULATE	scenario

TIME	11.003
SIM_END		scenario	11s	40.5067m
TIME	13.460
SIM_START	scenario	2022-01-22 17:41:10
TIME	0.000
SIMULATE	scenario

TIME	11.003
SIM_END		scenario	11s	119.696m
TIME	13.235
SIM_START	scenario	2022-01-22 17:41:47
TIME	0.000
SIMULATE	scenario

TIME	26.689
SIM_END		scenario	26.686s	386.108m
TIME	31.327
SIM_START	scenario	2022-01-22 17:43:03
TIME	0.000
SIMULATE	scenario

TIME	26.681
SIM_END		scenario	26.676s	386.121m
TIME	31.928
SIM_START	scenario	2022-01-22 17:44:26
TIME	0.000
SIMULATE	scenario

TIME	20.299
SIM_END		scenario	20.295s	264.689m
SIM_START	scenario	2022-01-22 17:44:51
TIME	0.000
SIMULATE	scenario

TIME	26.804
SIM_END		scenario	26.801s	386.112m
TIME	29.901
SIM_START	scenario	2022-01-22 17:45:52
TIME	0.000
SIMULATE	scenario

TIME	26.804
SIM_END		scenario	26.801s	386.113m
SIM_START	scenario	2022-01-22 17:46:41
TIME	0.000
SIMULATE	scenario

TIME	21.417
SIM_END		scenario	21.413s	292.159m
SIM_START	scenario	2022-01-22 17:47:07
TIME	0.000
SIMULATE	scenario

TIME	26.804
SIM_END		scenario	26.801s	386.112m
TIME	87.772
SHUTDOWN	CarMaker quick shutdown initiated

