APPLICATION	CarMaker 10.2 - Car_Generic #1010 (win64-10.2)
COMPILED	fh@obelix.ipg 2021-10-26 11:17:58
 
FIRST_INIT	(internal default used)	2021-12-28 15:06:11
TIME	0.000
SIM_END			0s	0m
IDLE	15:06:12
SIM_START	unknown	2021-12-28 15:06:14
TIME	0.000
SIMULATE	unknown

TIME	25.333
SIM_END		unknown	25.329s	495.58m
SIM_START	unknown	2021-12-28 15:06:31
TIME	0.000
SIMULATE	unknown

TIME	25.333
SIM_END		unknown	25.329s	495.58m
TIME	33.834
SIM_START	unknown	2021-12-28 15:08:07
TIME	0.000
SIMULATE	unknown

TIME	37.007
SIM_END		unknown	37.002s	435.245m
TIME	0.001
SIM_START	unknown	2021-12-28 15:08:52
TIME	0.000
SIMULATE	unknown

TIME	37.005
SIM_END		unknown	37.002s	435.245m
TIME	41.694
SIM_START	unknown	2021-12-28 15:09:54
TIME	0.000
SIMULATE	unknown

TIME	47.388
SIM_END		unknown	47.384s	496.062m
TIME	134.283
SIM_START	unknown	2021-12-28 15:24:42
TIME	0.000
SIMULATE	unknown

TIME	2.003
		LaneChange in maneuver 2 ignored (rv=5)
TIME	52.006
SIM_END		unknown	52.002s	560.201m
SIM_START	unknown	2021-12-28 15:25:06
TIME	0.000
SIMULATE	unknown

TIME	2.003
		LaneChange in maneuver 2 ignored (rv=5)
TIME	52.005
SIM_END		unknown	52.002s	560.201m
TIME	56.555
SHUTDOWN	CarMaker quick shutdown initiated

