APPLICATION	CarMaker 10.2 - Car_Generic #1010 (win64-10.2)
COMPILED	fh@obelix.ipg 2021-10-26 11:17:58
 
FIRST_INIT	(internal default used)	2022-01-04 21:44:39
TIME	0.000
SIM_END			0s	0m
IDLE	21:44:39
SIM_START	unknown	2022-01-04 21:44:41
TIME	0.000
SIMULATE	unknown

TIME	23.648
SIM_END		unknown	23.645s	395.595m
SIM_START	unknown	2022-01-04 21:45:10
TIME	0.000
SIMULATE	unknown

TIME	22.148
SIM_END		unknown	22.145s	370.594m
SIM_START	unknown	2022-01-04 21:45:40
TIME	0.000
SIMULATE	unknown

TIME	23.067
SIM_END		unknown	23.064s	370.603m
SIM_START	unknown	2022-01-04 21:46:05
TIME	0.000
SIMULATE	unknown

TIME	6.449
SIM_END		unknown	6.445s	109.153m
SIM_START	unknown	2022-01-04 21:46:14
TIME	0.000
SIMULATE	unknown

TIME	22.208
SIM_END		unknown	22.205s	371.594m
TIME	24.999
SIM_START	unknown	2022-01-04 21:47:05
TIME	0.000
SIMULATE	unknown

TIME	15.314
SIM_END		unknown	15.31s	257.043m
TIME	20.989
SIM_START	unknown	2022-01-04 21:48:14
TIME	0.000
SIMULATE	unknown

TIME	15.013
SIM_END		unknown	15.01s	252.039m
SIM_START	unknown	2022-01-04 21:48:36
TIME	0.000
SIMULATE	unknown

TIME	14.505
SIM_END		unknown	14.501s	243.547m
TIME	17.573
SIM_START	unknown	2022-01-04 21:49:23
TIME	0.000
SIMULATE	unknown

TIME	17.504
SIM_END		unknown	17.501s	306.865m
SIM_START	unknown	2022-01-04 21:49:42
TIME	0.000
SIMULATE	unknown

TIME	13.504
SIM_END		unknown	13.501s	226.363m
TIME	15.778
SIM_START	unknown	2022-01-04 21:50:09
TIME	0.000
SIMULATE	unknown

TIME	16.504
SIM_END		unknown	16.501s	275.148m
TIME	19.805
SIM_START	unknown	2022-01-04 21:50:50
TIME	0.000
SIMULATE	unknown

TIME	14.504
SIM_END		unknown	14.501s	242.758m
TIME	16.948
SIM_START	unknown	2022-01-04 21:51:19
TIME	0.000
SIMULATE	unknown

TIME	14.505
SIM_END		unknown	14.501s	242.758m
SIM_START	unknown	2022-01-04 21:51:46
TIME	0.000
SIMULATE	unknown

TIME	14.504
SIM_END		unknown	14.501s	242.758m
TIME	17.408
SIM_START	unknown	2022-01-04 21:52:21
TIME	0.000
SIMULATE	unknown

TIME	16.504
SIM_END		unknown	16.501s	275.148m
TIME	28.505
SIM_START	unknown	2022-01-04 21:54:29
TIME	0.000
SIMULATE	unknown

TIME	16.505
SIM_END		unknown	16.501s	275.148m
SIM_START	unknown	2022-01-04 21:55:03
TIME	0.000
SIMULATE	unknown

TIME	15.478
SIM_END		unknown	15.475s	258.579m
TIME	22.651
SHUTDOWN	CarMaker quick shutdown initiated

