APPLICATION	CarMaker 10.2 - Car_Generic #1010 (win64-10.2)
COMPILED	fh@obelix.ipg 2021-10-26 11:17:58
 
FIRST_INIT	(internal default used)	2022-01-05 20:36:49
TIME	0.000
SIM_END			0s	0m
IDLE	20:36:50
SIM_START	scenario12	2022-01-05 20:36:51
TIME	0.000
SIMULATE	scenario12

TIME	15.479
SIM_END		scenario12	15.475s	258.579m
SIM_START	scenario12	2022-01-05 20:37:24
TIME	0.000
SIMULATE	scenario12

TIME	14.478
SIM_END		scenario12	14.474s	242.318m
SIM_START	scenario12	2022-01-05 20:37:48
TIME	0.000
SIMULATE	scenario12

TIME	15.478
SIM_END		scenario12	15.475s	258.579m
SHUTDOWN	CarMaker quick shutdown initiated

