

SYSTEM_START	-	LAPTOP-SLDO5406	LAPTOP-SLDO5406	2021-12-27 23:21:13


SYSTEM_INFO	CarMaker 10.1 - Car_Generic #299	fh@obelix.ipg 2021-07-20 16:42:55	(10.1 fh@obelix.ipg 2021-07-20 16:42:50)
SIM	1640627473	LAPTOP-SLDO5406			0	0	0
SIM	1640627474	LAPTOP-SLDO5406	Virender_Singh	Village	0	33.019	495.749
SIM	1640627678	LAPTOP-SLDO5406	Virender_Singh	Village	0	33.019	495.749
SIM	1640627874	LAPTOP-SLDO5406	Virender_Singh	Village	0	45.241	495.784
SIM	1640627932	LAPTOP-SLDO5406	Virender_Singh	Village	0	45.241	495.784
SIM	1640627994	LAPTOP-SLDO5406	Virender_Singh	Village	0	49.171	163.277
SIM	1640628046	LAPTOP-SLDO5406	Virender_Singh	Village	0	37.498	163.218
SIM	1640628086	LAPTOP-SLDO5406	Virender_Singh	Village	2	0	163.218
SIM	1640628132	LAPTOP-SLDO5406	Virender_Singh	Village	0	44.571	495.797
SIM	1640628186	LAPTOP-SLDO5406	Virender_Singh	Village	0	46.384	495.821
SIM	1640628357	LAPTOP-SLDO5406	Virender_Singh	Village	0	46.384	495.821
SIM	1640628408	LAPTOP-SLDO5406	Virender_Singh	Village	0	45.044	495.793
SIM	1640628501	LAPTOP-SLDO5406	Virender_Singh	Village	0	45.906	495.803
SIM	1640628594	LAPTOP-SLDO5406	Virender_Singh	Village	0	9.164	1.32459e-006
SIM	1640628606	LAPTOP-SLDO5406	Virender_Singh	Village	0	17.801	2.34215e-006
SIM	1640628626	LAPTOP-SLDO5406	Virender_Singh	Village	0	48.431	495.799
SIM	1640628687	LAPTOP-SLDO5406	Virender_Singh	Village	0	47.512	495.775
SIM	1640628742	LAPTOP-SLDO5406	Virender_Singh	Village	0	50.194	496.092
SIM	1640628869	LAPTOP-SLDO5406	Virender_Singh	Village	0	47.192	496.112
SIM	1640628947	LAPTOP-SLDO5406	Virender_Singh	Village	0	47.192	496.112
SIM	1640629083	LAPTOP-SLDO5406	Virender_Singh	Village	0	46.319	496.102
SIM	1640629136	LAPTOP-SLDO5406	Virender_Singh	Village	0	45.572	496.102
SIM	1640629188	LAPTOP-SLDO5406	Virender_Singh	Village	0	45.572	496.102
SIM	1640629270	LAPTOP-SLDO5406	Virender_Singh	Village	0	46.689	496.081
SIM	1640629355	LAPTOP-SLDO5406	Virender_Singh	Village	0	45.572	496.102


SYSTEM_START	-	LAPTOP-SLDO5406	LAPTOP-SLDO5406	2021-12-27 23:55:05


SYSTEM_INFO	CarMaker 10.1 - Car_Generic #299	fh@obelix.ipg 2021-07-20 16:42:55	(10.1 fh@obelix.ipg 2021-07-20 16:42:50)
SIM	1640629505	LAPTOP-SLDO5406			0	0	0
SIM	1640629506	LAPTOP-SLDO5406	Virender_Singh	Village	0	45.572	496.102
