

SYSTEM_START	-	LAPTOP-SVB8HAQT	LAPTOP-SVB8HAQT	2022-01-04 21:44:39


SYSTEM_INFO	CarMaker 10.2 - Car_Generic #1010	fh@obelix.ipg 2021-10-26 11:17:58	(10.2 fh@obelix.ipg 2021-10-26 11:17:53)
SIM	1641312879	LAPTOP-SVB8HAQT			0	0	0
SIM	1641312881	LAPTOP-SVB8HAQT	NITIN_SHARMA	unknown	0	23.645	395.595
SIM	1641312910	LAPTOP-SVB8HAQT	NITIN_SHARMA	unknown	0	22.145	370.594
SIM	1641312940	LAPTOP-SVB8HAQT	NITIN_SHARMA	unknown	0	23.064	370.603
SIM	1641312965	LAPTOP-SVB8HAQT	NITIN_SHARMA	unknown	0	6.445	109.153
SIM	1641312974	LAPTOP-SVB8HAQT	NITIN_SHARMA	unknown	0	22.205	371.594
SIM	1641313025	LAPTOP-SVB8HAQT	NITIN_SHARMA	unknown	0	15.31	257.043
SIM	1641313094	LAPTOP-SVB8HAQT	NITIN_SHARMA	unknown	0	15.01	252.039
SIM	1641313116	LAPTOP-SVB8HAQT	NITIN_SHARMA	unknown	0	14.501	243.547
SIM	1641313163	LAPTOP-SVB8HAQT	NITIN_SHARMA	unknown	0	17.501	306.865
SIM	1641313182	LAPTOP-SVB8HAQT	NITIN_SHARMA	unknown	0	13.501	226.363
SIM	1641313209	LAPTOP-SVB8HAQT	NITIN_SHARMA	unknown	0	16.501	275.148
SIM	1641313250	LAPTOP-SVB8HAQT	NITIN_SHARMA	unknown	0	14.501	242.758
SIM	1641313279	LAPTOP-SVB8HAQT	NITIN_SHARMA	unknown	0	14.501	242.758
SIM	1641313306	LAPTOP-SVB8HAQT	NITIN_SHARMA	unknown	0	14.501	242.758
SIM	1641313341	LAPTOP-SVB8HAQT	NITIN_SHARMA	unknown	0	16.501	275.148
SIM	1641313469	LAPTOP-SVB8HAQT	NITIN_SHARMA	unknown	0	16.501	275.148
SIM	1641313503	LAPTOP-SVB8HAQT	NITIN_SHARMA	unknown	0	15.475	258.579


SYSTEM_START	-	LAPTOP-SVB8HAQT	LAPTOP-SVB8HAQT	2022-01-05 18:00:54


SYSTEM_INFO	CarMaker 10.2 - Car_Generic #1010	fh@obelix.ipg 2021-10-26 11:17:58	(10.2 fh@obelix.ipg 2021-10-26 11:17:53)
SIM	1641385854	LAPTOP-SVB8HAQT			0	0	0
SIM	1641385855	LAPTOP-SVB8HAQT	NITIN_SHARMA	scenario12	0	15.475	258.579
SIM	1641385895	LAPTOP-SVB8HAQT	NITIN_SHARMA	scenario12	0	15.475	258.579


SYSTEM_START	-	LAPTOP-SVB8HAQT	LAPTOP-SVB8HAQT	2022-01-05 20:36:49


SYSTEM_INFO	CarMaker 10.2 - Car_Generic #1010	fh@obelix.ipg 2021-10-26 11:17:58	(10.2 fh@obelix.ipg 2021-10-26 11:17:53)
SIM	1641395209	LAPTOP-SVB8HAQT			0	0	0
SIM	1641395211	LAPTOP-SVB8HAQT	NITIN_SHARMA	scenario12	0	15.475	258.579
SIM	1641395244	LAPTOP-SVB8HAQT	NITIN_SHARMA	scenario12	0	14.474	242.318
SIM	1641395268	LAPTOP-SVB8HAQT	NITIN_SHARMA	scenario12	0	15.475	258.579


SYSTEM_START	-	LAPTOP-SVB8HAQT	LAPTOP-SVB8HAQT	2022-01-06 20:56:48


SYSTEM_INFO	CarMaker 10.2 - Car_Generic #1010	fh@obelix.ipg 2021-10-26 11:17:58	(10.2 fh@obelix.ipg 2021-10-26 11:17:53)
SIM	1641482809	LAPTOP-SVB8HAQT			0	0	0
SIM	1641482810	LAPTOP-SVB8HAQT	NITIN_SHARMA	scenario12	0	15.32	256.07
SIM	1641482840	LAPTOP-SVB8HAQT	NITIN_SHARMA	scenario12	0	15.462	258.368
SIM	1641482872	LAPTOP-SVB8HAQT	NITIN_SHARMA	scenario12	0	15.475	258.579
SIM	1641482903	LAPTOP-SVB8HAQT	NITIN_SHARMA	scenario12	0	15.475	258.579
SIM	1641482921	LAPTOP-SVB8HAQT	NITIN_SHARMA	scenario12	0	15.475	258.579
SIM	1641482948	LAPTOP-SVB8HAQT	NITIN_SHARMA	scenario12	0	15.475	258.579
SIM	1641483247	LAPTOP-SVB8HAQT	NITIN_SHARMA	scenario12	0	15.188	217.268
SIM	1641483295	LAPTOP-SVB8HAQT	NITIN_SHARMA	scenario12	0	15.246	216.046
SIM	1641483367	LAPTOP-SVB8HAQT	NITIN_SHARMA	scenario12	0	15.246	216.046
SIM	1641483387	LAPTOP-SVB8HAQT	NITIN_SHARMA	scenario12	0	16.501	271.146
SIM	1641483415	LAPTOP-SVB8HAQT	NITIN_SHARMA	scenario12	0	15.547	257.042
SIM	1641483469	LAPTOP-SVB8HAQT	NITIN_SHARMA	scenario12	0	15.547	257.042
SIM	1641483609	LAPTOP-SVB8HAQT	NITIN_SHARMA	scenario12	0	15.23	251.848
SIM	1641483620	LAPTOP-SVB8HAQT	NITIN_SHARMA	scenario12	0	15.23	251.848
SIM	1641483644	LAPTOP-SVB8HAQT	NITIN_SHARMA	scenario12	0	15.229	251.832
SIM	1641483659	LAPTOP-SVB8HAQT	NITIN_SHARMA	scenario12	0	15.229	251.832
SIM	1641483727	LAPTOP-SVB8HAQT	NITIN_SHARMA	scenario12	0	15.229	251.876
SIM	1641483792	LAPTOP-SVB8HAQT	NITIN_SHARMA	scenario12	0	16.646	275.194
SIM	1641483814	LAPTOP-SVB8HAQT	NITIN_SHARMA	scenario12	0	14.648	242.353


SYSTEM_START	-	LAPTOP-SVB8HAQT	LAPTOP-SVB8HAQT	2022-01-08 21:49:56


SYSTEM_INFO	CarMaker 10.2 - Car_Generic #1010	fh@obelix.ipg 2021-10-26 11:17:58	(10.2 fh@obelix.ipg 2021-10-26 11:17:53)
SIM	1641658796	LAPTOP-SVB8HAQT			0	0	0
SIM	1641658799	LAPTOP-SVB8HAQT	NITIN_SHARMA	scenario12	0	14.469	239.442
SIM	1641658883	LAPTOP-SVB8HAQT	NITIN_SHARMA	scenario12	0	14.322	237.054
SIM	1641658902	LAPTOP-SVB8HAQT	NITIN_SHARMA	scenario12	0	14.648	242.353
SIM	1641658925	LAPTOP-SVB8HAQT	NITIN_SHARMA	scenario12	0	14.648	242.353
SIM	1641658967	LAPTOP-SVB8HAQT	NITIN_SHARMA	scenario12	0	14.648	242.353
SIM	1641659009	LAPTOP-SVB8HAQT	NITIN_SHARMA	scenario12	0	20.632	371.802
SIM	1641659034	LAPTOP-SVB8HAQT	NITIN_SHARMA	scenario12	0	20.631	371.796
SIM	1641659054	LAPTOP-SVB8HAQT	NITIN_SHARMA	scenario12	0	20.641	371.926
SIM	1641659089	LAPTOP-SVB8HAQT	NITIN_SHARMA	scenario12	1	17.806	281.665
SIM	1641659123	LAPTOP-SVB8HAQT	NITIN_SHARMA	scenario12	0	20.836	371.974
SIM	1641659151	LAPTOP-SVB8HAQT	NITIN_SHARMA	scenario12	0	17.328	288.526
SIM	1641659172	LAPTOP-SVB8HAQT	NITIN_SHARMA	scenario12	0	43.65	307.75
SIM	1641659229	LAPTOP-SVB8HAQT	NITIN_SHARMA	scenario12	0	28.874	273.194
SIM	1641659253	LAPTOP-SVB8HAQT	NITIN_SHARMA	scenario12	0	26.314	371.685
SIM	1641659335	LAPTOP-SVB8HAQT	NITIN_SHARMA	scenario12sol	0	23.942	371.69
SIM	1641659366	LAPTOP-SVB8HAQT	NITIN_SHARMA	scenario12sol	0	23.942	371.69
SIM	1641659393	LAPTOP-SVB8HAQT	NITIN_SHARMA	scenario12sol	0	23.001	372.069
SIM	1641659419	LAPTOP-SVB8HAQT	NITIN_SHARMA	scenario12sol	0	24.596	372.08
SIM	1641659481	LAPTOP-SVB8HAQT	NITIN_SHARMA	scenario12sol	0	24.596	372.08
SIM	1641659521	LAPTOP-SVB8HAQT	NITIN_SHARMA	Examples/Powertrain/DrivingScenarios/Nardo_HandlingTrack	0	198.659	7484.05
SIM	1641659722	LAPTOP-SVB8HAQT	NITIN_SHARMA	Examples/Powertrain/DrivingScenarios/Nardo_HandlingTrack	0	105.743	3816.66
SIM	1641659831	LAPTOP-SVB8HAQT	NITIN_SHARMA	Examples/Powertrain/DrivingScenarios/Nardo_HandlingTrack	0	398.954	14628.7


SYSTEM_START	-	LAPTOP-SVB8HAQT	LAPTOP-SVB8HAQT	2022-01-08 22:31:49


SYSTEM_INFO	CarMaker 10.2 - Car_Generic #1010	fh@obelix.ipg 2021-10-26 11:17:58	(10.2 fh@obelix.ipg 2021-10-26 11:17:53)
SIM	1641661309	LAPTOP-SVB8HAQT			0	0	0
SIM	1641661311	LAPTOP-SVB8HAQT	NITIN_SHARMA	scenario12	0	14.648	242.353


SYSTEM_START	-	LAPTOP-SVB8HAQT	LAPTOP-SVB8HAQT	2022-01-10 11:31:23


SYSTEM_INFO	CarMaker 10.2 - Car_Generic #1010	fh@obelix.ipg 2021-10-26 11:17:58	(10.2 fh@obelix.ipg 2021-10-26 11:17:53)
SIM	1641794484	LAPTOP-SVB8HAQT			0	0	0
SIM	1641794487	LAPTOP-SVB8HAQT	NITIN_SHARMA	scenario12	0	14.648	242.353


SYSTEM_START	-	LAPTOP-SVB8HAQT	LAPTOP-SVB8HAQT	2022-01-10 21:17:44


SYSTEM_INFO	CarMaker 10.2 - Car_Generic #1010	fh@obelix.ipg 2021-10-26 11:17:58	(10.2 fh@obelix.ipg 2021-10-26 11:17:53)
SIM	1641829664	LAPTOP-SVB8HAQT			0	0	0
SIM	1641829667	LAPTOP-SVB8HAQT	NITIN_SHARMA	scenario12sol	1	0	0
SIM	1641829699	LAPTOP-SVB8HAQT	NITIN_SHARMA	scenario12sol	1	0	0
SIM	1641829713	LAPTOP-SVB8HAQT	NITIN_SHARMA	scenario12sol	1	0	0
SIM	1641829756	LAPTOP-SVB8HAQT	NITIN_SHARMA	scenario12sol	1	0	0
SIM	1641829819	LAPTOP-SVB8HAQT	NITIN_SHARMA	scenario12sol	0	24.596	372.08
SIM	1641829854	LAPTOP-SVB8HAQT	NITIN_SHARMA	scenario12sol	0	24.596	372.08
SIM	1641830057	LAPTOP-SVB8HAQT	NITIN_SHARMA	Examples/BasicFunctions/Road/Networks/ParkingGarage	0	50.704	199.498


SYSTEM_START	-	LAPTOP-SVB8HAQT	LAPTOP-SVB8HAQT	2022-01-10 22:47:33


SYSTEM_INFO	CarMaker 10.2 - Car_Generic #1010	fh@obelix.ipg 2021-10-26 11:17:58	(10.2 fh@obelix.ipg 2021-10-26 11:17:53)
SIM	1641835053	LAPTOP-SVB8HAQT			0	0	0
SIM	1641835056	LAPTOP-SVB8HAQT	NITIN_SHARMA	scenario12	0	14.648	242.353


SYSTEM_START	-	LAPTOP-SVB8HAQT	LAPTOP-SVB8HAQT	2022-01-11 22:27:54


SYSTEM_INFO	CarMaker 10.2 - Car_Generic #1010	fh@obelix.ipg 2021-10-26 11:17:58	(10.2 fh@obelix.ipg 2021-10-26 11:17:53)
SIM	1641920274	LAPTOP-SVB8HAQT			0	0	0
SIM	1641920277	LAPTOP-SVB8HAQT	NITIN_SHARMA	scenario12	0	14.648	242.353
