APPLICATION	CarMaker 10.2 - Car_Generic #1010 (win64-10.2)
COMPILED	fh@obelix.ipg 2021-10-26 11:17:58
 
FIRST_INIT	(internal default used)	2022-01-19 19:01:35
TIME	0.000
SIM_END			0s	0m
IDLE	19:01:35
SIM_START	a	2022-01-19 19:01:37
TIME	0.000
SIMULATE	a

TIME	30.003
SIM_END		a	30s	441.511m
TIME	0.001
SIM_START	a	2022-01-19 19:05:31
TIME	0.000
SIMULATE	a

TIME	80.219
SIM_END		a	80.216s	497.053m
SIM_START	a	2022-01-19 19:06:57
TIME	0.000
SIMULATE	a

TIME	4.467
SIM_END		a	4.463s	10.8278m
SIM_START	a	2022-01-19 19:07:10
TIME	0.000
SIMULATE	a

TIME	74.411
SIM_END		a	74.407s	416.78m
TIME	0.001
TIME	77.734
SIM_START	a	2022-01-19 19:08:41
TIME	0.000
SIMULATE	a

TIME	130.189
SIM_END		a	130.186s	1262.53m
TIME	139.956
SIM_START	a	2022-01-19 19:11:44
TIME	0.000
SIMULATE	a

TIME	211.380
SIM_END		a	211.376s	1262.54m
SIM_START	a	2022-01-19 19:15:19
TIME	0.000
SIMULATE	a

TIME	8.914
SIM_END		a	8.91s	83.056m
SIM_START	a	2022-01-19 19:15:42
TIME	0.000
SIMULATE	a

TIME	31.324
SIM_END		a	31.32s	386.737m
TIME	37.192
SIM_START	a	2022-01-19 19:17:15
TIME	0.000
SIMULATE	a

TIME	19.404
SIM_END		a	19.4s	237.599m
TIME	27.021
SIM_START	a	2022-01-19 19:18:53
TIME	0.000
SIMULATE	a

TIME	21.295
SIM_END		a	21.291s	258.182m
TIME	28.230
SIM_START	a	2022-01-19 19:20:25
TIME	0.005
WARNING		IPGDriver: LatInc too big (t=0.000, s=619.000m, LatInc=23.674deg, ay_LatInc=-0.255m/ss) (1) (id=200)
TIME	0.000
SIMULATE	a

TIME	31.919
SIM_END		a	31.915s	388.335m
SHUTDOWN	CarMaker quick shutdown initiated

