

SYSTEM_START	-	DESKTOP-5UL6I6T	DESKTOP-5UL6I6T	2022-01-21 16:01:49


SYSTEM_INFO	CarMaker 10.2 - Car_Generic #1010	fh@obelix.ipg 2021-10-26 11:17:58	(10.2 fh@obelix.ipg 2021-10-26 11:17:53)
SIM	1642761109	DESKTOP-5UL6I6T			0	0	0
SIM	1642761111	DESKTOP-5UL6I6T	madha	2015481_Scenario_28	0	45.311	162.778
SIM	1642761247	DESKTOP-5UL6I6T	madha	2015481_Scenario_28	0	45.311	162.778


SYSTEM_START	-	DESKTOP-5UL6I6T	DESKTOP-5UL6I6T	2022-01-21 16:07:11


SYSTEM_INFO	CarMaker 10.2 - Car_Generic #1010	fh@obelix.ipg 2021-10-26 11:17:58	(10.2 fh@obelix.ipg 2021-10-26 11:17:53)
SIM	1642761431	DESKTOP-5UL6I6T			0	0	0
SIM	1642761433	DESKTOP-5UL6I6T	madha	2015481_Scenario_28	0	13.705	96.3255


SYSTEM_START	-	DESKTOP-5UL6I6T	DESKTOP-5UL6I6T	2022-01-21 16:08:17


SYSTEM_INFO	CarMaker 10.2 - Car_Generic #1010	fh@obelix.ipg 2021-10-26 11:17:58	(10.2 fh@obelix.ipg 2021-10-26 11:17:53)
SIM	1642761497	DESKTOP-5UL6I6T			0	0	0
SIM	1642761500	DESKTOP-5UL6I6T	madha	2015481_Scenario_28	0	45.311	162.778
SIM	1642761585	DESKTOP-5UL6I6T	madha	2015481_Scenario_28	0	45.311	162.778
SIM	1642761647	DESKTOP-5UL6I6T	madha	2015481_Scenario_28	0	5.992	23.5204


SYSTEM_START	-	DESKTOP-5UL6I6T	DESKTOP-5UL6I6T	2022-01-21 16:18:12


SYSTEM_INFO	CarMaker 10.2 - Car_Generic #1010	fh@obelix.ipg 2021-10-26 11:17:58	(10.2 fh@obelix.ipg 2021-10-26 11:17:53)
SIM	1642762092	DESKTOP-5UL6I6T			0	0	0
SIM	1642762094	DESKTOP-5UL6I6T	madha	2015481_Scenario_28	0	8.909	50.9384


SYSTEM_START	-	DESKTOP-5UL6I6T	DESKTOP-5UL6I6T	2022-01-21 21:15:14


SYSTEM_INFO	CarMaker 10.2 - Car_Generic #1010	fh@obelix.ipg 2021-10-26 11:17:58	(10.2 fh@obelix.ipg 2021-10-26 11:17:53)
SIM	1642779914	DESKTOP-5UL6I6T			0	0	0
SIM	1642779915	DESKTOP-5UL6I6T	madha	2015481_Scenario_28	1	56.618	191.569
SIM	1642780021	DESKTOP-5UL6I6T	madha	2015481_Scenario_28	1	56.618	191.569
SIM	1642780157	DESKTOP-5UL6I6T	madha	2015481_Scenario_28	0	61.523	250.194
SIM	1642780211	DESKTOP-5UL6I6T	madha	2015481_Scenario_28	0	61.522	250.183
SIM	1642780279	DESKTOP-5UL6I6T	madha	2015481_Scenario_28	1	56.625	191.791


SYSTEM_START	-	DESKTOP-5UL6I6T	DESKTOP-5UL6I6T	2022-01-21 22:17:32


SYSTEM_INFO	CarMaker 10.2 - Car_Generic #1010	fh@obelix.ipg 2021-10-26 11:17:58	(10.2 fh@obelix.ipg 2021-10-26 11:17:53)
SIM	1642783652	DESKTOP-5UL6I6T			0	0	0
SIM	1642783653	DESKTOP-5UL6I6T	madha	2015481_Scenario_28	0	61.523	250.194
SIM	1642783725	DESKTOP-5UL6I6T	madha	2015481_Scenario_28	0	61.523	250.194
SIM	1642783814	DESKTOP-5UL6I6T	madha	2015481_Scenario_28	1	56.63	191.623
SIM	1642783946	DESKTOP-5UL6I6T	madha	2015481_Scenario_28	0	61.519	250.174
SIM	1642784024	DESKTOP-5UL6I6T	madha	2015481_Scenario_28	0	61.521	250.196
SIM	1642784246	DESKTOP-5UL6I6T	madha	2015481_Scenario_28	1	57.531	191.917
SIM	1642784356	DESKTOP-5UL6I6T	madha	2015481_Scenario_28	1	55.25	178.707
SIM	1642784386	DESKTOP-5UL6I6T	madha	2015481_Scenario_28	1	56.635	191.656
SIM	1642784425	DESKTOP-5UL6I6T	madha	2015481_Scenario_28	1	56.634	191.645
SIM	1642784456	DESKTOP-5UL6I6T	madha	2015481_Scenario_28	0	61.519	250.174
SIM	1642784485	DESKTOP-5UL6I6T	madha	2015481_Scenario_28	0	61.52	250.187
SIM	1642784662	DESKTOP-5UL6I6T	madha	2015481_Scenario_28	0	61.52	250.187
SIM	1642784727	DESKTOP-5UL6I6T	madha	2015481_Scenario_28	1	55.236	178.849
SIM	1642784918	DESKTOP-5UL6I6T	madha	2015481_Scenario_28	0	61.519	250.174
SIM	1642785001	DESKTOP-5UL6I6T	madha	2015481_Scenario_28	0	61.519	250.174
SIM	1642785215	DESKTOP-5UL6I6T	madha	2015481_Scenario_28	0	61.519	250.174
SIM	1642785290	DESKTOP-5UL6I6T	madha	2015481_Scenario_28	0	61.519	250.174
SIM	1642785400	DESKTOP-5UL6I6T	madha	2015481_Scenario_28	2	0	250.174
SIM	1642785891	DESKTOP-5UL6I6T	madha	2015481_Scenario_28	0	61.519	250.174
SIM	1642786164	DESKTOP-5UL6I6T	madha	2015481_Scenario_28	0	61.519	250.174
SIM	1642786198	DESKTOP-5UL6I6T	madha	2015481_Scenario_28	0	61.519	250.174
SIM	1642786243	DESKTOP-5UL6I6T	madha	2015481_Scenario_28	0	61.519	250.174
SIM	1642786469	DESKTOP-5UL6I6T	madha	2015481_Scenario_28	2	0	250.174
SIM	1642786731	DESKTOP-5UL6I6T	madha	2015481_Scenario_28	0	76.538	250.176
SIM	1642786759	DESKTOP-5UL6I6T	madha	2015481_Scenario_28	0	76.538	250.176
SIM	1642786849	DESKTOP-5UL6I6T	madha	2015481_Scenario_28	0	76.538	250.176
SIM	1642786983	DESKTOP-5UL6I6T	madha	2015481_Scenario_28	0	76.538	250.176
SIM	1642787025	DESKTOP-5UL6I6T	madha	2015481_Scenario_28	0	76.538	250.176
SIM	1642787091	DESKTOP-5UL6I6T	madha	2015481_Scenario_28	0	76.538	250.176
