

SYSTEM_START	-	LAPTOP-Q1DORBLM	LAPTOP-Q1DORBLM	2021-12-31 19:30:14


SYSTEM_INFO	CarMaker 10.1 - Car_Generic #299	fh@obelix.ipg 2021-07-20 16:42:55	(10.1 fh@obelix.ipg 2021-07-20 16:42:50)
SIM	1640959215	LAPTOP-Q1DORBLM			0	0	0
SIM	1640959216	LAPTOP-Q1DORBLM	madhav	Examples/BasicFunctions/Driver/HandbrakeUTurn	0	51.305	622.516
SIM	1640959314	LAPTOP-Q1DORBLM	madhav	Examples/BasicFunctions/Road/Expressway/ExitAndEnter	0	169.406	3500.06


SYSTEM_START	-	LAPTOP-Q1DORBLM	LAPTOP-Q1DORBLM	2022-01-05 19:27:21


SYSTEM_INFO	CarMaker 10.1 - Car_Generic #299	fh@obelix.ipg 2021-07-20 16:42:55	(10.1 fh@obelix.ipg 2021-07-20 16:42:50)
SIM	1641391041	LAPTOP-Q1DORBLM			0	0	0
SIM	1641391044	LAPTOP-Q1DORBLM	madhav	unknown	0	29.213	313.161
SIM	1641391157	LAPTOP-Q1DORBLM	madhav	unknown	0	29.793	314.562
SIM	1641391210	LAPTOP-Q1DORBLM	madhav	unknown	0	29.793	314.562
SIM	1641391268	LAPTOP-Q1DORBLM	madhav	unknown	0	29.793	314.562
SIM	1641391344	LAPTOP-Q1DORBLM	madhav	unknown	0	29.794	314.569
SIM	1641392727	LAPTOP-Q1DORBLM	madhav	Hill_brake	0	63.624	315.137


SYSTEM_START	-	LAPTOP-Q1DORBLM	LAPTOP-Q1DORBLM	2022-01-05 20:02:44


SYSTEM_INFO	CarMaker 10.1 - Car_Generic #299	fh@obelix.ipg 2021-07-20 16:42:55	(10.1 fh@obelix.ipg 2021-07-20 16:42:50)
SIM	1641393164	LAPTOP-Q1DORBLM			0	0	0
SIM	1641393166	LAPTOP-Q1DORBLM	madhav	Hill_brake	0	63.624	315.137
SIM	1641393321	LAPTOP-Q1DORBLM	madhav	Hill_brake	0	63.624	315.137


SYSTEM_START	-	LAPTOP-Q1DORBLM	LAPTOP-Q1DORBLM	2022-01-06 17:28:03


SYSTEM_INFO	CarMaker 10.1 - Car_Generic #299	fh@obelix.ipg 2021-07-20 16:42:55	(10.1 fh@obelix.ipg 2021-07-20 16:42:50)
SIM	1641470283	LAPTOP-Q1DORBLM			0	0	0
SIM	1641470285	LAPTOP-Q1DORBLM	madhav	Hill_brake	0	75.639	319.493
SIM	1641470559	LAPTOP-Q1DORBLM	madhav	Hill_brake	0	76.327	242.224
SIM	1641470810	LAPTOP-Q1DORBLM	madhav	Hill_brake	0	82.414	251.041
SIM	1641471069	LAPTOP-Q1DORBLM	madhav	Hill_brake	0	84.515	247.326
SIM	1641471250	LAPTOP-Q1DORBLM	madhav	Hill_brake	0	84.515	247.326
