APPLICATION	CarMaker 10.2 - Car_Generic #1010 (win64-10.2)
COMPILED	fh@obelix.ipg 2021-10-26 11:17:58
 
FIRST_INIT	(internal default used)	2022-01-19 19:23:46
TIME	0.000
SIM_END			0s	0m
IDLE	19:23:47
SIM_START	run	2022-01-19 19:23:53
TIME	0.000
SIMULATE	run

TIME	11.087
SIM_END		run	11.083s	116.993m
TIME	25.577
SIM_START	run	2022-01-19 19:26:38
TIME	0.000
SIMULATE	run

TIME	25.716
SIM_END		run	25.712s	414.609m
SIM_START	run	2022-01-19 19:27:07
TIME	0.000
SIMULATE	run

TIME	30.625
SIM_END		run	30.621s	505.798m
SIM_START	run	2022-01-19 19:27:42
TIME	0.000
SIMULATE	run

TIME	25.881
SIM_END		run	25.878s	407.441m
SIM_START	run	2022-01-19 19:28:11
TIME	0.000
SIMULATE	run

TIME	15.135
SIM_END		run	15.131s	219.889m
TIME	0.001
SIM_START	run	2022-01-19 19:28:40
TIME	0.000
SIMULATE	run

TIME	14.248
SIM_END		run	14.244s	210.076m
SIM_START	run	2022-01-19 19:29:09
TIME	0.000
SIMULATE	run

TIME	22.794
SIM_END		run	22.79s	364.562m
SIM_START	run	2022-01-19 19:29:36
TIME	0.000
SIMULATE	run

TIME	24.159
SIM_END		run	24.156s	352.933m
SIM_START	run	2022-01-19 19:30:03
TIME	0.000
SIMULATE	run

TIME	21.004
SIM_END		run	21s	267.686m
SIM_START	run	2022-01-19 19:30:30
TIME	0.000
SIMULATE	run

TIME	21.003
SIM_END		run	21s	275.026m
SIM_START	run	2022-01-19 19:31:02
TIME	0.000
SIMULATE	run

TIME	21.003
SIM_END		run	21s	276.208m
TIME	0.001
SIM_START	run	2022-01-19 19:31:43
TIME	0.000
SIMULATE	run

TIME	16.007
SIM_END		run	16.002s	217.063m
SIM_START	run	2022-01-19 19:32:09
TIME	0.000
SIMULATE	run

TIME	16.005
SIM_END		run	16.002s	218.121m
TIME	18.199
SIM_START	run	2022-01-19 19:32:49
TIME	0.000
SIMULATE	run

TIME	21.003
SIM_END		run	21s	328.465m
SIM_START	run	2022-01-19 19:33:16
TIME	0.000
SIMULATE	run

TIME	16.005
SIM_END		run	16.002s	222.684m
SIM_START	run	2022-01-19 19:33:43
TIME	0.000
SIMULATE	run

TIME	16.005
SIM_END		run	16.002s	221.66m
SIM_START	run	2022-01-19 19:34:08
TIME	0.000
SIMULATE	run

TIME	11.207
SIM_END		run	11.204s	163.44m
TIME	18.205
SIM_START	run	2022-01-19 19:35:25
TIME	0.000
SIMULATE	run

TIME	11.069
SIM_END		run	11.065s	166.929m
TIME	16.787
SIM_START	run	2022-01-19 19:36:30
TIME	0.000
SIMULATE	run

TIME	11.070
SIM_END		run	11.065s	166.929m
TIME	13.530
SIM_START	run	2022-01-19 19:37:02
TIME	0.000
SIMULATE	run

TIME	11.121
SIM_END		run	11.116s	164.285m
TIME	14.952
SIM_START	run	2022-01-19 19:37:48
TIME	0.000
SIMULATE	run

TIME	11.147
SIM_END		run	11.144s	163.838m
TIME	16.476
SIM_START	run	2022-01-19 19:38:49
TIME	0.000
SIMULATE	run

TIME	11.112
SIM_END		run	11.107s	163.083m
TIME	14.449
SIM_START	scenario	2022-01-19 19:39:30
TIME	0.000
SIMULATE	scenario

TIME	11.085
SIM_END		scenario	11.082s	162.478m
TIME	15.866
SHUTDOWN	CarMaker quick shutdown initiated

