APPLICATION	CarMaker 10.2 - Car_Generic #1010 (win64-10.2)
COMPILED	fh@obelix.ipg 2021-10-26 11:17:58
 
FIRST_INIT	(internal default used)	2022-01-21 17:22:52
TIME	0.000
SIM_END			0s	0m
IDLE	17:22:53
SIM_START	scenario	2022-01-21 17:22:55
TIME	0.000
SIMULATE	scenario

TIME	11.155
SIM_END		scenario	11.152s	163.314m
TIME	13.938
SIM_START	scenario	2022-01-21 17:23:43
TIME	0.000
SIMULATE	scenario

TIME	11.086
SIM_END		scenario	11.083s	162.313m
SIM_START	scenario	2022-01-21 17:24:09
TIME	0.000
SIMULATE	scenario

TIME	11.066
SIM_END		scenario	11.062s	161.543m
TIME	18.336
SIM_START	scenario	2022-01-21 17:25:35
TIME	0.000
SIMULATE	scenario

TIME	9.860
SIM_END		scenario	9.857s	157.591m
TIME	0.001
SIM_START	scenario	2022-01-21 17:25:59
TIME	0.000
SIMULATE	scenario

TIME	11.065
SIM_END		scenario	11.062s	162.941m
TIME	27.909
SHUTDOWN	CarMaker quick shutdown initiated

