APPLICATION	CarMaker 10.2 - Car_Generic #1010 (win64-10.2)
COMPILED	fh@obelix.ipg 2021-10-26 11:17:58
 
FIRST_INIT	(internal default used)	2022-01-22 09:59:16
TIME	0.000
SIM_END			0s	0m
IDLE	09:59:17
SIM_START	Low_High_Beam_1	2022-01-22 09:59:19
TIME	0.000
SIMULATE	Low_High_Beam_1

TIME	30.005
SIM_END		Low_High_Beam_1	30.002s	149.782m
TIME	34.975
SIM_START	Low_High_Beam_1	2022-01-22 10:00:58
TIME	0.005
WARNING		Vehicle Outer Skin: The x-position of the rear lower point is bigger than the rear axle
ERROR		Vehicle leaves road at about x=-6.59948, y=-0.961004 TireNo=0
ERROR		Vehicle leaves road at about x=-6.59948, y=-2.539 TireNo=1
ERROR		Vehicle leaves road at about x=-9.13648, y=-0.974902 TireNo=2
ERROR		Vehicle leaves road at about x=-9.13648, y=-2.5251 TireNo=3
ERROR		Vehicle leaves road at about x=-6.59948, y=-0.961 TireNo=0
ERROR		Vehicle leaves road at about x=-6.59948, y=-2.539 TireNo=1
ERROR		Vehicle leaves road at about x=-9.13648, y=-0.974898 TireNo=2
ERROR		Vehicle leaves road at about x=-9.13648, y=-2.5251 TireNo=3
SIM_ABORT	Low_High_Beam_1	0s	0m
TIME	36.499
SIM_START	Low_High_Beam	2022-01-22 10:07:03
TIME	0.000
SIMULATE	Low_High_Beam

TIME	34.105
SIM_END		Low_High_Beam	34.101s	728.219m
TIME	166.454
SIM_START	Low_High_Beam	2022-01-22 10:29:52
TIME	0.027
ERROR		Traffic object 2 end condition of manoever 0: syntax error line 1:
	Eval Qu::BeamL.rz (<<)  = 0
Eval Qu::BeamL.ry = 0.025
Eval Qu::BeamL.rx = 0
Eval Qu::BeamL.mult = 1.0
Eval Qu::BeamR.rz = 0
Eval Qu::BeamR.ry = 0.025
Eval Qu::BeamR.rx = 0
Eval Qu::BeamR.mult = 1.0
ERROR		Can't get parameters of traffic object 2 (2)
SIM_ABORT	Low_High_Beam	0s	728.219m
TIME	2.451
SIM_START	Low_High_Beam	2022-01-22 10:30:17
TIME	0.027
ERROR		Traffic object 2 end condition of manoever 1: syntax error line 1:
	DVAwr DM.Lights.MainLight (<<)  Abs -1 2
DVAwr DM.Lights.HighBeam Abs -1 1
ERROR		Can't get parameters of traffic object 2 (2)
SIM_ABORT	Low_High_Beam	0s	0m
SIM_START	Low_High_Beam	2022-01-22 10:30:35
TIME	0.030
ERROR		Traffic object 2 end condition of manoever 1: syntax error line 1:
	DVAwr DM.Lights.MainLight (<<)  Abs -1 2
ERROR		Can't get parameters of traffic object 2 (2)
SIM_ABORT	Low_High_Beam	0s	0m
SIM_START	Low_High_Beam	2022-01-22 10:30:43
TIME	0.029
ERROR		Traffic object 2 end condition of manoever 2: syntax error line 1:
	Eval Qu::Lights.Mask (<<) =1
ERROR		Can't get parameters of traffic object 2 (2)
SIM_ABORT	Low_High_Beam	0s	0m
TIME	12.475
SIM_START	Low_High_Beam	2022-01-22 10:32:48
TIME	0.000
SIMULATE	Low_High_Beam

TIME	28.395
SIM_END		Low_High_Beam	28.392s	569.638m
TIME	31.744
SIM_START	Low_High_Beam	2022-01-22 10:33:53
TIME	0.013
ERROR		Traffic object 2 end condition of manoever 2: syntax error line 1:
	Eval Qu::Lights.Mask (<<) =1
ERROR		Can't get parameters of traffic object 2 (2)
SIM_ABORT	Low_High_Beam	0s	569.638m
TIME	4.744
SIM_START	Low_High_Beam	2022-01-22 10:34:40
TIME	0.000
SIMULATE	Low_High_Beam

TIME	53.606
SIM_END		Low_High_Beam	53.602s	420.291m
TIME	176.266
SIM_START	Low_High_Beam	2022-01-22 10:56:02
TIME	0.000
SIMULATE	Low_High_Beam

TIME	53.605
SIM_END		Low_High_Beam	53.602s	420.291m
TIME	105.450
SIM_START	Low_High_Beam	2022-01-22 11:05:35
TIME	0.014
ERROR		Traffic object 2 end condition of manoever 4: syntax error line 1:
	DM.Lights.Indicator Abs (<<)  -1
ERROR		Can't get parameters of traffic object 2 (2)
SIM_ABORT	Low_High_Beam	0s	420.291m
SIM_START	Low_High_Beam	2022-01-22 11:05:50
TIME	0.011
ERROR		Traffic object 2 end condition of manoever 4: syntax error line 1:
	DM.Lights.Indicator Abs (<<)  =1
ERROR		Can't get parameters of traffic object 2 (2)
SIM_ABORT	Low_High_Beam	0s	0m
SIM_START	Low_High_Beam	2022-01-22 11:06:07
TIME	0.011
ERROR		Traffic object 2 end condition of manoever 4: syntax error line 1:
	DM.Lights.Indicator Abs (<<)  <=1
ERROR		Can't get parameters of traffic object 2 (2)
SIM_ABORT	Low_High_Beam	0s	0m
TIME	3.099
SIM_START	Low_High_Beam	2022-01-22 11:06:38
TIME	0.013
ERROR		Traffic object 2 end condition of manoever 4: syntax error line 1:
	DVAwr DM.Lights.Indicator (<<)  Abs <=1
ERROR		Can't get parameters of traffic object 2 (2)
SIM_ABORT	Low_High_Beam	0s	0m
SIM_START	Low_High_Beam	2022-01-22 11:06:58
TIME	0.013
ERROR		Traffic object 2 end condition of manoever 4: syntax error line 1:
	DVAwr DM.Lights.Indicator (<<)  Abs <1
ERROR		Can't get parameters of traffic object 2 (2)
SIM_ABORT	Low_High_Beam	0s	0m
SIM_START	Low_High_Beam	2022-01-22 11:07:11
TIME	0.012
ERROR		Traffic object 2 end condition of manoever 4: syntax error line 1:
	DVAwr DM.Lights.Indicator (<<)  <Abs <1
ERROR		Can't get parameters of traffic object 2 (2)
SIM_ABORT	Low_High_Beam	0s	0m
SIM_START	Low_High_Beam	2022-01-22 11:07:27
TIME	0.014
ERROR		Traffic object 2 end condition of manoever 4: syntax error line 1:
	DVAwr DM.Lights.Indicator (<<)  << Abs <1
ERROR		Can't get parameters of traffic object 2 (2)
SIM_ABORT	Low_High_Beam	0s	0m
TIME	2.619
SIM_START	Low_High_Beam	2022-01-22 11:07:53
TIME	0.014
ERROR		Traffic object 2 end condition of manoever 4: syntax error line 1:
	DVAwr DM.Lights.Indicator (<<)  Abs =0
ERROR		Can't get parameters of traffic object 2 (2)
SIM_ABORT	Low_High_Beam	0s	0m
TIME	49.256
SIM_START	Low_High_Beam	2022-01-22 11:16:06
TIME	0.014
ERROR		Traffic object 2 end condition of manoever 4: syntax error line 1:
	DVAwr DM.Lights.Indicator (<<)  Abs =0
ERROR		Can't get parameters of traffic object 2 (2)
SIM_ABORT	Low_High_Beam	0s	0m
TIME	35.894
SIM_START	Low_High_Beam	2022-01-22 11:22:05
TIME	0.000
SIMULATE	Low_High_Beam

TIME	6.962
SIM_END		Low_High_Beam	6.958s	24.4788m
TIME	0.001
SIM_START	Low_High_Beam	2022-01-22 11:22:46
TIME	0.000
SIMULATE	Low_High_Beam

TIME	53.605
SIM_END		Low_High_Beam	53.602s	387.59m
TIME	56.671
SIM_START	Low_High_Beam	2022-01-22 11:24:14
TIME	0.000
SIMULATE	Low_High_Beam

TIME	39.722
SIM_END		Low_High_Beam	39.718s	161.561m
TIME	65.881
SIM_START	Low_High_Beam	2022-01-22 11:29:17
TIME	0.000
SIMULATE	Low_High_Beam

TIME	48.190
SIM_END		Low_High_Beam	48.187s	264.828m
SIM_START	Low_High_Beam	2022-01-22 11:30:26
TIME	0.000
SIMULATE	Low_High_Beam

TIME	32.586
ERROR		Vehicle leaves road at about x=165.735, y=6.73857 TireNo=0
SIM_ABORT	Low_High_Beam	32.586s	128.676m
TIME	35.493
SIM_START	Low_High_Beam	2022-01-22 11:31:29
TIME	0.000
SIMULATE	Low_High_Beam

TIME	32.003
		LaneChange in maneuver 10 ignored (rv=5)
TIME	67.006
SIM_END		Low_High_Beam	67.002s	243.39m
TIME	0.001
TIME	70.002
SIM_START	Low_High_Beam	2022-01-22 11:33:09
TIME	0.000
SIMULATE	Low_High_Beam

TIME	74.005
SIM_END		Low_High_Beam	74.002s	538.162m
TIME	137.453
SIM_START	Low_High_Beam	2022-01-22 11:44:29
TIME	0.032
ERROR		Man 11: Unknown command 'VC.Lights.IndL=1'
ERROR		Man 12: Unknown command 'VC.Lights.IndL=0'
SIM_ABORT	Low_High_Beam	0s	538.162m
TIME	9.697
SIM_START	Low_High_Beam	2022-01-22 11:46:06
TIME	0.029
ERROR		Man 11: Unknown command 'VhclCtrl VC.Lights.IndL=1'
ERROR		Man 12: Unknown command 'VhclCtrl VC.Lights.IndL=0'
SIM_ABORT	Low_High_Beam	0s	0m
TIME	3.556
SIM_START	Low_High_Beam	2022-01-22 11:46:42
TIME	0.025
ERROR		Man 11: Incomplete DVA command 'DVAwr'
ERROR		Man 12: Incomplete DVA command 'DVAwr'
SIM_ABORT	Low_High_Beam	0s	0m
TIME	3.130
SIM_START	Low_High_Beam	2022-01-22 11:47:13
TIME	0.034
ERROR		Man 11: Unknown DVA command 'DVA'
ERROR		Man 12: Unknown DVA command 'DVA'
SIM_ABORT	Low_High_Beam	0s	0m
TIME	9.089
SIM_START	Low_High_Beam	2022-01-22 11:48:44
TIME	0.036
ERROR		Man 11: Bad DVA mode '=1'
ERROR		Man 12: Bad DVA mode '=0'
SIM_ABORT	Low_High_Beam	0s	0m
SIM_START	Low_High_Beam	2022-01-22 11:49:00
TIME	0.034
ERROR		Man 11: Bad DVA mode '1'
ERROR		Man 12: Bad DVA mode '0'
SIM_ABORT	Low_High_Beam	0s	0m
SIM_START	Low_High_Beam	2022-01-22 11:49:15
TIME	0.028
ERROR		Man 11: Incomplete DVA command 'DVAwr'
ERROR		Man 12: Incomplete DVA command 'DVAwr'
SIM_ABORT	Low_High_Beam	0s	0m
TIME	0.001
TIME	18.073
SIM_START	Low_High_Beam	2022-01-22 11:52:16
TIME	0.014
ERROR		Man 11: Bad DVA mode '-1='
ERROR		Man 12: Bad DVA mode '0=Off'
SIM_ABORT	Low_High_Beam	0s	0m
SIM_START	Low_High_Beam	2022-01-22 11:52:31
TIME	0.014
ERROR		Man 11: Bad DVA mode '-1'
ERROR		Man 12: Bad DVA mode '0'
SIM_ABORT	Low_High_Beam	0s	0m
SIM_START	Low_High_Beam	2022-01-22 11:52:50
TIME	0.013
ERROR		Man 11: Unknown command 'DM.Lights.Indicator -1'
ERROR		Man 12: Unknown command 'DM.Lights.Indicator 0'
SIM_ABORT	Low_High_Beam	0s	0m
TIME	0.001
TIME	25.125
SIM_START	Low_High_Beam	2022-01-22 11:57:01
TIME	0.000
SIMULATE	Low_High_Beam

TIME	20.003
ERROR		Traffic object 2 end condition of manoever 1: unknown var "Traffic.T03.Lights.Indicator"
SIM_ABORT	Low_High_Beam	20.003s	61.0627m
TIME	28.085
SIM_START	Low_High_Beam	2022-01-22 11:58:34
TIME	0.011
ERROR		Traffic object 2 end condition of manoever 1: syntax error line 1:
	Traffic.<T03>. (<<) Lights.Indicator -1
ERROR		Can't get parameters of traffic object 2 (2)
SIM_ABORT	Low_High_Beam	0s	61.0627m
TIME	65.829
SIM_START	Low_High_Beam	2022-01-22 12:09:32
TIME	0.000
SIMULATE	Low_High_Beam

TIME	44.003
SIM_END		Low_High_Beam	43.999s	134.448m
TIME	46.034
SIM_START	Low_High_Beam	2022-01-22 12:10:16
TIME	0.000
SIMULATE	Low_High_Beam

TIME	57.622
SIM_END		Low_High_Beam	57.619s	580.208m
TIME	60.244
SIM_START	Low_High_Beam	2022-01-22 12:11:12
TIME	0.000
SIMULATE	Low_High_Beam

TIME	40.294
SIM_END		Low_High_Beam	40.29s	185.472m
TIME	44.493
SIM_START	Low_High_Beam	2022-01-22 12:12:16
TIME	0.000
SIMULATE	Low_High_Beam

TIME	51.984
SIM_END		Low_High_Beam	51.98s	428.394m
TIME	55.371
SIM_START	Low_High_Beam	2022-01-22 12:13:17
TIME	0.000
SIMULATE	Low_High_Beam

TIME	49.396
SIM_END		Low_High_Beam	49.392s	302.016m
SIM_START	Low_High_Beam	2022-01-22 12:13:54
TIME	0.000
SIMULATE	Low_High_Beam

TIME	55.580
SIM_END		Low_High_Beam	55.576s	381.912m
SIM_START	Low_High_Beam	2022-01-22 12:14:33
TIME	0.000
SIMULATE	Low_High_Beam

TIME	68.243
SIM_END		Low_High_Beam	68.24s	580.2m
TIME	73.958
SIM_START	Low_High_Beam	2022-01-22 12:15:54
TIME	0.000
SIMULATE	Low_High_Beam

TIME	70.937
SIM_END		Low_High_Beam	70.934s	580.043m
TIME	76.685
SIM_START	Low_High_Beam	2022-01-22 12:17:17
TIME	0.000
SIMULATE	Low_High_Beam

TIME	71.584
SIM_END		Low_High_Beam	71.58s	579.988m
TIME	118.439
SIM_START	Low_High_Beam	2022-01-22 12:25:31
TIME	0.000
SIMULATE	Low_High_Beam

TIME	71.584
SIM_END		Low_High_Beam	71.58s	579.988m
TIME	80.487
SIM_START	Low_High_Beam	2022-01-22 12:27:27
TIME	0.000
SIMULATE	Low_High_Beam

TIME	71.583
SIM_END		Low_High_Beam	71.58s	579.988m
TIME	81.662
SIM_START	Low_High_Beam	2022-01-22 12:29:33
TIME	0.000
SIMULATE	Low_High_Beam

TIME	34.577
SIM_END		Low_High_Beam	34.574s	113.219m
TIME	40.802
SIM_START	Low_High_Beam	2022-01-22 12:30:49
TIME	0.000
SIMULATE	Low_High_Beam

TIME	71.583
SIM_END		Low_High_Beam	71.58s	579.988m
TIME	95.730
SHUTDOWN	CarMaker quick shutdown initiated

