APPLICATION	CarMaker 10.2 - Car_Generic #1010 (win64-10.2)
COMPILED	fh@obelix.ipg 2021-10-26 11:17:58
 
FIRST_INIT	(internal default used)	2022-01-22 13:08:38
TIME	0.000
SIM_END			0s	0m
IDLE	13:08:38
SIM_START	Low_High_Beam	2022-01-22 13:08:39
TIME	0.000
SIMULATE	Low_High_Beam

TIME	92.805
SIM_END		Low_High_Beam	92.802s	261.289m
TIME	105.400
SIM_START	Low_High_Beam	2022-01-22 13:11:17
TIME	0.000
SIMULATE	Low_High_Beam

TIME	90.831
SIM_END		Low_High_Beam	90.827s	260.943m
TIME	94.362
SIM_START	Low_High_Beam	2022-01-22 13:12:26
TIME	0.000
SIMULATE	Low_High_Beam

TIME	97.805
SIM_END		Low_High_Beam	97.802s	259.675m
TIME	101.881
SIM_START	Low_High_Beam	2022-01-22 13:13:30
TIME	0.000
SIMULATE	Low_High_Beam

TIME	103.805
SIM_END		Low_High_Beam	103.802s	259.648m
TIME	109.097
SIM_START	Low_High_Beam	2022-01-22 13:14:45
TIME	0.000
SIMULATE	Low_High_Beam

TIME	103.805
SIM_END		Low_High_Beam	103.802s	259.902m
TIME	120.702
SIM_START	Low_High_Beam	2022-01-22 13:17:58
TIME	0.000
SIMULATE	Low_High_Beam

TIME	74.570
SIM_END		Low_High_Beam	74.567s	579.808m
TIME	77.740
SIM_START	Low_High_Beam	2022-01-22 13:18:46
TIME	0.000
SIMULATE	Low_High_Beam

TIME	89.806
SIM_END		Low_High_Beam	89.802s	261.391m
TIME	92.284
SIM_START	Low_High_Beam	2022-01-22 13:19:31
TIME	0.000
SIMULATE	Low_High_Beam

TIME	89.678
SIM_END		Low_High_Beam	89.674s	261.374m
SIM_START	Low_High_Beam	2022-01-22 13:20:04
TIME	0.000
SIMULATE	Low_High_Beam

TIME	95.805
SIM_END		Low_High_Beam	95.802s	261.378m
TIME	103.967
SIM_START	Low_High_Beam	2022-01-22 13:21:46
TIME	0.000
SIMULATE	Low_High_Beam

TIME	74.571
SIM_END		Low_High_Beam	74.568s	579.818m
TIME	77.940
SIM_START	Low_High_Beam	2022-01-22 13:22:37
TIME	0.000
SIMULATE	Low_High_Beam

TIME	74.572
SIM_END		Low_High_Beam	74.568s	579.834m
TIME	85.338
SIM_START	Low_High_Beam	2022-01-22 13:24:43
TIME	0.000
SIMULATE	Low_High_Beam

TIME	93.805
SIM_END		Low_High_Beam	93.802s	261.411m
SIM_START	Low_High_Beam	2022-01-22 13:25:21
TIME	0.000
SIMULATE	Low_High_Beam

TIME	77.046
SIM_END		Low_High_Beam	77.043s	579.801m
TIME	96.133
SHUTDOWN	CarMaker quick shutdown initiated

