APPLICATION	CarMaker 10.2 - Car_Generic #1010 (win64-10.2)
COMPILED	fh@obelix.ipg 2021-10-26 11:17:58
 
FIRST_INIT	(internal default used)	2022-01-21 21:14:09
TIME	0.000
SIM_END			0s	0m
IDLE	21:14:10
SIM_START	Low_High_Beam	2022-01-21 21:14:12
TIME	0.000
SIMULATE	Low_High_Beam

TIME	49.255
SIM_END		Low_High_Beam	49.252s	742.963m
TIME	58.662
SIM_START	Low_High_Beam	2022-01-21 21:16:45
TIME	0.000
SIMULATE	Low_High_Beam

TIME	49.255
SIM_END		Low_High_Beam	49.252s	742.963m
TIME	204.041
SIM_START	Low_High_Beam	2022-01-21 21:43:25
TIME	0.000
SIMULATE	Low_High_Beam

TIME	41.103
SIM_END		Low_High_Beam	41.1s	701.553m
TIME	0.001
TIME	45.772
SIM_START	Low_High_Beam	2022-01-21 21:44:54
TIME	0.000
SIMULATE	Low_High_Beam

TIME	41.103
SIM_END		Low_High_Beam	41.1s	701.553m
TIME	55.277
SIM_START	Low_High_Beam	2022-01-21 21:47:59
TIME	0.006
ERROR		Man 0: Unknown command 'DM.Lights.MainLight=1'
SIM_ABORT	Low_High_Beam	0s	701.553m
TIME	2.881
SIM_START	Low_High_Beam	2022-01-21 21:48:27
TIME	0.006
ERROR		Man 0: Incomplete DVA command 'DVAwr'
SIM_ABORT	Low_High_Beam	0s	0m
TIME	122.387
SIM_START	Low_High_Beam	2022-01-21 22:08:51
TIME	0.000
SIMULATE	Low_High_Beam

TIME	41.104
SIM_END		Low_High_Beam	41.1s	701.553m
TIME	48.868
SIM_START	Low_High_Beam	2022-01-21 22:10:52
TIME	0.000
SIMULATE	Low_High_Beam

TIME	41.103
SIM_END		Low_High_Beam	41.1s	701.553m
TIME	48.154
SIM_START	Low_High_Beam	2022-01-21 22:12:45
TIME	0.000
SIMULATE	Low_High_Beam

TIME	42.003
SIM_END		Low_High_Beam	42s	714.547m
TIME	62.790
SIM_START	Low_High_Beam	2022-01-21 22:16:56
TIME	0.000
SIMULATE	Low_High_Beam

TIME	42.003
SIM_END		Low_High_Beam	42s	713.49m
TIME	50.622
SIM_START	Low_High_Beam	2022-01-21 22:19:09
TIME	0.000
SIMULATE	Low_High_Beam

TIME	42.003
SIM_END		Low_High_Beam	42s	713.49m
TIME	84.207
SIM_START	Low_High_Beam	2022-01-21 22:27:11
TIME	0.000
SIMULATE	Low_High_Beam

TIME	37.635
SIM_END		Low_High_Beam	37.632s	648.559m
TIME	50.656
SIM_START	Low_High_Beam	2022-01-21 22:30:01
TIME	0.000
SIMULATE	Low_High_Beam

TIME	37.635
SIM_END		Low_High_Beam	37.632s	648.559m
TIME	48.129
SIM_START	Low_High_Beam	2022-01-21 22:32:25
TIME	0.000
SIMULATE	Low_High_Beam

TIME	37.635
SIM_END		Low_High_Beam	37.632s	648.559m
TIME	42.480
SIM_START	Low_High_Beam	2022-01-21 22:33:53
TIME	0.000
SIMULATE	Low_High_Beam

TIME	37.635
SIM_END		Low_High_Beam	37.632s	648.559m
TIME	0.001
SIM_START	Low_High_Beam	2022-01-21 22:34:52
TIME	0.000
SIMULATE	Low_High_Beam

TIME	30.719
SIM_END		Low_High_Beam	30.716s	634.136m
TIME	34.764
SIM_START	Low_High_Beam	2022-01-21 22:36:05
TIME	0.000
SIMULATE	Low_High_Beam

TIME	30.719
SIM_END		Low_High_Beam	30.716s	634.136m
TIME	68.229
SIM_START	Low_High_Beam	2022-01-21 22:42:52
TIME	0.000
SIMULATE	Low_High_Beam

TIME	30.719
SIM_END		Low_High_Beam	30.716s	634.136m
TIME	47.056
SIM_START	Low_High_Beam	2022-01-21 22:46:08
TIME	0.000
SIMULATE	Low_High_Beam

TIME	30.720
SIM_END		Low_High_Beam	30.716s	634.136m
TIME	154.978
SIM_START	Low_High_Beam	2022-01-21 23:07:26
TIME	0.000
SIMULATE	Low_High_Beam

TIME	32.805
SIM_END		Low_High_Beam	32.802s	438.446m
TIME	64.110
SIM_START	Low_High_Beam	2022-01-21 23:13:14
TIME	0.000
SIMULATE	Low_High_Beam

TIME	32.805
SIM_END		Low_High_Beam	32.802s	438.446m
TIME	40.830
SIM_START	Low_High_Beam	2022-01-21 23:15:08
TIME	0.000
SIMULATE	Low_High_Beam

TIME	32.806
SIM_END		Low_High_Beam	32.802s	438.501m
TIME	73.275
SIM_START	Low_High_Beam	2022-01-21 23:22:27
TIME	0.000
SIMULATE	Low_High_Beam

TIME	32.805
SIM_END		Low_High_Beam	32.802s	438.501m
TIME	38.389
SIM_START	Low_High_Beam	2022-01-21 23:23:57
TIME	0.000
SIMULATE	Low_High_Beam

TIME	30.806
SIM_END		Low_High_Beam	30.802s	382.438m
TIME	35.278
SIM_START	Low_High_Beam	2022-01-21 23:25:15
TIME	0.000
SIMULATE	Low_High_Beam

TIME	30.806
SIM_END		Low_High_Beam	30.802s	122.212m
TIME	38.060
SIM_START	Low_High_Beam	2022-01-21 23:27:00
TIME	0.000
SIMULATE	Low_High_Beam

TIME	52.893
SIM_END		Low_High_Beam	52.89s	579.638m
SIM_START	Low_High_Beam	2022-01-21 23:28:13
TIME	0.000
SIMULATE	Low_High_Beam

TIME	52.894
SIM_END		Low_High_Beam	52.89s	579.638m
TIME	58.238
SIM_START	Low_High_Beam	2022-01-21 23:30:02
TIME	0.000
SIMULATE	Low_High_Beam

TIME	52.894
SIM_END		Low_High_Beam	52.89s	579.638m
TIME	77.506
SIM_START	Low_High_Beam	2022-01-21 23:35:03
TIME	0.000
SIMULATE	Low_High_Beam

TIME	60.140
SIM_END		Low_High_Beam	60.136s	579.638m
TIME	68.729
SIM_START	Low_High_Beam	2022-01-21 23:37:31
TIME	0.000
SIMULATE	Low_High_Beam

TIME	53.789
SIM_END		Low_High_Beam	53.785s	403.142m
SIM_START	Low_High_Beam	2022-01-21 23:38:29
TIME	0.000
SIMULATE	Low_High_Beam

TIME	60.140
SIM_END		Low_High_Beam	60.136s	579.638m
TIME	94.017
SIM_START	Low_High_Beam	2022-01-21 23:45:09
TIME	0.000
SIMULATE	Low_High_Beam

TIME	23.786
SIM_END		Low_High_Beam	23.782s	56.0084m
TIME	30.693
SIM_START	Low_High_Beam	2022-01-21 23:46:48
TIME	0.000
SIMULATE	Low_High_Beam

TIME	28.979
SIM_END		Low_High_Beam	28.975s	579.643m
TIME	42.616
SIM_START	Low_High_Beam	2022-01-21 23:49:36
TIME	0.000
SIMULATE	Low_High_Beam

TIME	40.266
SIM_END		Low_High_Beam	40.263s	579.626m
SIM_START	Low_High_Beam	2022-01-21 23:50:24
TIME	0.000
SIMULATE	Low_High_Beam

TIME	26.621
SIM_END		Low_High_Beam	26.618s	350.83m
SIM_START	Low_High_Beam	2022-01-21 23:51:10
TIME	0.000
SIMULATE	Low_High_Beam

TIME	28.756
SIM_END		Low_High_Beam	28.752s	579.638m
TIME	37.076
SIM_START	Low_High_Beam	2022-01-21 23:52:52
TIME	0.000
SIMULATE	Low_High_Beam

TIME	28.755
SIM_END		Low_High_Beam	28.752s	579.638m
TIME	37.811
SIM_START	Low_High_Beam	2022-01-21 23:54:40
TIME	0.000
SIMULATE	Low_High_Beam

TIME	28.755
SIM_END		Low_High_Beam	28.752s	579.638m
TIME	31.172
SIM_START	Low_High_Beam	2022-01-21 23:55:21
TIME	0.000
SIMULATE	Low_High_Beam

TIME	28.757
SIM_END		Low_High_Beam	28.752s	579.638m
TIME	46.427
SIM_START	Low_High_Beam	2022-01-21 23:58:34
TIME	0.000
SIMULATE	Low_High_Beam

TIME	28.756
SIM_END		Low_High_Beam	28.752s	579.638m
SIM_START	Low_High_Beam	2022-01-21 23:59:01
TIME	0.000
SIMULATE	Low_High_Beam

TIME	28.756
SIM_END		Low_High_Beam	28.752s	579.638m
TIME	40.858
SHUTDOWN	CarMaker quick shutdown initiated

