APPLICATION	CarMaker 10.2 - Car_Generic #1010 (win64-10.2)
COMPILED	fh@obelix.ipg 2021-10-26 11:17:58
 
FIRST_INIT	(internal default used)	2022-01-12 22:42:41
TIME	0.000
SIM_END			0s	0m
IDLE	22:42:41
SIM_START	unknown	2022-01-12 22:42:43
TIME	0.000
SIMULATE	unknown

TIME	18.003
SIM_END		unknown	17.999s	292.891m
TIME	39.460
SIM_START	unknown	2022-01-12 22:46:38
TIME	0.000
SIMULATE	unknown

TIME	20.607
SIM_END		unknown	20.603s	273.771m
SIM_START	unknown	2022-01-12 22:47:01
TIME	0.000
SIMULATE	unknown

TIME	23.118
SIM_END		unknown	23.115s	342.892m
TIME	0.001
SIM_START	unknown	2022-01-12 23:01:35
TIME	0.006
ERROR		Traffic object 31: Start road position is outside of route/path length (2)
ERROR		Can't get parameters of traffic object 31 (2)
SIM_ABORT	unknown	0s	342.892m
TIME	2.175
SIM_START	unknown	2022-01-12 23:01:57
TIME	0.000
SIMULATE	unknown

TIME	19.818
SIM_END		unknown	19.815s	342.886m
SIM_START	unknown	2022-01-12 23:02:43
TIME	0.000
SIMULATE	unknown

TIME	17.465
SIM_END		unknown	17.462s	382.906m
TIME	20.375
SIM_START	unknown	2022-01-12 23:03:31
TIME	0.000
SIMULATE	unknown

TIME	27.091
SIM_END		unknown	27.088s	411.916m
SIM_START	unknown	2022-01-12 23:04:02
TIME	0.000
SIMULATE	unknown

TIME	18.503
SIM_END		unknown	18.499s	411.915m
TIME	20.568
SIM_START	unknown	2022-01-12 23:04:43
TIME	0.000
SIMULATE	unknown

TIME	18.079
SIM_END		unknown	18.075s	238.18m
SIM_START	unknown	2022-01-12 23:05:04
TIME	0.000
SIMULATE	unknown

TIME	18.147
SIM_END		unknown	18.143s	422.917m
SIM_START	unknown	2022-01-12 23:05:25
TIME	0.000
SIMULATE	unknown

TIME	21.466
SIM_END		unknown	21.462s	417.757m
SIM_START	unknown	2022-01-12 23:05:50
TIME	0.000
SIMULATE	unknown

TIME	26.412
SIM_END		unknown	26.409s	425.902m
SIM_START	unknown	2022-01-12 23:06:25
TIME	0.000
SIMULATE	unknown

TIME	23.358
SIM_END		unknown	23.354s	363.156m
SIM_START	unknown	2022-01-12 23:06:51
TIME	0.000
SIMULATE	unknown

TIME	21.856
SIM_END		unknown	21.853s	425.902m
TIME	0.001
SIM_START	unknown	2022-01-12 23:07:16
TIME	0.000
SIMULATE	unknown

TIME	22.000
SIM_END		unknown	21.997s	428.902m
SIM_START	Scenario	2022-01-12 23:08:01
TIME	0.000
SIMULATE	Scenario

TIME	17.917
SIM_END		Scenario	17.913s	343.823m
TIME	42.316
SIM_START	Scenario	2022-01-12 23:12:24
TIME	0.000
SIMULATE	Scenario

TIME	22.000
SIM_END		Scenario	21.997s	428.902m
TIME	27.883
SIM_START	Scenario	2022-01-12 23:13:50
TIME	0.000
SIMULATE	Scenario

TIME	9.913
SIM_END		Scenario	9.91s	177.501m
SIM_START	Scenario	2022-01-12 23:14:20
TIME	0.000
SIMULATE	Scenario

TIME	9.894
SIM_END		Scenario	9.891s	177.109m
SIM_START	Scenario	2022-01-12 23:14:45
TIME	0.000
SIMULATE	Scenario

TIME	9.891
SIM_END		Scenario	9.888s	177.047m
TIME	13.499
SIM_START	Scenario	2022-01-12 23:15:34
TIME	0.000
SIMULATE	Scenario

TIME	9.891
SIM_END		Scenario	9.888s	177.047m
TIME	16.627
SIM_START	Scenario	2022-01-12 23:16:53
TIME	0.000
SIMULATE	Scenario

TIME	9.891
SIM_END		Scenario	9.888s	177.047m
TIME	13.965
SHUTDOWN	CarMaker quick shutdown initiated

