

SYSTEM_START	-	LAPTOP-SVB8HAQT	LAPTOP-SVB8HAQT	2022-01-19 18:09:45


SYSTEM_INFO	CarMaker 10.2 - Car_Generic #1010	fh@obelix.ipg 2021-10-26 11:17:58	(10.2 fh@obelix.ipg 2021-10-26 11:17:53)
SIM	1642595985	LAPTOP-SVB8HAQT			0	0	0
SIM	1642595988	LAPTOP-SVB8HAQT	NITIN_SHARMA	unknown	0	30.13	359.095
SIM	1642596071	LAPTOP-SVB8HAQT	NITIN_SHARMA	unknown	0	30.543	359.959
SIM	1642596442	LAPTOP-SVB8HAQT	NITIN_SHARMA	unknown	1	30.629	276.533
SIM	1642596500	LAPTOP-SVB8HAQT	NITIN_SHARMA	unknown	0	45	284.858
SIM	1642596557	LAPTOP-SVB8HAQT	NITIN_SHARMA	unknown	0	58	266.72
SIM	1642597019	LAPTOP-SVB8HAQT	NITIN_SHARMA	unknown	1	9.71	64.159
SIM	1642597057	LAPTOP-SVB8HAQT	NITIN_SHARMA	unknown	0	18.576	16.535
SIM	1642597079	LAPTOP-SVB8HAQT	NITIN_SHARMA	unknown	0	30	166.304
SIM	1642597179	LAPTOP-SVB8HAQT	NITIN_SHARMA	unknown	0	30	168.904
SIM	1642597292	LAPTOP-SVB8HAQT	NITIN_SHARMA	unknown	1	9.428	36.6612
SIM	1642597489	LAPTOP-SVB8HAQT	NITIN_SHARMA	unknown	0	30	173.502
SIM	1642597648	LAPTOP-SVB8HAQT	NITIN_SHARMA	unknown	0	30	173.44
SIM	1642597799	LAPTOP-SVB8HAQT	NITIN_SHARMA	unknown	11	0	173.44
SIM	1642597823	LAPTOP-SVB8HAQT	NITIN_SHARMA	unknown	11	0	0
SIM	1642597965	LAPTOP-SVB8HAQT	NITIN_SHARMA	unknown	0	21.385	116.453
SIM	1642597999	LAPTOP-SVB8HAQT	NITIN_SHARMA	unknown	0	21.883	391.132
SIM	1642598056	LAPTOP-SVB8HAQT	NITIN_SHARMA	unknown	0	21.883	391.132


SYSTEM_START	-	LAPTOP-SVB8HAQT	LAPTOP-SVB8HAQT	2022-01-19 19:01:35


SYSTEM_INFO	CarMaker 10.2 - Car_Generic #1010	fh@obelix.ipg 2021-10-26 11:17:58	(10.2 fh@obelix.ipg 2021-10-26 11:17:53)
SIM	1642599095	LAPTOP-SVB8HAQT			0	0	0
SIM	1642599097	LAPTOP-SVB8HAQT	NITIN_SHARMA	a	0	30	441.511
SIM	1642599331	LAPTOP-SVB8HAQT	NITIN_SHARMA	a	0	80.216	497.053
SIM	1642599417	LAPTOP-SVB8HAQT	NITIN_SHARMA	a	0	4.463	10.8278
SIM	1642599430	LAPTOP-SVB8HAQT	NITIN_SHARMA	a	0	74.407	416.78
SIM	1642599521	LAPTOP-SVB8HAQT	NITIN_SHARMA	a	0	130.186	1262.53
SIM	1642599704	LAPTOP-SVB8HAQT	NITIN_SHARMA	a	0	211.376	1262.54
SIM	1642599919	LAPTOP-SVB8HAQT	NITIN_SHARMA	a	0	8.91	83.056
SIM	1642599942	LAPTOP-SVB8HAQT	NITIN_SHARMA	a	0	31.32	386.737
SIM	1642600035	LAPTOP-SVB8HAQT	NITIN_SHARMA	a	0	19.4	237.599
SIM	1642600133	LAPTOP-SVB8HAQT	NITIN_SHARMA	a	0	21.291	258.182
SIM	1642600225	LAPTOP-SVB8HAQT	NITIN_SHARMA	a	0	31.915	388.335


SYSTEM_START	-	LAPTOP-SVB8HAQT	LAPTOP-SVB8HAQT	2022-01-19 19:40:28


SYSTEM_INFO	CarMaker 10.2 - Car_Generic #1010	fh@obelix.ipg 2021-10-26 11:17:58	(10.2 fh@obelix.ipg 2021-10-26 11:17:53)
SIM	1642601428	LAPTOP-SVB8HAQT			0	0	0
SIM	1642601432	LAPTOP-SVB8HAQT	NITIN_SHARMA	a	0	3.947	29.6561
SIM	1642601445	LAPTOP-SVB8HAQT	NITIN_SHARMA	a	0	25.169	43.2985


SYSTEM_START	-	LAPTOP-SVB8HAQT	LAPTOP-SVB8HAQT	2022-01-20 17:50:32


SYSTEM_INFO	CarMaker 10.2 - Car_Generic #1010	fh@obelix.ipg 2021-10-26 11:17:58	(10.2 fh@obelix.ipg 2021-10-26 11:17:53)
SIM	1642681232	LAPTOP-SVB8HAQT			0	0	0
SIM	1642681234	LAPTOP-SVB8HAQT	NITIN_SHARMA	scenario	0	25.214	301.309
SIM	1642681488	LAPTOP-SVB8HAQT	NITIN_SHARMA	scenario	1	17.306	214.829
SIM	1642681542	LAPTOP-SVB8HAQT	NITIN_SHARMA	scenario	0	58.149	527.339
SIM	1642681603	LAPTOP-SVB8HAQT	NITIN_SHARMA	scenario	1	16.215	224.28
SIM	1642681665	LAPTOP-SVB8HAQT	NITIN_SHARMA	scenario	1	4.777	60.6906
SIM	1642681700	LAPTOP-SVB8HAQT	NITIN_SHARMA	scenario	0	97	1067.34
SIM	1642682009	LAPTOP-SVB8HAQT	NITIN_SHARMA	scenario	0	24.838	361.337
SIM	1642682036	LAPTOP-SVB8HAQT	NITIN_SHARMA	scenario	0	52.38	504.873
SIM	1642682091	LAPTOP-SVB8HAQT	NITIN_SHARMA	scenario	0	41.944	461.012


SYSTEM_START	-	LAPTOP-SVB8HAQT	LAPTOP-SVB8HAQT	2022-01-20 21:03:36


SYSTEM_INFO	CarMaker 10.2 - Car_Generic #1010	fh@obelix.ipg 2021-10-26 11:17:58	(10.2 fh@obelix.ipg 2021-10-26 11:17:53)
SIM	1642692816	LAPTOP-SVB8HAQT			0	0	0
SIM	1642692818	LAPTOP-SVB8HAQT	NITIN_SHARMA	scenario	0	25.286	350.349
SIM	1642692961	LAPTOP-SVB8HAQT	NITIN_SHARMA	scenario	0	24.127	321.624
SIM	1642692991	LAPTOP-SVB8HAQT	NITIN_SHARMA	scenario	0	48.277	480.07


SYSTEM_START	-	LAPTOP-SVB8HAQT	LAPTOP-SVB8HAQT	2022-01-21 17:15:05


SYSTEM_INFO	CarMaker 10.2 - Car_Generic #1010	fh@obelix.ipg 2021-10-26 11:17:58	(10.2 fh@obelix.ipg 2021-10-26 11:17:53)
SIM	1642765505	LAPTOP-SVB8HAQT			0	0	0
SIM	1642765508	LAPTOP-SVB8HAQT	NITIN_SHARMA	scenario	0	55.667	546.669
SIM	1642765588	LAPTOP-SVB8HAQT	NITIN_SHARMA	scenario	0	53.024	517.025
SIM	1642765793	LAPTOP-SVB8HAQT	NITIN_SHARMA	scenario	0	53.024	517.025
