

SYSTEM_START	-	LAPTOP-SVB8HAQT	LAPTOP-SVB8HAQT	2022-01-22 17:39:12


SYSTEM_INFO	CarMaker 10.2 - Car_Generic #1010	fh@obelix.ipg 2021-10-26 11:17:58	(10.2 fh@obelix.ipg 2021-10-26 11:17:53)
SIM	1642853352	LAPTOP-SVB8HAQT			0	0	0
SIM	1642853355	LAPTOP-SVB8HAQT	NITIN_SHARMA	scenario	0	11	40.5067
SIM	1642853431	LAPTOP-SVB8HAQT	NITIN_SHARMA	scenario	0	11	40.5067
SIM	1642853470	LAPTOP-SVB8HAQT	NITIN_SHARMA	scenario	0	11	119.696
SIM	1642853507	LAPTOP-SVB8HAQT	NITIN_SHARMA	scenario	0	26.686	386.108
SIM	1642853583	LAPTOP-SVB8HAQT	NITIN_SHARMA	scenario	0	26.676	386.121
SIM	1642853666	LAPTOP-SVB8HAQT	NITIN_SHARMA	scenario	0	20.295	264.689
SIM	1642853691	LAPTOP-SVB8HAQT	NITIN_SHARMA	scenario	0	26.801	386.112
SIM	1642853752	LAPTOP-SVB8HAQT	NITIN_SHARMA	scenario	0	26.801	386.113
SIM	1642853801	LAPTOP-SVB8HAQT	NITIN_SHARMA	scenario	0	21.413	292.159
SIM	1642853827	LAPTOP-SVB8HAQT	NITIN_SHARMA	scenario	0	26.801	386.112


SYSTEM_START	-	LAPTOP-SVB8HAQT	LAPTOP-SVB8HAQT	2022-01-22 18:00:18


SYSTEM_INFO	CarMaker 10.2 - Car_Generic #1010	fh@obelix.ipg 2021-10-26 11:17:58	(10.2 fh@obelix.ipg 2021-10-26 11:17:53)
SIM	1642854618	LAPTOP-SVB8HAQT			0	0	0
SIM	1642854619	LAPTOP-SVB8HAQT	NITIN_SHARMA	scenario	0	26.467	386.12
SIM	1642854653	LAPTOP-SVB8HAQT	NITIN_SHARMA	scenario	0	21.43	295.542
SIM	1642854678	LAPTOP-SVB8HAQT	NITIN_SHARMA	scenario	0	10.331	132.852
SIM	1642854761	LAPTOP-SVB8HAQT	NITIN_SHARMA	scenario	0	10.331	132.852
SIM	1642854810	LAPTOP-SVB8HAQT	NITIN_SHARMA	scenario	0	10.331	132.851
SIM	1642854834	LAPTOP-SVB8HAQT	NITIN_SHARMA	scenario	0	10.331	132.851
