APPLICATION	CarMaker 10.2 - Car_Generic #1010 (win64-10.2)
COMPILED	fh@obelix.ipg 2021-10-26 11:17:58
 
FIRST_INIT	(internal default used)	2022-01-19 13:11:55
TIME	0.000
SIM_END			0s	0m
IDLE	13:11:56
SIM_START	Y_junction_1	2022-01-19 13:11:58
TIME	0.000
SIMULATE	Y_junction_1

TIME	36.213
SIM_END		Y_junction_1	36.209s	313.988m
TIME	47.520
SIM_START	Y_junction_1	2022-01-19 13:14:34
TIME	0.000
SIMULATE	Y_junction_1

TIME	36.197
SIM_END		Y_junction_1	36.193s	313.178m
TIME	49.875
SIM_START	Y_junction_1	2022-01-19 13:17:30
TIME	0.000
SIMULATE	Y_junction_1

TIME	36.103
SIM_END		Y_junction_1	36.099s	313.159m
TIME	51.645
SIM_START	Y_junction_1	2022-01-19 13:20:44
TIME	0.000
SIMULATE	Y_junction_1

TIME	36.102
SIM_END		Y_junction_1	36.099s	313.159m
TIME	46.734
SIM_START	Y_junction_1	2022-01-19 13:23:10
TIME	0.000
SIMULATE	Y_junction_1

TIME	36.102
SIM_END		Y_junction_1	36.099s	313.159m
TIME	45.770
SIM_START	Y_junction_1	2022-01-19 13:25:26
TIME	0.000
SIMULATE	Y_junction_1

TIME	36.102
SIM_END		Y_junction_1	36.099s	313.159m
TIME	39.007
SIM_START	Y_junction_1	2022-01-19 13:26:34
TIME	0.000
SIMULATE	Y_junction_1

TIME	36.102
SIM_END		Y_junction_1	36.099s	313.159m
TIME	274.005
SIM_START	Y_junction_1	2022-01-19 14:06:52
TIME	0.000
SIMULATE	Y_junction_1

TIME	36.102
SIM_END		Y_junction_1	36.099s	313.159m
TIME	48.448
SIM_START	Y_junction_1	2022-01-19 14:09:35
TIME	0.000
SIMULATE	Y_junction_1

TIME	36.102
SIM_END		Y_junction_1	36.099s	313.159m
TIME	56.408
SHUTDOWN	CarMaker quick shutdown initiated

