

SYSTEM_START	-	LAPTOP-S619FPN7	LAPTOP-S619FPN7	2021-12-21 12:24:49


SYSTEM_INFO	CarMaker 10.2 - Car_Generic #1010	fh@obelix.ipg 2021-10-26 11:17:58	(10.2 fh@obelix.ipg 2021-10-26 11:17:53)
SIM	1640069690	LAPTOP-S619FPN7			0	0	0
SIM	1640069692	LAPTOP-S619FPN7	shailesh_suthar	unknown	0	41.139	513.365
SIM	1640069900	LAPTOP-S619FPN7	shailesh_suthar	unknown	0	34.203	372.896
SIM	1640069962	LAPTOP-S619FPN7	shailesh_suthar	unknown	0	30.096	359.99
SIM	1640070009	LAPTOP-S619FPN7	shailesh_suthar	unknown	0	31.008	372.503
SIM	1640070060	LAPTOP-S619FPN7	shailesh_suthar	unknown	0	33.031	373.86
SIM	1640070101	LAPTOP-S619FPN7	shailesh_suthar	unknown	0	37.948	441.988
SIM	1640070280	LAPTOP-S619FPN7	shailesh_suthar	unknown	0	35.142	403.028
SIM	1640070499	LAPTOP-S619FPN7	shailesh_suthar	unknown	0	37.327	433.363
SIM	1640070573	LAPTOP-S619FPN7	shailesh_suthar	unknown	0	29.024	318.752
SIM	1640070723	LAPTOP-S619FPN7	shailesh_suthar	unknown	0	45.309	544.226
SIM	1640070801	LAPTOP-S619FPN7	shailesh_suthar	unknown	0	63.82	759.159
SIM	1640070932	LAPTOP-S619FPN7	shailesh_suthar	unknown	0	30.65	299.941
SIM	1640071160	LAPTOP-S619FPN7	shailesh_suthar	unknown	0	35.469	365.683
SIM	1640074013	LAPTOP-S619FPN7	shailesh_suthar	Examples/DriverAssistance/BrakingAssist/AEB_CrossingCyclistIntersection	0	25.935	194.021


SYSTEM_START	-	LAPTOP-S619FPN7	LAPTOP-S619FPN7	2021-12-21 13:58:05


SYSTEM_INFO	CarMaker 10.2 - Car_Generic #1010	fh@obelix.ipg 2021-10-26 11:17:58	(10.2 fh@obelix.ipg 2021-10-26 11:17:53)
SIM	1640075285	LAPTOP-S619FPN7			0	0	0
SIM	1640075288	LAPTOP-S619FPN7	shailesh_suthar	unknown	0	37.976	655.65
SIM	1640075378	LAPTOP-S619FPN7	shailesh_suthar	unknown	0	37.976	655.65
SIM	1640075456	LAPTOP-S619FPN7	shailesh_suthar	unknown	0	48.658	655.653
SIM	1640075630	LAPTOP-S619FPN7	shailesh_suthar	unknown	0	40	511.353
SIM	1640075859	LAPTOP-S619FPN7	shailesh_suthar	unknown	0	40	511.353
SIM	1640075945	LAPTOP-S619FPN7	shailesh_suthar	unknown	0	40	511.353
SIM	1640075986	LAPTOP-S619FPN7	shailesh_suthar	unknown	0	40	511.353
SIM	1640076029	LAPTOP-S619FPN7	shailesh_suthar	unknown	0	40	501.535
SIM	1640076065	LAPTOP-S619FPN7	shailesh_suthar	unknown	0	40	447.827
SIM	1640076115	LAPTOP-S619FPN7	shailesh_suthar	unknown	0	40	467.828
SIM	1640076218	LAPTOP-S619FPN7	shailesh_suthar	unknown	0	40	467.828
SIM	1640076380	LAPTOP-S619FPN7	shailesh_suthar	unknown	0	40	467.828
SIM	1640076508	LAPTOP-S619FPN7	shailesh_suthar	unknown	0	40	467.828
SIM	1640078069	LAPTOP-S619FPN7	shailesh_suthar	unknown	0	0.203	0.000167999
SIM	1640078078	LAPTOP-S619FPN7	shailesh_suthar	unknown	0	0.203	0.000167999
SIM	1640078091	LAPTOP-S619FPN7	shailesh_suthar	unknown	0	0.203	0.000167999
SIM	1640078098	LAPTOP-S619FPN7	shailesh_suthar	unknown	0	0.203	0.000167999
SIM	1640078124	LAPTOP-S619FPN7	shailesh_suthar	unknown	0	40	467.828
SIM	1640078795	LAPTOP-S619FPN7	shailesh_suthar	AEB_CrossingCyclistIntersection	0	12.564	98.4627
SIM	1640078846	LAPTOP-S619FPN7	shailesh_suthar	AEB_CrossingCyclistIntersection	0	36.231	444.648
SIM	1640078881	LAPTOP-S619FPN7	shailesh_suthar	AEB_CrossingCyclistIntersection	0	36.231	444.648
SIM	1640078982	LAPTOP-S619FPN7	shailesh_suthar	AEB_CrossingCyclistIntersection	0	0.002	4.20695e-009
SIM	1640078992	LAPTOP-S619FPN7	shailesh_suthar	AEB_CrossingCyclistIntersection	0	0.002	4.20695e-009
SIM	1640079671	LAPTOP-S619FPN7	shailesh_suthar	AEB_CrossingCyclistIntersection	0	0.002	4.20695e-009
SIM	1640079698	LAPTOP-S619FPN7	shailesh_suthar	AEB_CrossingCyclistIntersection	0	36.231	444.648
SIM	1640084061	LAPTOP-S619FPN7	shailesh_suthar	Scenario_test_1	0	36.231	444.648


SYSTEM_START	-	LAPTOP-S619FPN7	LAPTOP-S619FPN7	2021-12-22 13:46:04


SYSTEM_INFO	CarMaker 10.2 - Car_Generic #1010	fh@obelix.ipg 2021-10-26 11:17:58	(10.2 fh@obelix.ipg 2021-10-26 11:17:53)
SIM	1640160965	LAPTOP-S619FPN7			0	0	0
SIM	1640160968	LAPTOP-S619FPN7	shailesh_suthar	unknown	0	18.29	195.738
SIM	1640160989	LAPTOP-S619FPN7	shailesh_suthar	unknown	0	18.29	195.738
SIM	1640161018	LAPTOP-S619FPN7	shailesh_suthar	unknown	0	18.29	195.738
SIM	1640161468	LAPTOP-S619FPN7	shailesh_suthar	unknown	0	30	65.1737
SIM	1640161525	LAPTOP-S619FPN7	shailesh_suthar	unknown	0	20.263	65.1689
SIM	1640161625	LAPTOP-S619FPN7	shailesh_suthar	unknown	0	25.181	65.1717
SIM	1640162149	LAPTOP-S619FPN7	shailesh_suthar	unknown	0	23.217	65.1706
SIM	1640162200	LAPTOP-S619FPN7	shailesh_suthar	Examples/VehicleDynamics/Handling/LaneChange_ADAC	0	35.35	626.695
SIM	1640162772	LAPTOP-S619FPN7	shailesh_suthar	Examples/VehicleDynamics/Handling/LaneChange_ADAC	2	0	626.695
SIM	1640162820	LAPTOP-S619FPN7	shailesh_suthar	Examples/VehicleDynamics/Handling/LaneChange_VDA	0	40.542	368.07
SIM	1640162879	LAPTOP-S619FPN7	shailesh_suthar	Examples/VehicleDynamics/Handling/Racetrack_Hockenheim	0	132.426	7467.87


SYSTEM_START	-	LAPTOP-S619FPN7	LAPTOP-S619FPN7	2021-12-22 15:15:01


SYSTEM_INFO	CarMaker 10.2 - Car_Generic #1010	fh@obelix.ipg 2021-10-26 11:17:58	(10.2 fh@obelix.ipg 2021-10-26 11:17:53)
SIM	1640166302	LAPTOP-S619FPN7			0	0	0
SIM	1640166305	LAPTOP-S619FPN7	shailesh_suthar	unknown	0	21.55	225.438
SIM	1640166336	LAPTOP-S619FPN7	shailesh_suthar	unknown	0	21.55	225.438
SIM	1640166358	LAPTOP-S619FPN7	shailesh_suthar	unknown	0	22.496	225.436
SIM	1640166442	LAPTOP-S619FPN7	shailesh_suthar	unknown	0	22.496	225.436
SIM	1640166523	LAPTOP-S619FPN7	shailesh_suthar	unknown	0	22.496	225.436
SIM	1640166614	LAPTOP-S619FPN7	shailesh_suthar	unknown	0	26.292	225.417
SIM	1640166637	LAPTOP-S619FPN7	shailesh_suthar	unknown	0	30	159.229
SIM	1640166663	LAPTOP-S619FPN7	shailesh_suthar	unknown	0	30	212.638
SIM	1640166692	LAPTOP-S619FPN7	shailesh_suthar	unknown	0	30	194.847
SIM	1640166726	LAPTOP-S619FPN7	shailesh_suthar	unknown	0	30	151.394
SIM	1640166755	LAPTOP-S619FPN7	shailesh_suthar	unknown	0	30	149.107
SIM	1640167118	LAPTOP-S619FPN7	shailesh_suthar	unknown	0	30	149.107
SIM	1640167212	LAPTOP-S619FPN7	shailesh_suthar	unknown	0	30	149.107
SIM	1640167289	LAPTOP-S619FPN7	shailesh_suthar	unknown	0	30	149.107
SIM	1640167912	LAPTOP-S619FPN7	shailesh_suthar	unknown	0	30	149.107
SIM	1640168178	LAPTOP-S619FPN7	shailesh_suthar	unknown	0	30	149.107
SIM	1640168229	LAPTOP-S619FPN7	shailesh_suthar	unknown	0	30	149.107
SIM	1640168302	LAPTOP-S619FPN7	shailesh_suthar	unknown	0	30	149.107
SIM	1640168380	LAPTOP-S619FPN7	shailesh_suthar	unknown	0	30	149.107
SIM	1640168488	LAPTOP-S619FPN7	shailesh_suthar	unknown	0	30	149.107
SIM	1640168571	LAPTOP-S619FPN7	shailesh_suthar	unknown	0	30	149.107
SIM	1640168680	LAPTOP-S619FPN7	shailesh_suthar	unknown	0	30	149.107
SIM	1640168764	LAPTOP-S619FPN7	shailesh_suthar	unknown	0	30	149.107
SIM	1640168778	LAPTOP-S619FPN7	shailesh_suthar	unknown	0	30	149.107
SIM	1640168794	LAPTOP-S619FPN7	shailesh_suthar	unknown	0	30	149.107
SIM	1640168811	LAPTOP-S619FPN7	shailesh_suthar	unknown	0	30	149.107
SIM	1640168831	LAPTOP-S619FPN7	shailesh_suthar	unknown	0	30	149.107
SIM	1640168954	LAPTOP-S619FPN7	shailesh_suthar	unknown	0	30	149.107
SIM	1640168977	LAPTOP-S619FPN7	shailesh_suthar	unknown	0	30	149.107
SIM	1640168999	LAPTOP-S619FPN7	shailesh_suthar	unknown	0	30	149.107


SYSTEM_START	-	LAPTOP-S619FPN7	LAPTOP-S619FPN7	2021-12-22 19:40:40


SYSTEM_INFO	CarMaker 10.2 - Car_Generic #1010	fh@obelix.ipg 2021-10-26 11:17:58	(10.2 fh@obelix.ipg 2021-10-26 11:17:53)
SIM	1640182240	LAPTOP-S619FPN7			0	0	0
SIM	1640182242	LAPTOP-S619FPN7	shailesh_suthar	unknown	0	30	366.367
SIM	1640182378	LAPTOP-S619FPN7	shailesh_suthar	unknown	0	30	366.367
SIM	1640182435	LAPTOP-S619FPN7	shailesh_suthar	unknown	0	37.794	496.294
SIM	1640182528	LAPTOP-S619FPN7	shailesh_suthar	unknown	0	26.207	303.623
SIM	1640182554	LAPTOP-S619FPN7	shailesh_suthar	unknown	0	25.444	290.925
SIM	1640182577	LAPTOP-S619FPN7	shailesh_suthar	unknown	0	31.286	387.785
SIM	1640182607	LAPTOP-S619FPN7	shailesh_suthar	unknown	0	24.693	278.388
SIM	1640182755	LAPTOP-S619FPN7	shailesh_suthar	unknown	2	0	278.388
SIM	1640182804	LAPTOP-S619FPN7	shailesh_suthar	unknown	0	37.794	496.294
SIM	1640182884	LAPTOP-S619FPN7	shailesh_suthar	unknown	0	37.112	484.928
SIM	1640183176	LAPTOP-S619FPN7	shailesh_suthar	unknown	0	24.247	262.547
SIM	1640183208	LAPTOP-S619FPN7	shailesh_suthar	unknown	0	24.361	234.763
SIM	1640183235	LAPTOP-S619FPN7	shailesh_suthar	unknown	0	26.581	219.884
SIM	1640183276	LAPTOP-S619FPN7	shailesh_suthar	unknown	0	24.711	213.996
SIM	1640183339	LAPTOP-S619FPN7	shailesh_suthar	unknown	0	35.055	335.873
SIM	1640183429	LAPTOP-S619FPN7	shailesh_suthar	unknown	0	40	396.092
SIM	1640183512	LAPTOP-S619FPN7	shailesh_suthar	unknown	0	34.28	345.494
SIM	1640183536	LAPTOP-S619FPN7	shailesh_suthar	unknown	0	40	412.227
SIM	1640183707	LAPTOP-S619FPN7	shailesh_suthar	unknown	0	28.259	275.249
SIM	1640183951	LAPTOP-S619FPN7	shailesh_suthar	unknown	0	40	407.733


SYSTEM_START	-	LAPTOP-S619FPN7	LAPTOP-S619FPN7	2022-01-21 18:57:22


SYSTEM_INFO	CarMaker 10.2 - Car_Generic #1010	fh@obelix.ipg 2021-10-26 11:17:58	(10.2 fh@obelix.ipg 2021-10-26 11:17:53)
SIM	1642771643	LAPTOP-S619FPN7			0	0	0
SIM	1642771646	LAPTOP-S619FPN7	shailesh_suthar	T_Junction	0	30	149.107
SIM	1642773066	LAPTOP-S619FPN7	shailesh_suthar	T_Junction	0	30	149.107
