

SYSTEM_START	-	LAPTOP-S619FPN7	LAPTOP-S619FPN7	2022-01-19 10:26:14


SYSTEM_INFO	CarMaker 10.2 - Car_Generic #1010	fh@obelix.ipg 2021-10-26 11:17:58	(10.2 fh@obelix.ipg 2021-10-26 11:17:53)
SIM	1642568174	LAPTOP-S619FPN7			0	0	0
SIM	1642568177	LAPTOP-S619FPN7	shailesh_suthar	Y_junction	0	28.613	410.822
SIM	1642568346	LAPTOP-S619FPN7	shailesh_suthar	Y_junction	0	26.615	410.84
SIM	1642568576	LAPTOP-S619FPN7	shailesh_suthar	Y_junction	0	26.674	410.597
SIM	1642568621	LAPTOP-S619FPN7	shailesh_suthar	Y_junction	0	27.29	410.589
SIM	1642568725	LAPTOP-S619FPN7	shailesh_suthar	Y_junction	0	28.411	386.758
SIM	1642568898	LAPTOP-S619FPN7	shailesh_suthar	Y_junction	0	28.696	410.085
SIM	1642568949	LAPTOP-S619FPN7	shailesh_suthar	Y_junction	0	29.309	410.088
SIM	1642568999	LAPTOP-S619FPN7	shailesh_suthar	Y_junction	0	28.12	410.075
SIM	1642569135	LAPTOP-S619FPN7	shailesh_suthar	Y_junction	0	28.288	410.092
SIM	1642569245	LAPTOP-S619FPN7	shailesh_suthar	Y_junction	0	28.259	410.092
SIM	1642569286	LAPTOP-S619FPN7	shailesh_suthar	Y_junction	0	28.288	410.092
SIM	1642569357	LAPTOP-S619FPN7	shailesh_suthar	Y_junction	0	28.337	410.084
SIM	1642569508	LAPTOP-S619FPN7	shailesh_suthar	Y_junction	0	27.992	410.084
SIM	1642569878	LAPTOP-S619FPN7	shailesh_suthar	Y_junction	0	27.967	410.095
SIM	1642569912	LAPTOP-S619FPN7	shailesh_suthar	Y_junction	0	27.187	410.073
SIM	1642569965	LAPTOP-S619FPN7	shailesh_suthar	Y_junction	0	27.242	410.082
SIM	1642570007	LAPTOP-S619FPN7	shailesh_suthar	Y_junction	0	27.992	410.074
SIM	1642570051	LAPTOP-S619FPN7	shailesh_suthar	Y_junction	0	27.992	410.084
SIM	1642570194	LAPTOP-S619FPN7	shailesh_suthar	Y_junction	0	28.008	410.094
SIM	1642570382	LAPTOP-S619FPN7	shailesh_suthar	Y_junction	0	33.626	410.082
SIM	1642570576	LAPTOP-S619FPN7	shailesh_suthar	Y_junction	0	34.18	410.086
SIM	1642570708	LAPTOP-S619FPN7	shailesh_suthar	Y_junction	0	49.783	410.092
SIM	1642571157	LAPTOP-S619FPN7	shailesh_suthar	Y_junction	0	37.251	410.072
SIM	1642571898	LAPTOP-S619FPN7	shailesh_suthar	Y_junction	0	37.208	410.084
SIM	1642572009	LAPTOP-S619FPN7	shailesh_suthar	Y_junction	0	37.208	410.084
SIM	1642572206	LAPTOP-S619FPN7	shailesh_suthar	Y_junction	0	37.208	410.084
SIM	1642572347	LAPTOP-S619FPN7	shailesh_suthar	Y_junction	0	37.514	410.083
SIM	1642573262	LAPTOP-S619FPN7	shailesh_suthar	Y_junction	0	37.514	410.083
SIM	1642573343	LAPTOP-S619FPN7	shailesh_suthar	Y_junction	0	37.514	410.083
SIM	1642573453	LAPTOP-S619FPN7	shailesh_suthar	Y_junction	0	37.514	410.083
SIM	1642573599	LAPTOP-S619FPN7	shailesh_suthar	Y_junction	0	37.514	410.083
SIM	1642573814	LAPTOP-S619FPN7	shailesh_suthar	Y_junction	0	37.514	410.083


SYSTEM_START	-	LAPTOP-S619FPN7	LAPTOP-S619FPN7	2022-01-19 13:11:55


SYSTEM_INFO	CarMaker 10.2 - Car_Generic #1010	fh@obelix.ipg 2021-10-26 11:17:58	(10.2 fh@obelix.ipg 2021-10-26 11:17:53)
SIM	1642578115	LAPTOP-S619FPN7			0	0	0
SIM	1642578118	LAPTOP-S619FPN7	shailesh_suthar	Y_junction_1	0	36.209	313.988
SIM	1642578274	LAPTOP-S619FPN7	shailesh_suthar	Y_junction_1	0	36.193	313.178
SIM	1642578450	LAPTOP-S619FPN7	shailesh_suthar	Y_junction_1	0	36.099	313.159
SIM	1642578644	LAPTOP-S619FPN7	shailesh_suthar	Y_junction_1	0	36.099	313.159
SIM	1642578790	LAPTOP-S619FPN7	shailesh_suthar	Y_junction_1	0	36.099	313.159
SIM	1642578926	LAPTOP-S619FPN7	shailesh_suthar	Y_junction_1	0	36.099	313.159
SIM	1642578994	LAPTOP-S619FPN7	shailesh_suthar	Y_junction_1	0	36.099	313.159
SIM	1642581412	LAPTOP-S619FPN7	shailesh_suthar	Y_junction_1	0	36.099	313.159
SIM	1642581575	LAPTOP-S619FPN7	shailesh_suthar	Y_junction_1	0	36.099	313.159


SYSTEM_START	-	LAPTOP-S619FPN7	LAPTOP-S619FPN7	2022-01-19 14:31:07


SYSTEM_INFO	CarMaker 10.2 - Car_Generic #1010	fh@obelix.ipg 2021-10-26 11:17:58	(10.2 fh@obelix.ipg 2021-10-26 11:17:53)
SIM	1642582867	LAPTOP-S619FPN7			0	0	0
SIM	1642582869	LAPTOP-S619FPN7	shailesh_suthar	Y_junction_1	0	36.099	313.159
SIM	1642582920	LAPTOP-S619FPN7	shailesh_suthar	Y_junction_1	0	36.099	313.159
