

SYSTEM_START	-	LAPTOP-SLDO5406	LAPTOP-SLDO5406	2021-12-28 12:10:21


SYSTEM_INFO	CarMaker 10.1 - Car_Generic #299	fh@obelix.ipg 2021-07-20 16:42:55	(10.1 fh@obelix.ipg 2021-07-20 16:42:50)
SIM	1640673621	LAPTOP-SLDO5406			0	0	0
SIM	1640673622	LAPTOP-SLDO5406	Virender_Singh	unknown	0	28.654	296.543
SIM	1640673864	LAPTOP-SLDO5406	Virender_Singh	unknown	0	28.255	296.332


SYSTEM_START	-	LAPTOP-SLDO5406	LAPTOP-SLDO5406	2021-12-28 14:05:19


SYSTEM_INFO	CarMaker 10.1 - Car_Generic #299	fh@obelix.ipg 2021-07-20 16:42:55	(10.1 fh@obelix.ipg 2021-07-20 16:42:50)
SIM	1640680519	LAPTOP-SLDO5406			0	0	0
SIM	1640680520	LAPTOP-SLDO5406	Virender_Singh	Speed_Breaker	0	28.321	296.304


SYSTEM_START	-	LAPTOP-SLDO5406	LAPTOP-SLDO5406	2021-12-29 15:13:02


SYSTEM_INFO	CarMaker 10.1 - Car_Generic #299	fh@obelix.ipg 2021-07-20 16:42:55	(10.1 fh@obelix.ipg 2021-07-20 16:42:50)
SIM	1640770983	LAPTOP-SLDO5406			0	0	0
SIM	1640770984	LAPTOP-SLDO5406	Virender_Singh	Speed_Breaker	0	23.739	295.083
SIM	1640771105	LAPTOP-SLDO5406	Virender_Singh	Speed_Breaker	0	21	248.224


SYSTEM_START	-	LAPTOP-SLDO5406	LAPTOP-SLDO5406	2021-12-31 15:25:41


SYSTEM_INFO	CarMaker 10.1 - Car_Generic #299	fh@obelix.ipg 2021-07-20 16:42:55	(10.1 fh@obelix.ipg 2021-07-20 16:42:50)
SIM	1640944541	LAPTOP-SLDO5406			0	0	0
SIM	1640944542	LAPTOP-SLDO5406	Virender_Singh	Speed_Breaker	0	15.53	157.081
SIM	1640944594	LAPTOP-SLDO5406	Virender_Singh	Speed_Breaker	0	15.53	157.081
SIM	1640944631	LAPTOP-SLDO5406	Virender_Singh	Speed_Breaker	0	15.53	157.081
SIM	1640944666	LAPTOP-SLDO5406	Virender_Singh	Speed_Breaker	0	13.377	139.075
SIM	1640944697	LAPTOP-SLDO5406	Virender_Singh	Speed_Breaker	0	13.377	139.075
SIM	1640944749	LAPTOP-SLDO5406	Virender_Singh	Speed_Breaker	0	14.338	145.068
SIM	1640944810	LAPTOP-SLDO5406	Virender_Singh	Speed_Breaker	0	25.784	295.276
