

SYSTEM_START	-	LAPTOP-SVB8HAQT	LAPTOP-SVB8HAQT	2022-01-12 22:42:41


SYSTEM_INFO	CarMaker 10.2 - Car_Generic #1010	fh@obelix.ipg 2021-10-26 11:17:58	(10.2 fh@obelix.ipg 2021-10-26 11:17:53)
SIM	1642007561	LAPTOP-SVB8HAQT			0	0	0
SIM	1642007563	LAPTOP-SVB8HAQT	NITIN_SHARMA	unknown	0	17.999	292.891
SIM	1642007798	LAPTOP-SVB8HAQT	NITIN_SHARMA	unknown	0	20.603	273.771
SIM	1642007821	LAPTOP-SVB8HAQT	NITIN_SHARMA	unknown	0	23.115	342.892
SIM	1642008695	LAPTOP-SVB8HAQT	NITIN_SHARMA	unknown	2	0	342.892
SIM	1642008717	LAPTOP-SVB8HAQT	NITIN_SHARMA	unknown	0	19.815	342.886
SIM	1642008763	LAPTOP-SVB8HAQT	NITIN_SHARMA	unknown	0	17.462	382.906
SIM	1642008811	LAPTOP-SVB8HAQT	NITIN_SHARMA	unknown	0	27.088	411.916
SIM	1642008842	LAPTOP-SVB8HAQT	NITIN_SHARMA	unknown	0	18.499	411.915
SIM	1642008883	LAPTOP-SVB8HAQT	NITIN_SHARMA	unknown	0	18.075	238.18
SIM	1642008904	LAPTOP-SVB8HAQT	NITIN_SHARMA	unknown	0	18.143	422.917
SIM	1642008925	LAPTOP-SVB8HAQT	NITIN_SHARMA	unknown	0	21.462	417.757
SIM	1642008950	LAPTOP-SVB8HAQT	NITIN_SHARMA	unknown	0	26.409	425.902
SIM	1642008985	LAPTOP-SVB8HAQT	NITIN_SHARMA	unknown	0	23.354	363.156
SIM	1642009011	LAPTOP-SVB8HAQT	NITIN_SHARMA	unknown	0	21.853	425.902
SIM	1642009036	LAPTOP-SVB8HAQT	NITIN_SHARMA	unknown	0	21.997	428.902
SIM	1642009081	LAPTOP-SVB8HAQT	NITIN_SHARMA	Scenario	0	17.913	343.823
SIM	1642009344	LAPTOP-SVB8HAQT	NITIN_SHARMA	Scenario	0	21.997	428.902
SIM	1642009430	LAPTOP-SVB8HAQT	NITIN_SHARMA	Scenario	0	9.91	177.501
SIM	1642009460	LAPTOP-SVB8HAQT	NITIN_SHARMA	Scenario	0	9.891	177.109
SIM	1642009485	LAPTOP-SVB8HAQT	NITIN_SHARMA	Scenario	0	9.888	177.047
SIM	1642009534	LAPTOP-SVB8HAQT	NITIN_SHARMA	Scenario	0	9.888	177.047
SIM	1642009613	LAPTOP-SVB8HAQT	NITIN_SHARMA	Scenario	0	9.888	177.047
