

SYSTEM_START	-	LAPTOP-S619FPN7	LAPTOP-S619FPN7	2022-01-09 15:55:37


SYSTEM_INFO	CarMaker 10.2 - Car_Generic #1010	fh@obelix.ipg 2021-10-26 11:17:58	(10.2 fh@obelix.ipg 2021-10-26 11:17:53)
SIM	1641723937	LAPTOP-S619FPN7			0	0	0
SIM	1641723941	LAPTOP-S619FPN7	shailesh_suthar	unknown	0	61.607	705.242
SIM	1641724316	LAPTOP-S619FPN7	shailesh_suthar	unknown	0	61.607	705.242
SIM	1641724687	LAPTOP-S619FPN7	shailesh_suthar	unknown	0	61.607	705.242
SIM	1641725576	LAPTOP-S619FPN7	shailesh_suthar	unknown	0	63.086	705.244
SIM	1641729503	LAPTOP-S619FPN7	shailesh_suthar	unknown	0	63.086	705.244
SIM	1641729819	LAPTOP-S619FPN7	shailesh_suthar	diversion_due_to_trafic	0	67.375	724.204
SIM	1641730032	LAPTOP-S619FPN7	shailesh_suthar	diversion_due_to_trafic	0	67.375	724.204
SIM	1641730111	LAPTOP-S619FPN7	shailesh_suthar	diversion_due_to_trafic	0	67.375	724.204
SIM	1641730159	LAPTOP-S619FPN7	shailesh_suthar	diversion_due_to_trafic	0	67.375	724.204


SYSTEM_START	-	LAPTOP-S619FPN7	LAPTOP-S619FPN7	2022-01-09 20:54:47


SYSTEM_INFO	CarMaker 10.2 - Car_Generic #1010	fh@obelix.ipg 2021-10-26 11:17:58	(10.2 fh@obelix.ipg 2021-10-26 11:17:53)
SIM	1641741887	LAPTOP-S619FPN7			0	0	0
SIM	1641741889	LAPTOP-S619FPN7	shailesh_suthar	diversion_due_to_trafic_1	0	55.054	0.71623
SIM	1641742034	LAPTOP-S619FPN7	shailesh_suthar	diversion_due_to_trafic_1	0	80	623.83
SIM	1641742207	LAPTOP-S619FPN7	shailesh_suthar	diversion_due_to_trafic_1	0	80	619.425
SIM	1641742615	LAPTOP-S619FPN7	shailesh_suthar	diversion_due_to_trafic_1	0	80	659.004
SIM	1641742810	LAPTOP-S619FPN7	shailesh_suthar	diversion_due_to_trafic_1	0	26.252	201.629
SIM	1641742863	LAPTOP-S619FPN7	shailesh_suthar	diversion_due_to_trafic_1	0	60	509.958
SIM	1641742904	LAPTOP-S619FPN7	shailesh_suthar	diversion_due_to_trafic_1	0	120	625.721
SIM	1641743034	LAPTOP-S619FPN7	shailesh_suthar	diversion_due_to_trafic_1	0	104.507	754.594
SIM	1641743685	LAPTOP-S619FPN7	shailesh_suthar	diversion_due_to_trafic_1	0	104.507	754.594
SIM	1641743815	LAPTOP-S619FPN7	shailesh_suthar	diversion_due_to_trafic_1	0	102	743.857
SIM	1641743878	LAPTOP-S619FPN7	shailesh_suthar	diversion_due_to_trafic_1	0	102	743.857
SIM	1641744367	LAPTOP-S619FPN7	shailesh_suthar	diversion_due_to_trafic_1	0	56.416	453.747
SIM	1641744665	LAPTOP-S619FPN7	shailesh_suthar	diversion_due_to_trafic_1	0	104.401	754.812


SYSTEM_START	-	LAPTOP-S619FPN7	LAPTOP-S619FPN7	2022-01-10 10:15:46


SYSTEM_INFO	CarMaker 10.2 - Car_Generic #1010	fh@obelix.ipg 2021-10-26 11:17:58	(10.2 fh@obelix.ipg 2021-10-26 11:17:53)
SIM	1641789946	LAPTOP-S619FPN7			0	0	0
SIM	1641789957	LAPTOP-S619FPN7	shailesh_suthar	diversion_due_to_trafic_1	0	104.401	754.812
