APPLICATION	CarMaker 10.2 - Car_Generic #1010 (win64-10.2)
COMPILED	fh@obelix.ipg 2021-10-26 11:17:58
 
FIRST_INIT	(internal default used)	2022-01-19 10:26:14
TIME	0.000
SIM_END			0s	0m
IDLE	10:26:14
SIM_START	Y_junction	2022-01-19 10:26:17
TIME	0.000
SIMULATE	Y_junction

TIME	28.616
SIM_END		Y_junction	28.613s	410.822m
TIME	43.795
SIM_START	Y_junction	2022-01-19 10:29:06
TIME	0.000
SIMULATE	Y_junction

TIME	26.620
SIM_END		Y_junction	26.615s	410.84m
TIME	47.860
SIM_START	Y_junction	2022-01-19 10:32:56
TIME	0.000
SIMULATE	Y_junction

TIME	26.677
SIM_END		Y_junction	26.674s	410.597m
TIME	29.788
SIM_START	Y_junction	2022-01-19 10:33:41
TIME	0.000
SIMULATE	Y_junction

TIME	27.293
SIM_END		Y_junction	27.29s	410.589m
TIME	0.001
TIME	36.428
SIM_START	Y_junction	2022-01-19 10:35:25
TIME	0.000
SIMULATE	Y_junction

TIME	28.416
SIM_END		Y_junction	28.411s	386.758m
TIME	44.414
SIM_START	Y_junction	2022-01-19 10:38:18
TIME	0.000
SIMULATE	Y_junction

TIME	28.700
SIM_END		Y_junction	28.696s	410.085m
TIME	32.479
SIM_START	Y_junction	2022-01-19 10:39:09
TIME	0.000
SIMULATE	Y_junction

TIME	29.313
SIM_END		Y_junction	29.309s	410.088m
TIME	32.939
SIM_START	Y_junction	2022-01-19 10:39:59
TIME	0.000
SIMULATE	Y_junction

TIME	28.123
SIM_END		Y_junction	28.12s	410.075m
TIME	0.001
TIME	39.770
SIM_START	Y_junction	2022-01-19 10:42:15
TIME	0.000
SIMULATE	Y_junction

TIME	28.291
SIM_END		Y_junction	28.288s	410.092m
TIME	36.001
SIM_START	Y_junction	2022-01-19 10:44:05
TIME	0.000
SIMULATE	Y_junction

TIME	28.262
SIM_END		Y_junction	28.259s	410.092m
SIM_START	Y_junction	2022-01-19 10:44:46
TIME	0.000
SIMULATE	Y_junction

TIME	28.291
SIM_END		Y_junction	28.288s	410.092m
TIME	32.196
SIM_START	Y_junction	2022-01-19 10:45:57
TIME	0.000
SIMULATE	Y_junction

TIME	28.340
SIM_END		Y_junction	28.337s	410.084m
TIME	40.291
SIM_START	Y_junction	2022-01-19 10:48:28
TIME	0.000
SIMULATE	Y_junction

TIME	27.995
SIM_END		Y_junction	27.992s	410.084m
TIME	61.741
SIM_START	Y_junction	2022-01-19 10:54:38
TIME	0.000
SIMULATE	Y_junction

TIME	27.970
SIM_END		Y_junction	27.967s	410.095m
SIM_START	Y_junction	2022-01-19 10:55:12
TIME	0.000
SIMULATE	Y_junction

TIME	27.190
SIM_END		Y_junction	27.187s	410.073m
TIME	29.511
SIM_START	Y_junction	2022-01-19 10:56:05
TIME	0.000
SIMULATE	Y_junction

TIME	27.246
SIM_END		Y_junction	27.242s	410.082m
TIME	0.001
SIM_START	Y_junction	2022-01-19 10:56:47
TIME	0.000
SIMULATE	Y_junction

TIME	27.995
SIM_END		Y_junction	27.992s	410.074m
SIM_START	Y_junction	2022-01-19 10:57:31
TIME	0.000
SIMULATE	Y_junction

TIME	27.995
SIM_END		Y_junction	27.992s	410.084m
TIME	39.203
SIM_START	Y_junction	2022-01-19 10:59:54
TIME	0.000
SIMULATE	Y_junction

TIME	28.011
SIM_END		Y_junction	28.008s	410.094m
TIME	43.769
SIM_START	Y_junction	2022-01-19 11:03:02
TIME	0.000
SIMULATE	Y_junction

TIME	33.629
SIM_END		Y_junction	33.626s	410.082m
TIME	49.088
SIM_START	Y_junction	2022-01-19 11:06:16
TIME	0.000
SIMULATE	Y_junction

TIME	34.183
SIM_END		Y_junction	34.18s	410.086m
TIME	43.602
SIM_START	Y_junction	2022-01-19 11:08:28
TIME	0.000
SIMULATE	Y_junction

TIME	49.786
SIM_END		Y_junction	49.783s	410.092m
TIME	89.425
SIM_START	Y_junction	2022-01-19 11:15:57
TIME	0.000
SIMULATE	Y_junction

TIME	37.254
SIM_END		Y_junction	37.251s	410.072m
TIME	107.461
SIM_START	Y_junction	2022-01-19 11:28:18
TIME	0.000
SIMULATE	Y_junction

TIME	37.211
SIM_END		Y_junction	37.208s	410.084m
TIME	44.141
SIM_START	Y_junction	2022-01-19 11:30:09
TIME	0.000
SIMULATE	Y_junction

TIME	37.211
SIM_END		Y_junction	37.208s	410.084m
TIME	52.878
SIM_START	Y_junction	2022-01-19 11:33:26
TIME	0.000
SIMULATE	Y_junction

TIME	37.211
SIM_END		Y_junction	37.208s	410.084m
TIME	0.001
SIM_START	Y_junction	2022-01-19 11:35:47
TIME	0.000
SIMULATE	Y_junction

TIME	37.517
SIM_END		Y_junction	37.514s	410.083m
TIME	125.109
SIM_START	Y_junction	2022-01-19 11:51:02
TIME	0.000
SIMULATE	Y_junction

TIME	37.517
SIM_END		Y_junction	37.514s	410.083m
TIME	41.531
SIM_START	Y_junction	2022-01-19 11:52:23
TIME	0.000
SIMULATE	Y_junction

TIME	37.518
SIM_END		Y_junction	37.514s	410.083m
TIME	44.596
SIM_START	Y_junction	2022-01-19 11:54:13
TIME	0.000
SIMULATE	Y_junction

TIME	37.517
SIM_END		Y_junction	37.514s	410.083m
TIME	48.267
SIM_START	Y_junction	2022-01-19 11:56:39
TIME	0.000
SIMULATE	Y_junction

TIME	37.517
SIM_END		Y_junction	37.514s	410.083m
TIME	55.069
SIM_START	Y_junction	2022-01-19 12:00:14
TIME	0.000
SIMULATE	Y_junction

TIME	37.517
SIM_END		Y_junction	37.514s	410.083m
TIME	53.832
SHUTDOWN	CarMaker quick shutdown initiated

