APPLICATION	CarMaker 10.2 - Car_Generic #1010 (win64-10.2)
COMPILED	fh@obelix.ipg 2021-10-26 11:17:58
 
FIRST_INIT	(internal default used)	2022-01-22 16:46:14
TIME	0.000
SIM_END			0s	0m
IDLE	16:46:14
SIM_START	unknown	2022-01-22 16:46:16
TIME	0.000
SIMULATE	unknown

TIME	24.003
SIM_END		unknown	24s	338.039m
SIM_START	unknown	2022-01-22 16:46:46
TIME	0.000
SIMULATE	unknown

TIME	14.583
SIM_END		unknown	14.579s	263.81m
SIM_START	unknown	2022-01-22 16:47:04
TIME	0.000
SIMULATE	unknown

TIME	15.865
SIM_END		unknown	15.861s	286.981m
SIM_START	unknown	2022-01-22 16:47:23
TIME	0.000
SIMULATE	unknown

TIME	16.699
SIM_END		unknown	16.695s	301.889m
SIM_START	unknown	2022-01-22 16:47:42
TIME	0.000
SIMULATE	unknown

TIME	14.111
SIM_END		unknown	14.107s	255.169m
TIME	49.833
SIM_START	unknown	2022-01-22 16:53:55
TIME	0.000
SIMULATE	unknown

TIME	20.904
SIM_END		unknown	20.901s	377.973m
TIME	25.417
SIM_START	unknown	2022-01-22 16:55:08
TIME	0.000
SIMULATE	unknown

TIME	12.508
SIM_END		unknown	12.505s	226.208m
SIM_START	unknown	2022-01-22 16:55:38
TIME	0.000
SIMULATE	unknown

TIME	11.462
SIM_END		unknown	11.458s	207.989m
TIME	13.968
SIM_START	unknown	2022-01-22 16:56:17
TIME	0.000
SIMULATE	unknown

TIME	11.635
SIM_END		unknown	11.632s	210.897m
TIME	13.733
SIM_START	unknown	2022-01-22 16:56:52
TIME	0.000
SIMULATE	unknown

TIME	13.486
SIM_END		unknown	13.482s	233.827m
TIME	24.487
SIM_START	unknown	2022-01-22 16:58:58
TIME	0.000
SIMULATE	unknown

TIME	9.138
SIM_END		unknown	9.135s	166.309m
TIME	0.001
SIM_START	unknown	2022-01-22 17:05:08
TIME	0.000
SIMULATE	unknown

TIME	9.139
SIM_END		unknown	9.135s	166.309m
TIME	0.001
SIM_START	scenario	2022-01-22 17:08:59
TIME	0.000
SIMULATE	scenario

TIME	9.147
SIM_END		scenario	9.144s	166.47m
TIME	12.698
SHUTDOWN	CarMaker quick shutdown initiated

