APPLICATION	CarMaker 10.2 - Car_Generic #1010 (win64-10.2)
COMPILED	fh@obelix.ipg 2021-10-26 11:17:58
 
FIRST_INIT	(internal default used)	2022-01-21 22:17:32
TIME	0.000
SIM_END			0s	0m
IDLE	22:17:33
SIM_START	2015481_Scenario_28	2022-01-21 22:17:33
TIME	0.000
SIMULATE	2015481_Scenario_28

TIME	23.007
		Traffic object 11: maneuver 'LaneChange' at time=23.006s ignored (rv=5)
TIME	61.526
SIM_END		2015481_Scenario_28	61.523s	250.194m
SIM_START	2015481_Scenario_28	2022-01-21 22:18:45
TIME	0.000
SIMULATE	2015481_Scenario_28

TIME	23.007
		Traffic object 11: maneuver 'LaneChange' at time=23.006s ignored (rv=5)
TIME	61.527
SIM_END		2015481_Scenario_28	61.523s	250.194m
TIME	63.972
SIM_START	2015481_Scenario_28	2022-01-21 22:20:14
TIME	0.000
SIMULATE	2015481_Scenario_28

TIME	23.007
		Traffic object 11: maneuver 'LaneChange' at time=23.006s ignored (rv=5)
TIME	56.630
ERROR		Vehicle leaves road at about x=107.692, y=-27.1132 TireNo=1
SIM_ABORT	2015481_Scenario_28	56.63s	191.623m
TIME	63.875
SIM_START	2015481_Scenario_28	2022-01-21 22:22:26
TIME	0.000
SIMULATE	2015481_Scenario_28

TIME	23.007
		Traffic object 11: maneuver 'LaneChange' at time=23.006s ignored (rv=5)
TIME	61.524
SIM_END		2015481_Scenario_28	61.519s	250.174m
SIM_START	2015481_Scenario_28	2022-01-21 22:23:44
TIME	0.000
SIMULATE	2015481_Scenario_28

TIME	23.007
		Traffic object 11: maneuver 'LaneChange' at time=23.006s ignored (rv=5)
TIME	61.525
SIM_END		2015481_Scenario_28	61.521s	250.196m
TIME	77.263
SIM_START	2015481_Scenario_28	2022-01-21 22:27:26
TIME	0.000
SIMULATE	2015481_Scenario_28

TIME	23.007
		Traffic object 11: maneuver 'LaneChange' at time=23.006s ignored (rv=5)
TIME	57.531
ERROR		Vehicle leaves road at about x=107.68, y=-27.8296 TireNo=0
SIM_ABORT	2015481_Scenario_28	57.531s	191.917m
TIME	62.561
SIM_START	2015481_Scenario_28	2022-01-21 22:29:16
TIME	0.000
SIMULATE	2015481_Scenario_28

TIME	23.007
		Traffic object 11: maneuver 'LaneChange' at time=23.006s ignored (rv=5)
TIME	55.250
ERROR		Vehicle leaves road at about x=86.4677, y=-14.4087 TireNo=0
SIM_ABORT	2015481_Scenario_28	55.25s	178.707m
SIM_START	2015481_Scenario_28	2022-01-21 22:29:46
TIME	0.000
SIMULATE	2015481_Scenario_28

TIME	23.007
		Traffic object 11: maneuver 'LaneChange' at time=23.006s ignored (rv=5)
TIME	56.635
ERROR		Vehicle leaves road at about x=107.699, y=-27.1016 TireNo=1
SIM_ABORT	2015481_Scenario_28	56.635s	191.656m
TIME	59.093
SIM_START	2015481_Scenario_28	2022-01-21 22:30:25
TIME	0.000
SIMULATE	2015481_Scenario_28

TIME	23.007
		Traffic object 11: maneuver 'LaneChange' at time=23.006s ignored (rv=5)
TIME	56.634
ERROR		Vehicle leaves road at about x=107.693, y=-27.0015 TireNo=1
SIM_ABORT	2015481_Scenario_28	56.634s	191.645m
SIM_START	2015481_Scenario_28	2022-01-21 22:30:56
TIME	0.000
SIMULATE	2015481_Scenario_28

TIME	23.007
		Traffic object 11: maneuver 'LaneChange' at time=23.006s ignored (rv=5)
TIME	61.523
SIM_END		2015481_Scenario_28	61.519s	250.174m
SIM_START	2015481_Scenario_28	2022-01-21 22:31:25
TIME	0.000
SIMULATE	2015481_Scenario_28

TIME	23.007
		Traffic object 11: maneuver 'LaneChange' at time=23.006s ignored (rv=5)
TIME	61.524
SIM_END		2015481_Scenario_28	61.52s	250.187m
TIME	77.641
SIM_START	2015481_Scenario_28	2022-01-21 22:34:22
TIME	0.000
SIMULATE	2015481_Scenario_28

TIME	23.007
		Traffic object 11: maneuver 'LaneChange' at time=23.006s ignored (rv=5)
TIME	61.524
SIM_END		2015481_Scenario_28	61.52s	250.187m
TIME	66.444
SIM_START	2015481_Scenario_28	2022-01-21 22:35:27
TIME	0.000
SIMULATE	2015481_Scenario_28

TIME	23.007
		Traffic object 11: maneuver 'LaneChange' at time=23.006s ignored (rv=5)
TIME	55.236
ERROR		Vehicle leaves road at about x=87.1108, y=-14.4055 TireNo=0
SIM_ABORT	2015481_Scenario_28	55.236s	178.849m
TIME	72.939
SIM_START	2015481_Scenario_28	2022-01-21 22:38:38
TIME	0.000
SIMULATE	2015481_Scenario_28

TIME	23.007
		Traffic object 11: maneuver 'LaneChange' at time=23.006s ignored (rv=5)
TIME	61.523
SIM_END		2015481_Scenario_28	61.519s	250.174m
TIME	68.275
SIM_START	2015481_Scenario_28	2022-01-21 22:40:01
TIME	0.000
SIMULATE	2015481_Scenario_28

TIME	23.007
		Traffic object 11: maneuver 'LaneChange' at time=23.006s ignored (rv=5)
TIME	61.522
SIM_END		2015481_Scenario_28	61.519s	250.174m
TIME	81.374
SIM_START	2015481_Scenario_28	2022-01-21 22:43:35
TIME	0.000
SIMULATE	2015481_Scenario_28

TIME	23.007
		Traffic object 11: maneuver 'LaneChange' at time=23.006s ignored (rv=5)
TIME	61.524
SIM_END		2015481_Scenario_28	61.519s	250.174m
TIME	67.409
SIM_START	2015481_Scenario_28	2022-01-21 22:44:50
TIME	0.000
SIMULATE	2015481_Scenario_28

TIME	23.007
		Traffic object 11: maneuver 'LaneChange' at time=23.006s ignored (rv=5)
TIME	61.522
SIM_END		2015481_Scenario_28	61.519s	250.174m
TIME	70.926
SIM_START	2015481_Scenario_28	2022-01-21 22:46:40
TIME	0.008
ERROR		Traffic object 12: Start road position is outside of route/path length
ERROR		Can't get parameters of traffic object 12 (2)
SIM_ABORT	2015481_Scenario_28	0s	250.174m
TIME	49.082
SIM_START	2015481_Scenario_28	2022-01-21 22:54:51
TIME	0.000
SIMULATE	2015481_Scenario_28

TIME	23.007
		Traffic object 11: maneuver 'LaneChange' at time=23.006s ignored (rv=5)
TIME	40.008
WARNING		Traffic object 12: Manoever 1 does not support driving against path direction
TIME	61.523
SIM_END		2015481_Scenario_28	61.519s	250.174m
TIME	87.359
SIM_START	2015481_Scenario_28	2022-01-21 22:59:24
TIME	0.000
SIMULATE	2015481_Scenario_28

TIME	23.007
		Traffic object 11: maneuver 'LaneChange' at time=23.006s ignored (rv=5)
TIME	40.008
WARNING		Traffic object 12: Manoever 1 does not support driving against path direction
TIME	61.523
SIM_END		2015481_Scenario_28	61.519s	250.174m
SIM_START	2015481_Scenario_28	2022-01-21 22:59:58
TIME	0.000
SIMULATE	2015481_Scenario_28

TIME	23.007
		Traffic object 11: maneuver 'LaneChange' at time=23.006s ignored (rv=5)
TIME	40.008
WARNING		Traffic object 12: Manoever 1 does not support driving against path direction
TIME	61.522
SIM_END		2015481_Scenario_28	61.519s	250.174m
TIME	64.143
SIM_START	2015481_Scenario_28	2022-01-21 23:00:43
TIME	0.000
SIMULATE	2015481_Scenario_28

TIME	23.007
		Traffic object 11: maneuver 'LaneChange' at time=23.006s ignored (rv=5)
TIME	40.008
WARNING		Traffic object 12: Manoever 1 does not support driving against path direction
TIME	61.522
SIM_END		2015481_Scenario_28	61.519s	250.174m
TIME	82.556
SIM_START	2015481_Scenario_28	2022-01-21 23:04:29
TIME	0.010
ERROR		Traffic object 12: failed to initialize the manoever 1
ERROR		Can't get parameters of traffic object 12 (2)
SIM_ABORT	2015481_Scenario_28	0s	250.174m
TIME	26.169
SIM_START	2015481_Scenario_28	2022-01-21 23:08:51
TIME	0.000
SIMULATE	2015481_Scenario_28

TIME	23.007
		Traffic object 11: maneuver 'LaneChange' at time=23.006s ignored (rv=5)
TIME	76.541
SIM_END		2015481_Scenario_28	76.538s	250.176m
SIM_START	2015481_Scenario_28	2022-01-21 23:09:19
TIME	0.000
SIMULATE	2015481_Scenario_28

TIME	23.007
		Traffic object 11: maneuver 'LaneChange' at time=23.006s ignored (rv=5)
TIME	76.541
SIM_END		2015481_Scenario_28	76.538s	250.176m
SIM_START	2015481_Scenario_28	2022-01-21 23:10:49
TIME	0.000
SIMULATE	2015481_Scenario_28

TIME	23.007
		Traffic object 11: maneuver 'LaneChange' at time=23.006s ignored (rv=5)
TIME	76.541
SIM_END		2015481_Scenario_28	76.538s	250.176m
TIME	81.937
SIM_START	2015481_Scenario_28	2022-01-21 23:13:03
TIME	0.000
SIMULATE	2015481_Scenario_28

TIME	23.007
		Traffic object 11: maneuver 'LaneChange' at time=23.006s ignored (rv=5)
TIME	76.543
SIM_END		2015481_Scenario_28	76.538s	250.176m
SIM_START	2015481_Scenario_28	2022-01-21 23:13:45
TIME	0.000
SIMULATE	2015481_Scenario_28

TIME	23.007
		Traffic object 11: maneuver 'LaneChange' at time=23.006s ignored (rv=5)
TIME	76.541
SIM_END		2015481_Scenario_28	76.538s	250.176m
TIME	80.269
SIM_START	2015481_Scenario_28	2022-01-21 23:14:51
TIME	0.000
SIMULATE	2015481_Scenario_28

TIME	23.007
		Traffic object 11: maneuver 'LaneChange' at time=23.006s ignored (rv=5)
TIME	76.541
SIM_END		2015481_Scenario_28	76.538s	250.176m
