

SYSTEM_START	-	LAPTOP-S619FPN7	LAPTOP-S619FPN7	2022-01-07 13:55:28


SYSTEM_INFO	CarMaker 10.2 - Car_Generic #1010	fh@obelix.ipg 2021-10-26 11:17:58	(10.2 fh@obelix.ipg 2021-10-26 11:17:53)
SIM	1641543928	LAPTOP-S619FPN7			0	0	0
SIM	1641543930	LAPTOP-S619FPN7	shailesh_suthar	unknown	0	37.249	446.085
SIM	1641543996	LAPTOP-S619FPN7	shailesh_suthar	unknown	0	41.263	496.764
SIM	1641544023	LAPTOP-S619FPN7	shailesh_suthar	unknown	0	41.263	496.764
SIM	1641544184	LAPTOP-S619FPN7	shailesh_suthar	unknown	0	30.38	212.823
SIM	1641544615	LAPTOP-S619FPN7	shailesh_suthar	unknown	0	36.513	347.162
SIM	1641544671	LAPTOP-S619FPN7	shailesh_suthar	unknown	0	30.617	205.246
SIM	1641544705	LAPTOP-S619FPN7	shailesh_suthar	unknown	1	25.153	159.341
SIM	1641544734	LAPTOP-S619FPN7	shailesh_suthar	unknown	0	41.263	496.772
SIM	1641551945	LAPTOP-S619FPN7	shailesh_suthar	dmage_road	0	36.679	495.511
SIM	1641552020	LAPTOP-S619FPN7	shailesh_suthar	dmage_road	0	36.744	497.683
SIM	1641552609	LAPTOP-S619FPN7	shailesh_suthar	dmage_road	2	0	497.683
SIM	1641552695	LAPTOP-S619FPN7	shailesh_suthar	dmage_road	2	0	0


SYSTEM_START	-	LAPTOP-S619FPN7	LAPTOP-S619FPN7	2022-01-07 17:12:56


SYSTEM_INFO	CarMaker 10.2 - Car_Generic #1010	fh@obelix.ipg 2021-10-26 11:17:58	(10.2 fh@obelix.ipg 2021-10-26 11:17:53)
SIM	1641555776	LAPTOP-S619FPN7			0	0	0
SIM	1641555778	LAPTOP-S619FPN7	shailesh_suthar	dmage_road	2	0	0
SIM	1641555841	LAPTOP-S619FPN7	shailesh_suthar	dmage_road	2	0	0
SIM	1641555881	LAPTOP-S619FPN7	shailesh_suthar	dmage_road	2	0	0
SIM	1641555883	LAPTOP-S619FPN7	shailesh_suthar	dmage_road	2	0	0
SIM	1641555945	LAPTOP-S619FPN7	shailesh_suthar	dmage_road	2	0	0
SIM	1641555995	LAPTOP-S619FPN7	shailesh_suthar	dmage_road	2	0	0
SIM	1641556019	LAPTOP-S619FPN7	shailesh_suthar	dmage_road	2	0	0
SIM	1641556128	LAPTOP-S619FPN7	shailesh_suthar	dmage_road	0	36.744	497.683
SIM	1641556321	LAPTOP-S619FPN7	shailesh_suthar	dmage_road	0	36.744	497.683
SIM	1641556457	LAPTOP-S619FPN7	shailesh_suthar	dmage_road	0	36.744	497.683
SIM	1641556547	LAPTOP-S619FPN7	shailesh_suthar	dmage_road	0	36.744	497.683
SIM	1641556652	LAPTOP-S619FPN7	shailesh_suthar	dmage_road	0	36.744	497.683
SIM	1641556838	LAPTOP-S619FPN7	shailesh_suthar	dmage_road	2	0	497.683
SIM	1641556857	LAPTOP-S619FPN7	shailesh_suthar	dmage_road	2	0	0
SIM	1641556915	LAPTOP-S619FPN7	shailesh_suthar	dmage_road	0	36.744	497.683
SIM	1641557111	LAPTOP-S619FPN7	shailesh_suthar	dmage_road	0	36.744	497.683
SIM	1641557479	LAPTOP-S619FPN7	shailesh_suthar	dmage_road	0	36.744	497.683
SIM	1641557616	LAPTOP-S619FPN7	shailesh_suthar	dmage_road	0	36.744	497.683
SIM	1641557675	LAPTOP-S619FPN7	shailesh_suthar	dmage_road	0	34.993	449.043
SIM	1641557752	LAPTOP-S619FPN7	shailesh_suthar	dmage_road	0	36.744	497.683
SIM	1641558500	LAPTOP-S619FPN7	shailesh_suthar	dmage_road	0	36.744	497.683
SIM	1641559117	LAPTOP-S619FPN7	shailesh_suthar	dmage_road	0	36.744	497.683
SIM	1641559179	LAPTOP-S619FPN7	shailesh_suthar	dmage_road	0	36.744	497.683
SIM	1641560585	LAPTOP-S619FPN7	shailesh_suthar	dmage_road	0	36.744	497.683
SIM	1641560968	LAPTOP-S619FPN7	shailesh_suthar	dmage_road	0	40.066	497.664
SIM	1641561524	LAPTOP-S619FPN7	shailesh_suthar	dmage_road	0	40.066	497.664
SIM	1641561646	LAPTOP-S619FPN7	shailesh_suthar	dmage_road	0	40.066	497.664
SIM	1641561703	LAPTOP-S619FPN7	shailesh_suthar	dmage_road	0	40.066	497.664
SIM	1641561725	LAPTOP-S619FPN7	shailesh_suthar	dmage_road	0	40.066	497.664
