APPLICATION	CarMaker 10.2 - Car_Generic #1010 (win64-10.2)
COMPILED	fh@obelix.ipg 2021-10-26 11:17:58
 
FIRST_INIT	(internal default used)	2021-12-28 17:10:41
TIME	0.000
SIM_END			0s	0m
IDLE	17:10:41
SIM_START	unknown	2021-12-28 17:10:44
TIME	0.000
SIMULATE	unknown

TIME	30.003
SIM_END		unknown	30s	253.762m
SIM_START	unknown	2021-12-28 17:11:27
TIME	0.000
SIMULATE	unknown

TIME	50.003
SIM_END		unknown	50s	301.607m
TIME	55.411
SIM_START	unknown	2021-12-28 17:12:41
TIME	0.000
SIMULATE	unknown

TIME	50.003
SIM_END		unknown	50s	460.383m
TIME	52.066
SIM_START	unknown	2021-12-28 17:13:21
TIME	0.000
SIMULATE	unknown

TIME	36.638
SIM_END		unknown	36.634s	321.07m
SIM_START	unknown	2021-12-28 17:13:46
TIME	0.000
SIMULATE	unknown

TIME	50.003
SIM_END		unknown	50s	479.707m
TIME	132.112
SIM_START	unknown	2021-12-28 17:27:46
TIME	0.000
SIMULATE	unknown

TIME	50.003
SIM_END		unknown	50s	479.702m
TIME	56.170
SIM_START	unknown	2021-12-28 17:29:11
TIME	0.000
SIMULATE	unknown

TIME	50.003
SIM_END		unknown	50s	479.702m
TIME	58.682
SIM_START	unknown	2021-12-28 17:30:59
TIME	0.000
SIMULATE	unknown

TIME	50.004
SIM_END		unknown	50s	479.702m
SIM_START	unknown	2021-12-28 17:31:35
TIME	0.000
SIMULATE	unknown

TIME	46.612
SIM_END		unknown	46.607s	441.06m
SIM_START	unknown	2021-12-28 17:32:11
TIME	0.000
SIMULATE	unknown

TIME	50.003
SIM_END		unknown	50s	479.702m
SIM_START	unknown	2021-12-28 17:32:42
TIME	0.000
SIMULATE	unknown

TIME	50.004
SIM_END		unknown	50s	479.702m
TIME	60.477
SIM_START	unknown	2021-12-28 17:34:48
TIME	0.000
SIMULATE	unknown

TIME	50.004
SIM_END		unknown	50s	479.702m
TIME	116.696
SIM_START	unknown	2021-12-28 17:46:15
TIME	0.000
SIMULATE	unknown

TIME	50.003
SIM_END		unknown	50s	479.702m
TIME	55.586
SIM_START	unknown	2021-12-28 17:47:36
TIME	0.000
SIMULATE	unknown

TIME	50.003
SIM_END		unknown	50s	479.702m
TIME	54.796
SIM_START	unknown	2021-12-28 17:48:44
TIME	0.000
SIMULATE	unknown

TIME	50.004
SIM_END		unknown	50s	479.702m
TIME	239.209
SIM_START	unknown	2021-12-28 18:38:27
TIME	0.000
SIMULATE	unknown

TIME	50.005
SIM_END		unknown	50s	462.697m
SIM_START	unknown	2021-12-28 18:39:01
TIME	0.000
SIMULATE	unknown

TIME	50.003
SIM_END		unknown	50s	462.697m
TIME	311.510
SHUTDOWN	CarMaker quick shutdown initiated

