APPLICATION	CarMaker 10.2 - Car_Generic #1010 (win64-10.2)
COMPILED	fh@obelix.ipg 2021-10-26 11:17:58
 
FIRST_INIT	(internal default used)	2021-12-28 15:28:51
TIME	0.000
SIM_END			0s	0m
IDLE	15:28:51
SIM_START	senario_3	2021-12-28 15:28:54
TIME	0.000
SIMULATE	senario_3

TIME	35.490
SIM_END		senario_3	35.487s	765.685m
SIM_START	senario_3	2021-12-28 15:29:26
TIME	0.000
SIMULATE	senario_3

TIME	5.492
SIM_END		senario_3	5.487s	20.0315m
SIM_START	senario_3	2021-12-28 15:29:50
TIME	0.000
SIMULATE	senario_3

TIME	5.490
SIM_END		senario_3	5.487s	20.0315m
SIM_START	senario_3	2021-12-28 15:30:06
TIME	0.000
SIMULATE	senario_3

TIME	35.491
SIM_END		senario_3	35.487s	765.685m
TIME	0.001
SIM_START	senario_3	2021-12-28 15:30:36
TIME	0.000
SIMULATE	senario_3

TIME	35.490
SIM_END		senario_3	35.487s	765.666m
TIME	69.880
SIM_START	senario_3	2021-12-28 15:36:35
TIME	0.000
SIMULATE	senario_3

TIME	35.491
SIM_END		senario_3	35.487s	765.666m
TIME	44.751
SIM_START	senario_3	2021-12-28 15:38:39
TIME	0.000
SIMULATE	senario_3

TIME	35.490
SIM_END		senario_3	35.487s	765.666m
SIM_START	senario_3	2021-12-28 15:39:09
TIME	0.000
SIMULATE	senario_3

TIME	35.490
SIM_END		senario_3	35.487s	765.666m
TIME	94.696
SIM_START	senario_3	2021-12-28 15:49:43
TIME	0.000
SIMULATE	senario_3

TIME	31.229
SIM_END		senario_3	31.224s	820.928m
TIME	37.189
SIM_START	senario_3	2021-12-28 15:51:26
TIME	0.000
SIMULATE	senario_3

TIME	16.745
SIM_END		senario_3	16.74s	419.155m
TIME	22.535
SIM_START	senario_3	2021-12-28 15:52:44
TIME	0.000
SIMULATE	senario_3

TIME	31.228
SIM_END		senario_3	31.224s	821.03m
TIME	94.260
SIM_START	senario_3	2021-12-28 16:03:49
TIME	0.000
SIMULATE	senario_3

TIME	24.071
SIM_END		senario_3	24.067s	456.574m
SIM_START	senario_3	2021-12-28 16:04:16
TIME	0.000
SIMULATE	senario_3

TIME	22.081
SIM_END		senario_3	22.077s	401.338m
TIME	24.559
SIM_START	senario_3	2021-12-28 16:05:05
TIME	0.000
SIMULATE	senario_3

TIME	36.380
SIM_END		senario_3	36.376s	797.646m
TIME	49.333
SIM_START	senario_3	2021-12-28 16:07:53
TIME	0.000
SIMULATE	senario_3

TIME	23.476
SIM_END		senario_3	23.472s	440.041m
TIME	226.946
SIM_START	senario_3	2021-12-28 16:42:13
TIME	0.000
SIMULATE	senario_3

TIME	21.298
SIM_END		senario_3	21.294s	380.69m
SIM_START	senario_3	2021-12-28 16:42:54
TIME	0.000
SIMULATE	senario_3

TIME	26.490
SIM_END		senario_3	26.486s	538.274m
TIME	92.029
SIM_START	senario_3	2021-12-28 16:54:18
TIME	0.000
SIMULATE	senario_3

TIME	30.003
SIM_END		senario_3	30s	139.703m
TIME	35.514
SIM_START	senario_3	2021-12-28 16:55:45
TIME	0.000
SIMULATE	senario_3

TIME	26.223
SIM_END		senario_3	26.22s	139.703m
TIME	77.932
SHUTDOWN	CarMaker quick shutdown initiated

