APPLICATION	CarMaker 10.2 - Car_Generic #1010 (win64-10.2)
COMPILED	fh@obelix.ipg 2021-10-26 11:17:58
 
FIRST_INIT	(internal default used)	2022-01-10 16:29:04
TIME	0.000
SIM_END			0s	0m
IDLE	16:29:04
SIM_START	unknown	2022-01-10 16:29:06
TIME	0.000
SIMULATE	unknown

TIME	37.655
SIM_END		unknown	37.651s	347.904m
SIM_START	unknown	2022-01-10 16:30:03
TIME	0.000
SIMULATE	unknown

TIME	16.653
SIM_END		unknown	16.649s	130.631m
TIME	25.447
SIM_START	unknown	2022-01-10 16:31:50
TIME	0.000
SIMULATE	unknown

TIME	37.654
SIM_END		unknown	37.651s	347.904m
TIME	44.841
		Connection to GUI lost, initiate shutdown
SHUTDOWN	Automatic CarMaker shutdown initiated

