APPLICATION	CarMaker 10.2 - Car_Generic #1010 (win64-10.2)
COMPILED	fh@obelix.ipg 2021-10-26 11:17:58
 
FIRST_INIT	(internal default used)	2022-01-06 20:56:49
TIME	0.000
SIM_END			0s	0m
IDLE	20:56:49
SIM_START	scenario12	2022-01-06 20:56:50
TIME	0.000
SIMULATE	scenario12

TIME	15.323
SIM_END		scenario12	15.32s	256.07m
SIM_START	scenario12	2022-01-06 20:57:20
TIME	0.000
SIMULATE	scenario12

TIME	15.465
SIM_END		scenario12	15.462s	258.368m
SIM_START	scenario12	2022-01-06 20:57:52
TIME	0.000
SIMULATE	scenario12

TIME	15.479
SIM_END		scenario12	15.475s	258.579m
SIM_START	scenario12	2022-01-06 20:58:23
TIME	0.000
SIMULATE	scenario12

TIME	15.478
SIM_END		scenario12	15.475s	258.579m
TIME	0.001
SIM_START	scenario12	2022-01-06 20:58:41
TIME	0.000
SIMULATE	scenario12

TIME	15.478
SIM_END		scenario12	15.475s	258.579m
TIME	17.724
SIM_START	scenario12	2022-01-06 20:59:08
TIME	0.000
SIMULATE	scenario12

TIME	15.478
SIM_END		scenario12	15.475s	258.579m
TIME	0.001
SIM_START	scenario12	2022-01-06 21:04:07
TIME	0.000
SIMULATE	scenario12

TIME	15.191
SIM_END		scenario12	15.188s	217.268m
TIME	18.279
SIM_START	scenario12	2022-01-06 21:04:55
TIME	0.000
SIMULATE	scenario12

TIME	15.249
SIM_END		scenario12	15.246s	216.046m
TIME	20.782
SIM_START	scenario12	2022-01-06 21:06:07
TIME	0.000
SIMULATE	scenario12

TIME	15.249
SIM_END		scenario12	15.246s	216.046m
SIM_START	scenario12	2022-01-06 21:06:27
TIME	0.000
SIMULATE	scenario12

TIME	16.504
SIM_END		scenario12	16.501s	271.146m
SIM_START	scenario12	2022-01-06 21:06:55
TIME	0.000
SIMULATE	scenario12

TIME	15.550
SIM_END		scenario12	15.547s	257.042m
TIME	20.336
SIM_START	scenario12	2022-01-06 21:07:49
TIME	0.000
SIMULATE	scenario12

TIME	15.550
SIM_END		scenario12	15.547s	257.042m
TIME	29.089
SIM_START	scenario12	2022-01-06 21:10:09
TIME	0.000
SIMULATE	scenario12

TIME	15.234
SIM_END		scenario12	15.23s	251.848m
SIM_START	scenario12	2022-01-06 21:10:20
TIME	0.000
SIMULATE	scenario12

TIME	15.233
SIM_END		scenario12	15.23s	251.848m
SIM_START	scenario12	2022-01-06 21:10:44
TIME	0.000
SIMULATE	scenario12

TIME	15.233
SIM_END		scenario12	15.229s	251.832m
SIM_START	scenario12	2022-01-06 21:10:59
TIME	0.000
SIMULATE	scenario12

TIME	15.232
SIM_END		scenario12	15.229s	251.832m
TIME	21.389
SIM_START	scenario12	2022-01-06 21:12:07
TIME	0.000
SIMULATE	scenario12

TIME	15.233
SIM_END		scenario12	15.229s	251.876m
TIME	21.027
SIM_START	scenario12	2022-01-06 21:13:12
TIME	0.000
SIMULATE	scenario12

TIME	16.649
SIM_END		scenario12	16.646s	275.194m
SIM_START	scenario12	2022-01-06 21:13:34
TIME	0.000
SIMULATE	scenario12

TIME	14.652
SIM_END		scenario12	14.648s	242.353m
TIME	23.977
SHUTDOWN	CarMaker quick shutdown initiated

