APPLICATION	CarMaker 10.2 - Car_Generic #1010 (win64-10.2)
COMPILED	fh@obelix.ipg 2021-10-26 11:17:58
 
FIRST_INIT	(internal default used)	2022-01-21 12:52:30
TIME	0.000
SIM_END			0s	0m
IDLE	12:52:31
SIM_START	Hill brake	2022-01-21 12:52:32
TIME	0.000
SIMULATE	Hill brake

TIME	84.516
SIM_END		Hill brake	84.513s	247.31m
TIME	121.656
SIM_START	Hill brake_1	2022-01-21 13:00:13
TIME	0.000
SIMULATE	Hill brake_1

TIME	85.202
SIM_END		Hill brake_1	85.198s	139.72m
TIME	88.000
SIM_START	Hill brake_1	2022-01-21 13:02:09
TIME	0.000
SIMULATE	Hill brake_1

TIME	21.971
WARNING		IPGDriver: Problems for driver: I'm stopping my activities (time = 21.970000, ErrInd = 102). (id=200)
TIME	24.294
ERROR		Vehicle leaves road at about x=0.0402233, y=-9.33524 TireNo=2
ERROR		Vehicle leaves road at about x=0.0402613, y=-10.9748 TireNo=3
SIM_ABORT	Hill brake_1	24.294s	76.8984m
TIME	33.613
SIM_START	Hill brake_1	2022-01-21 13:04:09
TIME	0.000
SIMULATE	Hill brake_1

TIME	30.004
SIM_END		Hill brake_1	30s	50.1248m
TIME	34.953
SIM_START	Hill brake_1	2022-01-21 13:05:32
TIME	0.000
SIMULATE	Hill brake_1

TIME	30.003
SIM_END		Hill brake_1	30s	44.529m
TIME	45.210
SIM_START	Hill brake_1	2022-01-21 13:08:37
TIME	0.000
SIMULATE	Hill brake_1

TIME	30.003
SIM_END		Hill brake_1	30s	46.385m
TIME	37.032
SIM_START	Hill brake_1	2022-01-21 13:10:20
TIME	0.000
SIMULATE	Hill brake_1

TIME	30.003
SIM_END		Hill brake_1	30s	55.5098m
TIME	37.398
SIM_START	Hill brake_1	2022-01-21 13:12:07
TIME	0.000
SIMULATE	Hill brake_1

TIME	60.003
SIM_END		Hill brake_1	60s	73.043m
TIME	68.322
SIM_START	Hill brake_1	2022-01-21 13:14:33
TIME	0.000
SIMULATE	Hill brake_1

TIME	60.003
SIM_END		Hill brake_1	60s	47.4091m
TIME	65.751
SIM_START	Hill brake_1	2022-01-21 13:16:34
TIME	0.000
SIMULATE	Hill brake_1

TIME	60.003
SIM_END		Hill brake_1	60s	47.1329m
TIME	70.545
SIM_START	Hill brake_1	2022-01-21 13:19:22
TIME	0.000
SIMULATE	Hill brake_1

TIME	60.003
SIM_END		Hill brake_1	60s	149.913m
TIME	67.317
SIM_START	Hill brake_1	2022-01-21 13:21:38
TIME	0.000
SIMULATE	Hill brake_1

TIME	60.003
SIM_END		Hill brake_1	60s	134.889m
TIME	85.607
SIM_START	Hill brake_1	2022-01-21 13:26:57
TIME	0.000
SIMULATE	Hill brake_1

TIME	60.004
SIM_END		Hill brake_1	60s	134.889m
TIME	63.387
SIM_START	Hill brake_1	2022-01-21 13:28:34
TIME	0.000
SIMULATE	Hill brake_1

TIME	22.988
SIM_END		Hill brake_1	22.983s	19.7278m
TIME	25.870
SIM_START	Hill brake_1	2022-01-21 13:29:29
TIME	0.000
SIMULATE	Hill brake_1

TIME	60.004
SIM_END		Hill brake_1	60s	134.889m
TIME	65.089
SIM_START	Hill brake_1	2022-01-21 13:31:23
TIME	0.000
SIMULATE	Hill brake_1

TIME	60.003
SIM_END		Hill brake_1	60s	134.889m
TIME	87.238
SIM_START	Hill brake_1	2022-01-21 13:36:59
TIME	0.000
SIMULATE	Hill brake_1

TIME	16.980
SIM_END		Hill brake_1	16.976s	2.67208m
SIM_START	Hill brake_1	2022-01-21 13:37:33
TIME	0.000
SIMULATE	Hill brake_1

TIME	60.004
SIM_END		Hill brake_1	60s	134.889m
TIME	63.139
SIM_START	Hill brake_1	2022-01-21 13:39:08
TIME	0.000
SIMULATE	Hill brake_1

TIME	60.003
SIM_END		Hill brake_1	60s	134.918m
TIME	108.335
SIM_START	Hill brake_1	2022-01-21 13:48:14
TIME	0.000
SIMULATE	Hill brake_1

TIME	60.003
SIM_END		Hill brake_1	60s	134.889m
TIME	74.680
SHUTDOWN	CarMaker quick shutdown initiated

