APPLICATION	CarMaker 10.2 - Car_Generic #1010 (win64-10.2)
COMPILED	fh@obelix.ipg 2021-10-26 11:17:58
 
FIRST_INIT	(internal default used)	2022-01-21 13:59:13
TIME	0.000
SIM_END			0s	0m
IDLE	13:59:14
SIM_START	Hill brake_1	2022-01-21 13:59:16
TIME	0.000
SIMULATE	Hill brake_1

TIME	60.003
SIM_END		Hill brake_1	60s	134.889m
TIME	93.397
SIM_START	Hill brake_1	2022-01-21 14:05:52
TIME	0.000
SIMULATE	Hill brake_1

TIME	60.003
SIM_END		Hill brake_1	60s	136.85m
TIME	65.649
SIM_START	Hill brake_1	2022-01-21 14:07:50
TIME	0.000
SIMULATE	Hill brake_1

TIME	60.003
SIM_END		Hill brake_1	60s	138.091m
