APPLICATION	CarMaker 10.2 - Car_Generic #1010 (win64-10.2)
COMPILED	fh@obelix.ipg 2021-10-26 11:17:58
 
FIRST_INIT	(internal default used)	2022-01-22 12:05:58
TIME	0.000
SIM_END			0s	0m
IDLE	12:05:59
SIM_START	scenario12	2022-01-22 12:06:00
TIME	0.000
SIMULATE	scenario12

TIME	16.903
SIM_END		scenario12	16.9s	191.266m
TIME	22.761
SIM_START	scenario12	2022-01-22 12:07:22
TIME	0.000
SIMULATE	scenario12

TIME	16.903
SIM_END		scenario12	16.9s	191.266m
SIM_START	scenario12	2022-01-22 12:07:59
TIME	0.000
SIMULATE	scenario12

TIME	16.903
SIM_END		scenario12	16.9s	190.279m
SIM_START	scenario12	2022-01-22 12:08:25
TIME	0.000
SIMULATE	scenario12

TIME	16.903
SIM_END		scenario12	16.9s	187.168m
SIM_START	scenario12	2022-01-22 12:08:54
TIME	0.000
SIMULATE	scenario12

TIME	16.504
SIM_END		scenario12	16.5s	182.893m
TIME	22.738
SIM_START	scenario12	2022-01-22 12:10:15
TIME	0.000
SIMULATE	scenario12

TIME	16.753
SIM_END		scenario12	16.75s	187.419m
SIM_START	scenario12	2022-01-22 12:10:51
TIME	0.000
SIMULATE	scenario12

TIME	16.753
SIM_END		scenario12	16.75s	187.419m
SIM_START	scenario12	2022-01-22 12:11:15
TIME	0.000
SIMULATE	scenario12

TIME	16.504
SIM_END		scenario12	16.5s	182.893m
SIM_START	scenario12	2022-01-22 12:11:39
TIME	0.000
SIMULATE	scenario12

TIME	13.916
SIM_END		scenario12	13.912s	185.59m
SIM_START	scenario12	2022-01-22 12:11:58
TIME	0.000
SIMULATE	scenario12

TIME	16.653
SIM_END		scenario12	16.65s	186.628m
SIM_START	scenario12	2022-01-22 12:12:25
TIME	0.000
SIMULATE	scenario12

TIME	16.704
SIM_END		scenario12	16.7s	187.526m
TIME	18.909
SHUTDOWN	CarMaker quick shutdown initiated

