APPLICATION	CarMaker 10.2 - Car_Generic #1010 (win64-10.2)
COMPILED	fh@obelix.ipg 2021-10-26 11:17:58
 
FIRST_INIT	(internal default used)	2022-01-21 17:29:09
TIME	0.000
SIM_END			0s	0m
IDLE	17:29:09
SIM_START	scenario12	2022-01-21 17:29:16
TIME	0.000
SIMULATE	scenario12

TIME	16.903
SIM_END		scenario12	16.9s	191.266m
TIME	37.059
SIM_START	scenario12	2022-01-21 17:32:59
TIME	0.000
SIMULATE	scenario12

TIME	16.903
SIM_END		scenario12	16.9s	191.266m
TIME	21.249
SIM_START	scenario12	2022-01-21 17:34:01
TIME	0.000
SIMULATE	scenario12

TIME	16.903
SIM_END		scenario12	16.9s	191.266m
TIME	20.661
SIM_START	scenario12	2022-01-21 17:34:57
TIME	0.000
SIMULATE	scenario12

TIME	16.903
SIM_END		scenario12	16.9s	191.266m
TIME	19.785
SIM_START	scenario12	2022-01-21 17:35:44
TIME	0.000
SIMULATE	scenario12

TIME	16.904
SIM_END		scenario12	16.9s	191.266m
TIME	21.674
SHUTDOWN	CarMaker quick shutdown initiated

