APPLICATION	CarMaker 10.2 - Car_Generic #1010 (win64-10.2)
COMPILED	fh@obelix.ipg 2021-10-26 11:17:58
 
FIRST_INIT	(internal default used)	2022-01-22 13:56:39
TIME	0.000
SIM_END			0s	0m
IDLE	13:56:39
SIM_START	scenario12	2022-01-22 13:56:41
TIME	0.000
SIMULATE	scenario12

TIME	16.904
SIM_END		scenario12	16.9s	188.39m
SIM_START	scenario12	2022-01-22 13:57:11
TIME	0.000
SIMULATE	scenario12

TIME	16.903
SIM_END		scenario12	16.9s	188.39m
SIM_START	scenario12	2022-01-22 13:57:49
TIME	0.000
SIMULATE	scenario12

TIME	16.904
SIM_END		scenario12	16.9s	188.39m
TIME	0.001
TIME	21.073
SIM_START	scenario12	2022-01-22 13:58:49
TIME	0.000
SIMULATE	scenario12

TIME	16.903
SIM_END		scenario12	16.9s	188.39m
TIME	74.107
SIM_START	scenario12	2022-01-22 14:08:40
TIME	0.000
SIMULATE	scenario12

TIME	16.903
SIM_END		scenario12	16.9s	188.39m
TIME	21.832
SIM_START	scenario12	2022-01-22 14:09:49
TIME	0.000
SIMULATE	scenario12

TIME	16.903
SIM_END		scenario12	16.9s	188.39m
TIME	26.906
SIM_START	scenario12	2022-01-22 14:11:48
TIME	0.000
SIMULATE	scenario12

TIME	17.903
SIM_END		scenario12	17.9s	206.338m
TIME	24.557
SIM_START	scenario12	2022-01-22 14:13:15
TIME	0.000
SIMULATE	scenario12

TIME	17.903
SIM_END		scenario12	17.9s	206.338m
TIME	21.170
SIM_START	scenario12	2022-01-22 14:14:07
TIME	0.000
SIMULATE	scenario12

TIME	17.904
SIM_END		scenario12	17.9s	206.338m
TIME	19.999
SIM_START	scenario12	2022-01-22 14:14:48
TIME	0.000
SIMULATE	scenario12

TIME	17.904
SIM_END		scenario12	17.9s	206.338m
SIM_START	scenario12	2022-01-22 14:15:27
TIME	0.000
SIMULATE	scenario12

TIME	17.903
SIM_END		scenario12	17.9s	206.338m
TIME	0.001
TIME	22.881
SIM_START	scenario12	2022-01-22 14:16:36
TIME	0.000
SIMULATE	scenario12

TIME	17.903
SIM_END		scenario12	17.9s	206.338m
SIM_START	scenario12	2022-01-22 14:17:11
TIME	0.000
SIMULATE	scenario12

TIME	15.904
SIM_END		scenario12	15.9s	206.337m
SIM_START	scenario12	2022-01-22 14:17:44
TIME	0.000
SIMULATE	scenario12

TIME	15.804
SIM_END		scenario12	15.8s	204.791m
TIME	0.001
TIME	18.803
SIM_START	scenario12	2022-01-22 14:18:32
TIME	0.000
SIMULATE	scenario12

TIME	15.803
SIM_END		scenario12	15.8s	204.791m
TIME	18.724
SIM_START	scenario12	2022-01-22 14:19:18
TIME	0.000
SIMULATE	scenario12

TIME	15.803
SIM_END		scenario12	15.8s	204.791m
SIM_START	scenario12	2022-01-22 14:19:46
TIME	0.000
SIMULATE	scenario12

TIME	15.804
SIM_END		scenario12	15.8s	207.263m
TIME	17.890
SIM_START	scenario12	2022-01-22 14:20:24
TIME	0.000
SIMULATE	scenario12

TIME	13.804
SIM_END		scenario12	13.8s	207.263m
TIME	17.096
SIM_START	scenario12	2022-01-22 14:21:12
TIME	0.000
SIMULATE	scenario12

TIME	13.804
SIM_END		scenario12	13.8s	204.79m
TIME	16.251
SIM_START	scenario12	2022-01-22 14:21:52
TIME	0.000
SIMULATE	scenario12

TIME	13.803
SIM_END		scenario12	13.8s	204.79m
TIME	0.001
TIME	27.161
SIM_START	scenario12	2022-01-22 14:24:21
TIME	0.000
SIMULATE	scenario12

TIME	11.803
SIM_END		scenario12	11.8s	203.912m
TIME	17.500
SIM_START	scenario12	2022-01-22 14:25:32
TIME	0.000
SIMULATE	scenario12

TIME	11.803
SIM_END		scenario12	11.8s	203.912m
TIME	15.402
SIM_START	scenario12	2022-01-22 14:26:21
TIME	0.000
SIMULATE	scenario12

TIME	11.803
SIM_END		scenario12	11.8s	203.912m
SIM_START	scenario12	2022-01-22 14:26:46
TIME	0.000
SIMULATE	scenario12

TIME	11.404
SIM_END		scenario12	11.4s	196.728m
SIM_START	scenario12	2022-01-22 14:27:12
TIME	0.000
SIMULATE	scenario12

TIME	13.204
SIM_END		scenario12	13.2s	194.027m
SIM_START	scenario12	2022-01-22 14:27:44
TIME	0.000
SIMULATE	scenario12

TIME	13.403
SIM_END		scenario12	13.4s	197.55m
TIME	15.967
SIM_START	scenario12	2022-01-22 14:28:26
TIME	0.000
SIMULATE	scenario12

TIME	13.403
SIM_END		scenario12	13.4s	199.817m
TIME	15.937
SIM_START	scenario12	2022-01-22 14:29:06
TIME	0.000
SIMULATE	scenario12

TIME	11.403
SIM_END		scenario12	11.4s	198.269m
SIM_START	scenario12	2022-01-22 14:29:34
TIME	0.000
SIMULATE	scenario12

TIME	12.003
SIM_END		scenario12	12s	209.047m
SIM_START	scenario12	2022-01-22 14:30:05
TIME	0.000
SIMULATE	scenario12

TIME	12.003
SIM_END		scenario12	12s	209.047m
SIM_START	scenario12	2022-01-22 14:30:34
TIME	0.000
SIMULATE	scenario12

TIME	12.003
SIM_END		scenario12	12s	209.047m
SIM_START	scenario12	2022-01-22 14:30:58
TIME	0.000
SIMULATE	scenario12

TIME	11.903
SIM_END		scenario12	11.9s	207.256m
TIME	15.466
SIM_START	scenario12	2022-01-22 14:31:47
TIME	0.000
SIMULATE	scenario12

TIME	11.903
SIM_END		scenario12	11.9s	207.256m
SIM_START	scenario12	2022-01-22 14:32:11
TIME	0.000
SIMULATE	scenario12

TIME	11.099
SIM_END		scenario12	11.096s	199.212m
TIME	15.475
SIM_START	scenario12	2022-01-22 14:33:07
TIME	0.000
SIMULATE	scenario12

TIME	11.031
SIM_END		scenario12	11.028s	198.476m
SIM_START	scenario12	2022-01-22 14:33:29
TIME	0.000
SIMULATE	scenario12

TIME	11.213
SIM_END		scenario12	11.209s	200.206m
SHUTDOWN	CarMaker quick shutdown initiated

