APPLICATION	CarMaker 10.2 - Car_Generic #1010 (win64-10.2)
COMPILED	fh@obelix.ipg 2021-10-26 11:17:58
 
FIRST_INIT	(internal default used)	2022-01-06 20:53:40
TIME	0.000
SIM_END			0s	0m
IDLE	20:53:40
SIM_START	scenario12	2022-01-06 20:53:42
TIME	0.000
SIMULATE	scenario12

TIME	16.903
SIM_END		scenario12	16.9s	191.266m
SIM_START	scenario12	2022-01-06 20:54:09
TIME	0.028
WARNING		Cannot start simulation, must be in state 'Idle' (currently 'StartWait')
WARNING		Cannot start simulation, must be in state 'Idle' (currently 'StartWaitAnim')
TIME	0.000
SIMULATE	scenario12

TIME	16.903
SIM_END		scenario12	16.9s	191.266m
TIME	22.184
SIM_START	scenario12	2022-01-06 20:55:20
TIME	0.000
SIMULATE	scenario12

TIME	16.903
SIM_END		scenario12	16.9s	191.266m
TIME	19.962
SHUTDOWN	CarMaker quick shutdown initiated

