

SYSTEM_START	-	LAPTOP-S619FPN7	LAPTOP-S619FPN7	2022-01-10 23:36:48


SYSTEM_INFO	CarMaker 10.2 - Car_Generic #1010	fh@obelix.ipg 2021-10-26 11:17:58	(10.2 fh@obelix.ipg 2021-10-26 11:17:53)
SIM	1641838008	LAPTOP-S619FPN7			0	0	0
SIM	1641838011	LAPTOP-S619FPN7	shailesh_suthar	unknown	0	30.998	534.011
SIM	1641838115	LAPTOP-S619FPN7	shailesh_suthar	unknown	0	31.615	534.015
SIM	1641838206	LAPTOP-S619FPN7	shailesh_suthar	unknown	0	38.623	534.012
SIM	1641838238	LAPTOP-S619FPN7	shailesh_suthar	unknown	0	31.016	534.013
SIM	1641838318	LAPTOP-S619FPN7	shailesh_suthar	unknown	0	46.871	534.051
SIM	1641838451	LAPTOP-S619FPN7	shailesh_suthar	unknown	0	46.871	534.051
SIM	1641838877	LAPTOP-S619FPN7	shailesh_suthar	unknown	0	34.49	284.807
SIM	1641839044	LAPTOP-S619FPN7	shailesh_suthar	unknown	0	50	247.6


SYSTEM_START	-	LAPTOP-S619FPN7	LAPTOP-S619FPN7	2022-01-14 17:38:32


SYSTEM_INFO	CarMaker 10.2 - Car_Generic #1010	fh@obelix.ipg 2021-10-26 11:17:58	(10.2 fh@obelix.ipg 2021-10-26 11:17:53)
SIM	1642162112	LAPTOP-S619FPN7			0	0	0
SIM	1642162116	LAPTOP-S619FPN7	shailesh_suthar	school_area	0	50	247.6
SIM	1642162191	LAPTOP-S619FPN7	shailesh_suthar	school_area	0	60	309.848
SIM	1642162662	LAPTOP-S619FPN7	shailesh_suthar	school_area	0	36.789	247.574
SIM	1642162697	LAPTOP-S619FPN7	shailesh_suthar	school_area	0	59.677	303.969
SIM	1642162808	LAPTOP-S619FPN7	shailesh_suthar	school_area	0	60	309.848
SIM	1642164554	LAPTOP-S619FPN7	shailesh_suthar	school_area	0	60	309.848
SIM	1642166652	LAPTOP-S619FPN7	shailesh_suthar	school_area	0	60	309.848
SIM	1642166715	LAPTOP-S619FPN7	shailesh_suthar	school_area	0	60	309.848
SIM	1642166801	LAPTOP-S619FPN7	shailesh_suthar	school_area	0	60	309.848
SIM	1642166952	LAPTOP-S619FPN7	shailesh_suthar	school_area	0	60	309.848
SIM	1642167084	LAPTOP-S619FPN7	shailesh_suthar	school_area	0	70	507.774
SIM	1642167174	LAPTOP-S619FPN7	shailesh_suthar	school_area	0	31.075	247.572
SIM	1642167392	LAPTOP-S619FPN7	shailesh_suthar	school_area	0	57.06	266.312
SIM	1642167550	LAPTOP-S619FPN7	shailesh_suthar	school_area	0	33.071	247.573
SIM	1642167583	LAPTOP-S619FPN7	shailesh_suthar	school_area	0	70	507.774
SIM	1642167666	LAPTOP-S619FPN7	shailesh_suthar	school_area	0	63.894	396.15


SYSTEM_START	-	LAPTOP-S619FPN7	LAPTOP-S619FPN7	2022-01-17 19:38:27


SYSTEM_INFO	CarMaker 10.2 - Car_Generic #1010	fh@obelix.ipg 2021-10-26 11:17:58	(10.2 fh@obelix.ipg 2021-10-26 11:17:53)
SIM	1642428507	LAPTOP-S619FPN7			0	0	0
SIM	1642428511	LAPTOP-S619FPN7	shailesh_suthar	school_area	0	100.575	534.062
SIM	1642428597	LAPTOP-S619FPN7	shailesh_suthar	school_area	0	85.139	534.052
SIM	1642428730	LAPTOP-S619FPN7	shailesh_suthar	school_area	0	85.139	534.052
SIM	1642429096	LAPTOP-S619FPN7	shailesh_suthar	school_area	0	78.159	534.058
