

SYSTEM_START	-	LAPTOP-SVB8HAQT	LAPTOP-SVB8HAQT	2022-01-10 16:29:04


SYSTEM_INFO	CarMaker 10.2 - Car_Generic #1010	fh@obelix.ipg 2021-10-26 11:17:58	(10.2 fh@obelix.ipg 2021-10-26 11:17:53)
SIM	1641812344	LAPTOP-SVB8HAQT			0	0	0
SIM	1641812346	LAPTOP-SVB8HAQT	NITIN_SHARMA	unknown	0	37.651	347.904
SIM	1641812403	LAPTOP-SVB8HAQT	NITIN_SHARMA	unknown	0	16.649	130.631
SIM	1641812510	LAPTOP-SVB8HAQT	NITIN_SHARMA	unknown	0	37.651	347.904


SYSTEM_START	-	LAPTOP-SVB8HAQT	LAPTOP-SVB8HAQT	2022-01-10 17:52:24


SYSTEM_INFO	CarMaker 10.2 - Car_Generic #1010	fh@obelix.ipg 2021-10-26 11:17:58	(10.2 fh@obelix.ipg 2021-10-26 11:17:53)
SIM	1641817344	LAPTOP-SVB8HAQT			0	0	0
SIM	1641817346	LAPTOP-SVB8HAQT	NITIN_SHARMA	unknown	0	57.016	744.37
SIM	1641817486	LAPTOP-SVB8HAQT	NITIN_SHARMA	unknown	0	54.666	744.541
SIM	1641817663	LAPTOP-SVB8HAQT	NITIN_SHARMA	unknown	0	61.644	744.704
SIM	1641817744	LAPTOP-SVB8HAQT	NITIN_SHARMA	unknown	0	65.077	744.69
SIM	1641817915	LAPTOP-SVB8HAQT	NITIN_SHARMA	unknown	0	65.107	744.674
SIM	1641818081	LAPTOP-SVB8HAQT	NITIN_SHARMA	unknown	0	67.288	745.533
SIM	1641818254	LAPTOP-SVB8HAQT	NITIN_SHARMA	unknown	0	90	990.332
SIM	1641818367	LAPTOP-SVB8HAQT	NITIN_SHARMA	unknown	0	43.55	383.818
SIM	1641819291	LAPTOP-SVB8HAQT	NITIN_SHARMA	unknown	0	90	990.332


SYSTEM_START	-	LAPTOP-SVB8HAQT	LAPTOP-SVB8HAQT	2022-01-10 22:28:54


SYSTEM_INFO	CarMaker 10.2 - Car_Generic #1010	fh@obelix.ipg 2021-10-26 11:17:58	(10.2 fh@obelix.ipg 2021-10-26 11:17:53)
SIM	1641833934	LAPTOP-SVB8HAQT			0	0	0
SIM	1641833937	LAPTOP-SVB8HAQT	NITIN_SHARMA	Water	0	107.099	1184.22


SYSTEM_START	-	LAPTOP-SVB8HAQT	LAPTOP-SVB8HAQT	2022-01-11 19:22:23


SYSTEM_INFO	CarMaker 10.2 - Car_Generic #1010	fh@obelix.ipg 2021-10-26 11:17:58	(10.2 fh@obelix.ipg 2021-10-26 11:17:53)
SIM	1641909144	LAPTOP-SVB8HAQT			0	0	0
SIM	1641909146	LAPTOP-SVB8HAQT	NITIN_SHARMA	Water	0	107.099	1184.22


SYSTEM_START	-	LAPTOP-SVB8HAQT	LAPTOP-SVB8HAQT	2022-01-11 21:14:50


SYSTEM_INFO	CarMaker 10.2 - Car_Generic #1010	fh@obelix.ipg 2021-10-26 11:17:58	(10.2 fh@obelix.ipg 2021-10-26 11:17:53)
SIM	1641915890	LAPTOP-SVB8HAQT			0	0	0
SIM	1641915892	LAPTOP-SVB8HAQT	NITIN_SHARMA	Water	0	107.099	1184.22


SYSTEM_START	-	LAPTOP-SVB8HAQT	LAPTOP-SVB8HAQT	2022-01-11 21:29:34


SYSTEM_INFO	CarMaker 10.2 - Car_Generic #1010	fh@obelix.ipg 2021-10-26 11:17:58	(10.2 fh@obelix.ipg 2021-10-26 11:17:53)
SIM	1641916774	LAPTOP-SVB8HAQT			0	0	0
SIM	1641916776	LAPTOP-SVB8HAQT	NITIN_SHARMA	Water	0	97.854	1068.73


SYSTEM_START	-	LAPTOP-SVB8HAQT	LAPTOP-SVB8HAQT	2022-01-12 10:26:28


SYSTEM_INFO	CarMaker 10.2 - Car_Generic #1010	fh@obelix.ipg 2021-10-26 11:17:58	(10.2 fh@obelix.ipg 2021-10-26 11:17:53)
SIM	1641963388	LAPTOP-SVB8HAQT			0	0	0
SIM	1641963391	LAPTOP-SVB8HAQT	NITIN_SHARMA	Water	0	138.85	1184.17
